9.35,6.63,69.75,10,168603,1,1
9.34,6.57,69.77,26,168626,1,1
9.34,6.56,69.79,43,168642,1,1
9.35,6.55,69.80,59,168658,1,1
9.35,6.56,69.81,75,168675,1,1
9.37,6.59,69.79,104,168691,1,1
9.36,6.58,69.78,139,168708,1,1
9.35,6.56,69.77,172,168724,1,1
9.32,6.57,69.77,204,168740,1,1
9.30,6.62,69.76,237,168757,1,1
9.30,6.67,69.77,272,168773,1,1
9.28,6.67,69.76,305,168790,1,1
9.28,6.69,69.80,337,168824,1,1
9.36,6.70,69.82,370,168867,1,1
9.36,6.67,69.85,405,168890,1,1
9.33,6.67,69.82,438,168933,1,1
9.29,6.68,69.81,471,168955,1,1
9.32,6.68,69.80,503,168988,1,0
9.34,6.72,69.82,538,169023,1,0
9.37,6.69,69.81,571,169056,0,0
9.37,6.71,69.79,604,169089,0,0
9.38,6.77,69.77,636,169123,0,0
9.37,6.71,69.77,671,169156,0,0
9.39,6.71,69.77,704,169189,0,0
9.39,6.70,69.74,737,169224,0,0
9.35,6.71,69.71,770,169256,0,0
9.32,6.73,69.71,804,169289,0,0
9.33,6.71,69.70,837,169324,0,0
9.32,6.76,69.71,870,169367,0,0
9.31,6.76,69.69,903,169390,0,0
9.30,6.71,69.72,937,169422,0,0
9.31,6.72,69.71,970,169457,0,0
9.30,6.71,69.73,1003,169490,0,0
9.30,6.73,69.74,1038,169523,0,0
9.29,6.71,69.75,1073,169558,1,0
9.32,6.68,69.75,1105,169590,1,0
9.31,6.72,69.74,1140,169623,1,0
9.34,6.67,69.75,1175,169658,1,0
9.32,6.62,69.79,1210,169693,1,0
9.33,6.70,69.77,1243,169725,1,0
9.30,6.66,69.77,1277,169760,1,0
9.32,6.67,69.78,1312,169795,1,0
9.33,6.69,69.80,1347,169830,1,0
9.31,6.67,69.82,1380,169865,1,0
9.35,6.70,69.82,1415,169897,1,0
9.35,6.63,69.81,1449,169932,1,0
9.37,6.56,69.81,1484,169967,1,0
9.38,6.57,69.79,1517,170002,1,0
9.39,6.57,69.77,1552,170037,1,0
9.36,6.59,69.78,1587,170080,0,0
9.31,6.58,69.76,1622,170123,0,0
9.31,6.57,69.76,1656,170139,0,0
9.28,6.59,69.76,1689,170174,0,0
9.26,6.57,69.75,1724,170209,0,0
9.24,6.52,69.75,1759,170244,0,0
9.27,6.51,69.75,1794,170276,0,0
9.29,6.52,69.75,1826,170311,0,0
9.33,6.57,69.77,1861,170346,0,0
9.36,6.60,69.78,1896,170381,0,0
9.34,6.55,69.78,1931,170416,0,0
9.33,6.57,69.78,1964,170448,0,0
9.34,6.58,69.79,1998,170483,0,0
9.34,6.55,69.81,2033,170518,0,0
9.36,6.55,69.85,2068,170553,0,0
9.34,6.57,69.84,2101,170590,1,0
9.35,6.55,69.86,2136,170620,1,0
9.36,6.60,69.83,2170,170655,1,0
9.34,6.58,69.83,2205,170690,1,0
9.33,6.62,69.83,2238,170725,1,0
9.31,6.63,69.80,2273,170760,1,0
9.33,6.66,69.80,2308,170792,1,0
9.33,6.63,69.78,2342,170827,1,0
9.34,6.67,69.80,2375,170862,1,0
9.33,6.70,69.75,2410,170897,1,0
9.33,6.71,69.77,2445,170932,1,0
9.33,6.73,69.78,2480,170964,1,0
9.32,6.77,69.81,2512,170999,1,0
9.31,6.78,69.80,2547,171034,1,0
9.29,6.83,69.83,2582,171069,1,0
9.29,6.85,69.84,2617,171102,0,0
9.29,6.88,69.84,2652,171137,0,0
9.35,6.92,69.85,2684,171173,0,0
9.36,7.01,69.87,2719,171206,0,0
9.37,7.11,69.88,2754,171241,0,0
9.39,7.16,69.86,2789,171274,0,0
9.37,7.17,69.85,2822,171311,0,0
9.37,7.13,69.88,2856,171343,0,0
9.36,7.11,69.86,2891,171378,0,0
9.34,7.08,69.90,2926,171413,0,0
9.33,7.04,69.90,2959,171446,0,0
9.34,7.06,69.93,2994,171483,0,0
9.34,7.06,69.92,3028,171515,0,0
9.35,7.04,69.92,3063,171550,0,0
9.34,7.08,69.93,3096,171583,0,0
9.35,7.10,69.90,3131,171620,1,0
9.34,7.09,69.89,3166,171655,1,0
9.35,7.10,69.89,3201,171687,1,0
9.33,7.08,69.87,3233,171722,1,0
9.33,7.08,69.89,3268,171757,1,0
9.33,7.10,69.91,3303,171792,1,0
9.29,7.10,69.93,3338,171825,1,0
9.29,7.11,69.93,3371,171859,1,0
9.28,7.15,69.94,3405,171894,1,0
9.27,7.13,69.93,3440,171929,1,0
9.31,7.13,69.94,3475,171964,1,0
9.30,7.12,69.96,3508,171997,1,1
9.28,7.09,69.97,3543,172032,1,1
9.30,7.12,69.96,3577,172066,1,1
9.28,7.04,69.99,3612,172103,1,1
9.31,7.08,69.99,3645,172136,0,1
9.31,7.04,69.99,3680,172169,0,1
9.30,7.02,69.99,3715,172204,0,1
9.32,6.99,69.97,3749,172238,0,1
9.32,6.97,69.97,3784,172273,0,1
9.33,6.98,69.95,3817,172308,0,1
9.34,6.92,69.96,3852,172341,0,1
9.35,6.94,69.92,3887,172376,0,1
9.35,6.90,69.89,3921,172410,0,1
9.35,6.88,69.91,3954,172445,0,1
9.35,6.87,69.89,3989,172478,0,1
9.32,6.87,69.87,4024,172513,0,1
9.31,6.83,69.85,4059,172550,0,1
9.29,6.88,69.86,4091,172582,0,1
9.27,6.85,69.85,4126,172617,0,1
9.30,6.82,69.87,4161,172650,1,1
9.28,6.79,69.90,4196,172687,1,1
9.30,6.86,69.89,4229,172720,1,1
9.27,6.86,69.90,4263,172754,1,1
9.28,6.82,69.91,4298,172787,1,1
9.29,6.85,69.91,4333,172824,1,1
9.27,6.76,69.92,4366,172859,1,1
9.28,6.72,69.90,4401,172892,1,1
9.29,6.72,69.88,4435,172929,1,1
9.28,6.71,69.88,4470,172961,1,1
9.31,6.73,69.90,4503,172996,1,1
9.32,6.76,69.91,4538,173029,1,1
9.31,6.72,69.91,4573,173064,1,1
9.34,6.74,69.88,4608,173099,1,1
9.36,6.74,69.88,4640,173133,1,1
9.33,6.70,69.86,4675,173168,0,1
9.32,6.70,69.86,4710,173201,0,1
9.32,6.67,69.87,4745,173236,0,1
9.32,6.68,69.81,4777,173271,0,1
9.32,6.69,69.80,4812,173305,0,1
9.32,6.67,69.79,4847,173338,0,1
9.31,6.65,69.80,4882,173373,0,1
9.32,6.63,69.77,4917,173410,0,1
9.34,6.59,69.79,4950,173443,0,1
9.30,6.37,69.83,4984,173477,0,1
9.34,6.10,69.88,5019,173510,0,1
9.31,5.73,69.89,5054,173545,0,1
9.30,5.00,69.89,5087,173582,0,1
9.32,3.92,69.86,5122,173615,0,1
9.39,2.64,69.77,5156,173649,0,1
9.38,1.31,69.69,5191,173682,1,1
9.38,-0.13,69.56,5224,173717,1,1
9.34,-1.27,69.41,5261,173752,1,1
9.37,-2.30,69.32,5296,173787,1,1
9.33,-3.07,69.07,5330,173821,1,1
9.29,-3.58,68.89,5365,173854,1,1
9.33,-3.88,68.72,5402,173889,1,1
9.40,-4.46,68.64,5437,173926,1,1
9.50,-5.04,68.56,5472,173963,1,1
9.60,-5.30,68.51,5507,173998,1,1
9.61,-5.46,68.43,5543,174032,1,1
9.60,-5.31,68.34,5578,174069,1,1
9.64,-5.14,68.26,5613,174104,1,1
9.64,-5.02,68.21,5650,174139,1,1
9.62,-4.87,68.14,5685,174174,1,1
9.66,-4.55,68.08,5720,174209,0,1
9.69,-4.33,68.03,5754,174245,0,1
9.67,-3.97,67.97,5791,174282,0,1
9.77,-3.78,67.92,5826,174317,0,1
9.73,-3.41,67.85,5861,174352,0,1
9.75,-3.32,67.90,5896,174387,0,1
9.79,-3.23,68.00,5933,174424,0,1
9.82,-3.18,68.00,5967,174458,0,1
9.76,-2.97,67.95,6002,174493,0,1
9.80,-2.77,67.95,6037,174528,0,1
9.80,-2.87,67.94,6074,174563,0,1
9.79,-2.84,67.92,6109,174600,0,1
9.81,-2.75,67.92,6144,174637,0,1
9.81,-2.68,67.87,6180,174671,0,1
9.82,-2.72,67.87,6215,174706,0,1
9.82,-2.49,67.80,6250,174741,1,1
9.81,-2.37,67.78,6285,174778,1,1
9.75,-2.18,67.79,6322,174813,1,1
9.73,-2.05,67.82,6356,174848,1,1
9.72,-2.11,67.81,6391,174882,1,1
9.71,-2.20,67.81,6426,174919,1,1
9.73,-2.50,67.88,6463,174954,1,1
9.73,-2.87,67.94,6498,174991,1,1
9.72,-3.77,68.00,6533,175026,1,0
9.57,-4.86,67.97,6567,175060,1,0
9.65,-6.05,67.89,6604,175095,1,0
10.78,-7.50,68.14,6639,175132,1,0
11.62,-8.11,68.86,6676,175167,1,0
11.01,-7.40,69.46,6713,175202,1,0
10.19,-5.89,69.56,6748,175239,1,0
9.56,-3.95,69.46,6785,175273,0,0
9.67,-1.09,69.19,6819,175310,0,0
9.84,1.16,68.90,6856,175347,0,0
9.92,3.03,68.71,6889,175382,0,0
10.03,5.11,68.61,6924,175419,0,0
9.76,7.19,68.60,6959,175456,0,0
9.76,9.38,68.71,6993,175491,0,0
10.39,12.48,68.68,7028,175525,0,0
10.74,14.79,68.93,7065,175558,0,0
10.54,18.32,69.45,7100,175595,0,0
10.38,21.61,70.03,7137,175628,0,0
9.95,24.93,70.92,7174,175663,0,0
10.20,29.20,71.56,7208,175699,0,0
10.45,33.48,72.01,7245,175736,0,0
9.09,37.68,73.63,7282,175773,0,0
7.62,40.92,74.78,7317,175808,1,0
6.40,43.48,75.49,7352,175845,1,0
5.60,45.67,76.19,7389,175882,1,0
6.04,46.41,76.21,7424,175919,1,0
6.51,45.82,76.45,7458,175953,1,0
7.08,44.84,76.48,7493,175988,1,0
7.38,43.70,76.49,7530,176023,1,0
8.04,42.76,76.22,7565,176060,1,0
8.79,40.69,76.11,7600,176095,1,0
9.86,38.47,75.79,7634,176130,1,0
10.75,35.03,75.63,7671,176166,1,0
10.62,31.54,75.80,7706,176201,1,0
10.33,27.40,75.86,7743,176238,1,0
10.53,26.17,75.20,7780,176273,1,0
11.33,22.78,73.97,7817,176316,0,0
11.77,22.06,73.30,7854,176345,0,0
12.06,21.21,73.07,7888,176381,0,0
12.59,19.42,72.99,7925,176416,0,0
12.61,18.00,72.94,7962,176453,0,0
12.57,15.12,72.76,7999,176490,0,0
12.79,13.70,72.58,8034,176527,0,0
12.72,11.40,72.82,8071,176564,0,0
11.98,11.21,73.20,8108,176601,0,0
11.36,10.14,73.09,8144,176635,0,0
10.75,8.95,72.42,8181,176672,0,0
11.26,8.26,72.34,8216,176709,0,0
12.11,9.71,72.29,8251,176746,0,0
12.42,10.96,72.75,8286,176781,0,0
13.14,12.73,73.69,8323,176818,1,0
12.88,13.72,74.14,8359,176855,1,0
13.23,14.16,73.72,8396,176889,1,0
12.25,14.05,73.82,8431,176924,1,0
9.45,13.69,74.87,8468,176961,1,0
7.58,11.79,75.69,8503,176998,1,0
6.75,9.55,75.77,8540,177035,1,0
5.66,7.69,75.13,8572,177072,1,0
4.47,6.30,73.87,8607,177108,1,0
3.61,4.79,72.30,8642,177143,1,0
7.07,2.64,69.96,8677,177221,1,0
7.91,2.51,70.08,8712,177242,1,0
8.26,2.64,70.31,8744,177258,1,0
8.04,3.62,70.94,8779,177281,1,0
6.32,4.23,71.40,8814,177317,0,0
5.24,5.86,71.43,8849,177350,0,0
3.27,7.22,71.80,8882,177385,0,0
1.15,6.61,71.50,8916,177418,0,0
1.87,6.67,70.36,8951,177453,0,0
4.52,6.85,69.35,8986,177489,0,0
6.84,7.85,68.55,9019,177522,0,0
8.87,8.49,67.96,9054,177557,0,0
10.55,7.47,67.71,9089,177592,0,0
11.44,6.54,68.50,9123,177625,0,0
11.56,5.39,69.97,9158,177661,0,0
11.47,4.54,71.21,9195,177694,0,0
11.43,4.97,71.82,9230,177729,0,0
10.11,4.44,71.86,9265,177764,0,0
8.95,4.08,71.84,9299,177799,0,0
8.99,4.70,70.67,9334,177836,1,0
11.47,4.80,68.92,9369,177870,1,0
12.57,6.11,69.13,9404,177907,1,0
13.61,7.25,68.92,9441,177942,1,0
14.27,6.49,69.51,9476,177975,1,0
12.74,7.68,70.84,9510,178010,1,0
10.52,8.03,71.55,9545,178046,1,1
8.45,8.47,71.79,9582,178081,1,1
7.08,8.49,71.91,9615,178116,1,1
6.07,6.67,71.74,9650,178153,1,1
5.20,5.36,70.80,9684,178188,1,1
5.44,4.88,69.36,9719,178223,1,1
6.46,3.88,68.08,9752,178257,1,1
7.44,2.61,67.67,9787,178292,1,1
8.77,2.58,67.64,9822,178327,1,1
9.38,3.21,68.27,9857,178360,0,1
7.93,5.20,69.83,9889,178395,0,1
6.72,5.57,70.93,9924,178429,0,1
5.69,6.05,72.16,9959,178464,0,1
4.15,7.61,72.36,9994,178499,0,1
3.19,7.98,71.90,10027,178532,0,1
5.25,7.63,71.53,10063,178567,0,1
7.38,7.93,71.26,10098,178601,0,1
9.09,9.32,70.69,10133,178636,0,1
10.61,8.90,70.25,10168,178671,0,1
11.35,7.18,70.55,10205,178706,0,1
11.37,6.19,71.34,10242,178741,0,1
10.96,5.05,72.02,10278,178776,0,1
11.41,5.41,71.97,10315,178810,0,1
10.47,5.12,71.68,10350,178847,0,1
9.54,4.48,71.42,10387,178884,1,1
9.84,5.71,70.16,10422,178921,1,1
11.80,5.88,68.38,10459,178958,1,1
12.46,6.94,68.04,10493,178995,1,1
13.30,9.05,67.86,10530,179030,1,1
14.04,9.11,68.13,10567,179066,1,1
13.62,9.87,68.80,10604,179103,1,1
11.22,9.16,69.39,10641,179138,1,1
8.26,9.28,70.09,10676,179175,1,1
6.89,8.99,70.53,10713,179212,1,1
6.44,6.83,70.60,10747,179249,1,1
5.71,5.24,70.24,10782,179286,1,1
5.76,4.18,69.40,10817,179320,1,1
7.24,3.59,68.20,10854,179357,1,1
8.26,2.55,68.37,10889,179392,0,1
9.29,2.39,69.21,10924,179427,0,1
9.33,3.90,70.69,10958,179462,0,1
6.62,4.94,73.24,10995,179505,0,1
5.96,5.25,73.85,11030,179533,0,1
4.96,6.45,74.36,11065,179568,0,1
3.43,7.66,73.93,11100,179603,0,1
3.07,8.68,73.21,11137,179640,0,1
5.27,7.89,72.57,11171,179675,0,1
7.51,8.11,71.82,11206,179712,0,1
9.83,9.34,70.86,11243,179746,0,1
11.84,8.44,70.42,11278,179783,0,1
12.25,6.84,71.15,11315,179818,0,1
11.87,5.78,72.24,11350,179853,0,1
11.86,5.40,72.75,11386,179888,0,1
10.57,5.17,72.88,11423,179922,1,1
10.21,2.93,72.18,11460,179959,1,1
9.01,3.75,71.44,11495,179996,1,1
9.80,4.74,70.43,11532,180033,1,1
13.09,7.73,69.17,11567,180111,1,1
13.57,8.14,68.53,11603,180127,1,1
13.95,7.06,68.04,11640,180144,1,1
14.08,6.99,68.44,11675,180178,1,1
11.20,6.73,69.86,11712,180213,1,1
7.58,8.85,70.69,11749,180293,1,1
6.88,8.50,70.71,11784,180310,1,1
6.18,7.85,70.69,11819,180326,1,1
4.87,6.68,70.10,11855,180359,1,1
5.41,4.53,68.28,11890,180396,1,1
6.73,3.36,66.31,11925,180430,0,1
8.60,2.59,65.15,11960,180465,0,1
9.44,1.06,65.63,11997,180502,0,1
9.86,1.44,66.55,12032,180539,0,1
9.40,2.68,67.33,12066,180574,0,1
7.06,4.05,67.73,12103,180609,0,1
5.67,5.04,69.46,12138,180643,0,1
3.81,4.28,71.29,12173,180680,0,1
1.33,4.21,71.53,12208,180715,0,1
2.85,3.76,70.68,12244,180750,0,1
5.08,4.90,70.21,12279,180785,0,1
7.48,6.93,69.38,12314,180819,0,1
10.34,7.95,68.51,12349,180856,0,1
11.35,5.77,72.46,12386,180936,0,1
9.72,4.13,73.99,12423,180967,1,1
9.08,3.32,74.29,12457,180983,1,1
8.63,2.73,74.28,12492,181000,1,1
7.34,2.37,73.59,12529,181035,1,1
6.45,2.55,72.17,12564,181071,1,0
7.53,4.06,70.55,12599,181106,1,0
9.81,4.52,68.98,12636,181141,1,0
10.56,5.17,68.99,12670,181178,1,0
11.33,6.67,67.99,12707,181215,1,0
13.33,5.88,67.48,12742,181250,1,0
12.00,6.53,68.80,12779,181284,1,0
9.57,6.61,69.65,12816,181319,1,0
7.86,6.76,69.80,12851,181356,1,0
6.74,7.14,69.89,12886,181393,1,0
5.45,5.15,69.99,12922,181430,1,0
4.12,4.29,69.37,12957,181467,1,0
4.55,2.49,68.08,12992,181501,0,0
5.77,2.15,66.86,13027,181536,0,0
6.87,0.94,66.78,13064,181571,0,0
8.00,0.85,67.63,13099,181606,0,0
7.89,2.80,68.86,13133,181643,0,0
4.93,3.70,70.54,13170,181686,0,0
4.27,4.62,70.52,13205,181714,0,0
3.54,5.97,71.41,13240,181749,0,0
2.16,6.26,71.37,13275,181784,0,0
2.26,7.89,70.60,13312,181819,0,0
5.27,7.27,70.34,13346,181854,0,0
8.36,8.63,69.83,13381,181891,0,0
10.85,10.17,69.23,13416,181927,0,0
12.12,8.71,69.36,13455,181962,0,0
12.02,7.19,70.41,13490,181997,0,0
11.58,6.14,71.38,13527,182032,1,0
11.58,6.25,71.75,13563,182067,1,0
9.74,5.57,71.86,13600,182106,1,0
8.76,4.33,71.59,13635,182145,1,0
8.26,4.60,71.04,13670,182177,1,0
10.92,6.82,67.48,13707,182257,1,0
11.15,7.54,67.06,13742,182274,1,0
11.54,8.18,66.60,13778,182290,1,0
13.14,7.47,66.18,13815,182323,1,0
14.56,7.82,66.62,13852,182358,1,0
12.18,7.24,68.06,13887,182394,1,0
9.24,7.61,69.21,13924,182431,1,0
6.86,7.81,69.78,13959,182468,1,0
5.38,6.25,69.67,13996,182503,1,0
5.25,4.58,68.79,14030,182540,0,0
6.91,3.26,67.52,14065,182577,0,0
8.08,2.15,66.71,14102,182611,0,0
8.92,1.69,66.58,14137,182646,0,0
9.79,0.58,66.96,14172,182683,0,0
10.26,1.42,67.81,14206,182718,0,0
9.72,2.97,68.96,14243,182755,0,0
8.24,4.12,69.81,14278,182790,0,0
7.33,5.06,71.23,14315,182824,0,0
5.09,4.32,72.66,14350,182861,0,0
2.68,5.40,72.60,14385,182896,0,0
5.08,5.49,72.04,14419,182933,0,0
7.50,5.56,72.23,14456,182968,0,0
9.75,6.79,72.08,14491,183003,0,0
11.85,6.74,72.04,14526,183037,1,0
11.30,4.45,74.53,14563,183117,1,0
9.55,5.04,75.34,14600,183160,1,0
8.59,4.33,75.36,14635,183187,1,0
8.18,4.56,75.17,14669,183203,1,0
7.67,4.23,74.83,14706,183220,1,0
6.47,4.10,74.38,14741,183255,1,0
6.50,5.53,72.91,14776,183289,1,0
8.97,5.61,70.49,14811,183324,1,0
10.27,6.38,69.50,14848,183359,1,0
11.24,7.82,68.74,14882,183396,1,0
13.36,7.76,68.62,14919,183431,1,0
13.02,8.51,70.23,14956,183468,1,0
10.29,8.35,71.41,14993,183511,1,0
6.03,8.53,72.08,15028,183580,0,0
5.14,7.52,72.27,15065,183611,0,0
4.70,6.13,72.20,15099,183648,0,0
4.52,5.64,72.04,15134,183666,0,0
4.35,4.57,70.99,15171,183709,0,0
4.34,3.89,70.59,15206,183726,0,0
6.13,2.89,69.63,15241,183769,0,0
7.02,2.12,69.44,15276,183791,0,0
8.81,2.96,70.58,15312,183869,0,0
6.82,3.85,72.16,15347,183900,0,0
6.12,4.03,72.71,15382,183916,0,0
5.68,4.23,73.11,15417,183932,0,0
4.13,4.18,73.62,15454,183967,0,0
2.41,5.65,72.77,15489,184004,0,0
3.17,6.23,71.95,15523,184039,0,0
5.47,5.14,71.64,15558,184074,1,1
7.99,5.84,71.23,15595,184111,1,1
10.10,7.32,70.58,15630,184145,1,1
10.43,5.08,71.57,15667,184223,1,1
10.22,4.64,71.98,15704,184240,1,1
10.02,4.15,72.28,15738,184256,1,1
9.96,3.26,72.42,15775,184287,1,1
10.15,3.49,72.06,15810,184324,1,1
9.04,2.25,71.66,15847,184360,1,1
7.68,2.44,70.75,15882,184397,1,1
8.09,3.66,69.22,15919,184432,1,1
10.37,4.52,67.95,15953,184469,1,1
11.48,5.27,67.53,15990,184504,1,1
12.91,6.28,66.89,16025,184541,1,1
13.44,7.38,67.36,16062,184576,0,1
11.54,7.49,68.32,16099,184610,0,1
9.32,8.57,68.40,16136,184647,0,1
7.28,9.87,68.30,16171,184690,0,1
6.80,8.90,68.08,16205,184733,0,1
6.03,7.13,67.46,16242,184776,0,1
5.79,6.62,67.17,16277,184793,0,1
5.96,5.28,66.06,16312,184827,0,1
7.19,3.38,64.96,16347,184864,0,1
8.28,1.60,64.72,16384,184901,0,1
9.28,0.67,64.96,16418,184936,0,1
10.45,0.82,66.03,16453,184971,0,1
10.21,2.66,67.78,16490,185006,0,1
8.68,3.77,69.04,16527,185040,0,1
7.64,4.36,70.42,16562,185077,0,1
6.06,4.40,71.23,16596,185112,1,1
3.95,5.99,70.73,16633,185149,1,1
5.28,7.27,69.97,16668,185192,1,1
7.22,7.45,69.55,16703,185221,1,1
9.81,8.51,68.85,16738,185255,1,1
12.18,8.56,68.51,16775,185292,1,1
12.56,6.81,69.27,16809,185327,1,1
11.53,5.92,70.51,16846,185364,1,1
10.33,5.20,71.26,16883,185399,1,1
10.48,5.39,71.01,16920,185434,1,1
9.41,5.04,70.58,16955,185470,1,1
8.88,3.10,70.33,16992,185507,1,1
7.95,2.41,69.50,17027,185544,1,1
8.50,3.37,68.84,17061,185579,1,1
11.22,4.16,67.78,17098,185616,0,1
12.00,5.63,67.94,17133,185651,0,1
13.22,5.50,66.98,17170,185688,0,1
14.31,5.74,66.76,17207,185722,0,1
11.49,5.84,67.83,17244,185757,0,1
9.19,6.53,68.69,17278,185794,0,1
7.71,7.12,69.16,17315,185831,0,1
6.30,6.86,69.43,17350,185868,0,1
5.03,5.58,69.36,17385,185903,0,1
4.09,5.24,68.48,17420,185939,0,1
5.45,3.80,66.99,17457,185976,0,1
6.79,2.60,66.16,17491,186011,0,1
7.99,1.21,66.43,17526,186048,0,1
8.93,1.37,67.37,17563,186083,0,1
9.41,2.72,68.48,17598,186118,1,1
7.20,3.55,70.10,17633,186152,1,1
6.40,5.03,70.56,17668,186189,1,1
5.16,5.70,71.02,17704,186224,1,1
3.47,6.76,70.63,17739,186259,1,1
3.45,7.58,69.77,17774,186294,1,1
5.50,7.18,68.81,17809,186329,1,1
8.05,7.75,67.94,17846,186365,1,1
10.59,8.43,67.34,17881,186402,1,1
12.32,7.10,67.70,17917,186437,1,1
12.53,6.00,68.99,17952,186472,1,1
11.90,4.99,70.29,17989,186507,1,1
11.79,4.35,70.82,18026,186542,1,1
10.22,4.25,71.35,18063,186578,1,1
8.96,3.25,71.22,18100,186615,1,1
7.82,3.58,70.50,18135,186652,0,1
8.38,4.55,69.05,18169,186689,0,1
10.45,4.71,67.34,18204,186724,0,1
11.08,5.94,66.62,18241,186761,0,1
12.51,6.23,66.48,18278,186798,0,1
13.36,7.42,68.08,18315,186841,0,1
11.82,7.43,69.22,18350,186867,0,1
9.44,7.46,69.78,18386,186904,0,1
7.28,8.19,70.18,18421,186941,0,1
6.09,8.15,70.58,18458,186978,0,1
5.19,6.53,70.73,18493,187015,0,1
4.31,5.32,70.34,18528,187052,0,1
4.27,4.37,69.51,18565,187086,0,0
5.54,3.49,68.74,18599,187123,0,0
7.26,2.30,68.68,18634,187166,1,0
8.77,2.80,68.90,18669,187209,1,0
8.98,3.51,70.58,18706,187250,1,0
7.08,4.10,72.43,18741,187293,1,0
6.57,4.41,72.91,18776,187310,1,0
6.04,5.24,73.23,18810,187334,1,0
4.67,6.17,72.87,18847,187369,1,0
8.44,7.23,70.89,18882,187492,1,0
11.12,8.16,70.48,18917,187535,1,0
12.09,7.43,70.56,18954,187564,1,0
12.08,6.60,70.92,18991,187582,1,0
11.92,6.03,71.34,19027,187598,1,0
11.70,5.62,71.81,19062,187615,1,0
11.42,5.22,72.24,19099,187631,1,0
10.62,3.89,72.46,19136,187699,0,0
10.40,4.37,72.39,19173,187715,0,0
8.76,3.06,72.33,19208,187758,0,0
8.28,4.75,71.67,19245,187801,0,0
8.24,5.25,71.27,19279,187817,0,0
9.03,5.87,70.46,19314,187838,0,0
10.51,6.75,69.53,19349,187873,0,0
11.13,8.62,68.91,19386,187910,0,0
12.63,8.87,68.58,19423,187947,0,0
13.21,9.32,68.97,19460,187981,0,0
10.97,9.00,69.70,19496,188016,0,0
8.28,9.24,70.31,19531,188053,0,0
6.09,9.57,70.59,19568,188090,0,0
4.77,8.00,70.24,19603,188125,0,0
4.25,6.48,69.09,19638,188162,0,0
5.37,5.02,67.49,19673,188198,1,0
6.87,3.69,66.54,19709,188233,1,0
8.57,2.52,66.52,19744,188272,1,0
9.34,0.97,66.77,19779,188305,1,0
9.43,0.62,67.21,19814,188340,1,0
7.55,2.81,67.42,19851,188418,1,0
6.99,4.50,67.16,19886,188444,1,0
6.71,5.33,67.33,19920,188461,1,0
5.21,4.31,68.50,19957,188504,1,0
4.64,4.39,68.83,19992,188520,1,0
5.39,5.61,68.94,20027,188553,1,0
