2104.65,2.51,-30.14,12,90118,1,1
104.62,2.52,-30.17,26,90150,1,1
104.66,2.49,-30.16,43,90167,1,1
104.66,2.48,-30.17,59,90183,1,1
104.64,2.50,-30.20,81,90200,1,1
104.67,2.49,-30.20,116,90216,1,1
104.68,2.48,-30.20,151,90232,1,1
104.69,2.47,-30.21,186,90249,0,1
104.74,2.44,-30.20,223,90265,0,1
104.73,2.45,-30.21,258,90281,0,1
104.70,2.47,-30.25,292,90298,0,1
104.68,2.51,-30.27,327,90327,0,1
104.76,2.47,-30.27,364,90361,0,1
104.72,2.46,-30.29,399,90398,0,1
104.71,2.44,-30.34,434,90433,0,1
104.65,2.47,-30.38,471,90470,0,1
104.65,2.46,-30.41,505,90505,0,1
104.68,2.44,-30.43,540,90540,0,1
104.71,2.45,-30.46,575,90576,0,1
104.81,2.38,-30.42,612,90611,0,0
104.76,2.41,-30.46,647,90648,0,0
104.70,2.45,-30.50,681,90683,0,0
104.69,2.45,-30.52,716,90718,0,0
104.65,2.48,-30.59,753,90755,0,0
104.65,2.49,-30.62,788,90787,1,0
104.59,2.55,-30.69,823,90824,1,0
104.58,2.57,-30.72,858,90859,1,0
104.64,2.54,-30.72,894,90894,1,0
104.65,2.54,-30.77,929,90931,1,0
104.68,2.52,-30.77,964,90966,1,0
104.75,2.46,-30.76,1001,91000,1,0
104.77,2.46,-30.78,1036,91037,1,0
104.78,2.45,-30.83,1073,91119,1,0
104.78,2.45,-30.85,1110,91150,1,0
104.81,2.43,-30.85,1146,91166,1,0
104.83,2.41,-30.86,1181,91183,1,0
104.77,2.49,-30.91,1218,91217,1,0
104.83,2.46,-30.90,1255,91252,1,0
104.89,2.40,-30.87,1292,91289,1,0
104.97,2.34,-30.87,1327,91326,0,0
105.03,2.28,-30.86,1363,91361,0,0
104.96,2.33,-30.93,1400,91400,0,0
104.85,2.47,-31.02,1437,91435,0,0
104.79,2.50,-31.06,1474,91473,0,0
104.75,2.54,-31.13,1509,91508,0,0
104.86,2.46,-31.12,1546,91545,0,0
104.81,2.49,-31.17,1583,91582,0,0
104.84,2.49,-31.21,1619,91619,0,0
104.83,2.48,-31.24,1654,91654,0,0
104.85,2.47,-31.27,1691,91693,0,0
104.82,2.51,-31.33,1728,91727,0,0
104.72,2.57,-31.40,1765,91762,0,0
104.70,2.54,-31.43,1802,91801,0,0
104.79,2.51,-31.43,1837,91836,1,0
104.76,2.53,-31.43,1873,91875,1,0
104.88,2.47,-31.40,1910,91910,1,0
104.97,2.38,-31.37,1947,91947,1,0
105.03,2.35,-31.35,1982,91983,1,0
104.90,2.44,-31.42,2019,92020,1,0
104.95,2.41,-31.42,2056,92055,1,0
104.91,2.47,-31.48,2093,92094,1,0
104.93,2.46,-31.49,2127,92129,1,0
104.96,2.46,-31.51,2164,92166,1,0
105.02,2.44,-31.53,2201,92203,1,0
105.10,2.40,-31.53,2238,92239,1,0
105.16,2.36,-31.52,2275,92274,1,0
105.07,2.38,-31.56,2310,92311,1,0
105.10,2.34,-31.55,2347,92348,0,0
105.12,2.30,-31.55,2383,92385,0,0
105.03,2.41,-31.62,2420,92422,0,0
105.00,2.44,-31.66,2455,92456,0,0
105.06,2.39,-31.66,2492,92493,0,0
105.09,2.35,-31.65,2529,92530,0,0
105.09,2.34,-31.67,2566,92567,0,0
105.07,2.37,-31.70,2603,92604,0,0
105.08,2.33,-31.71,2637,92641,0,0
105.18,2.24,-31.66,2674,92676,0,0
105.33,1.96,-31.69,2711,92715,0,0
104.36,2.29,-32.04,2748,92749,0,0
103.40,1.97,-32.12,2783,92786,0,0
102.98,1.33,-32.14,2820,92823,0,0
103.17,1.20,-32.32,2856,92862,1,0
103.90,1.68,-31.88,2893,92895,1,0
104.26,2.28,-30.99,2930,92934,1,0
104.62,2.73,-30.53,2965,92968,1,0
105.00,3.31,-30.55,3002,93005,1,0
105.12,4.03,-30.57,3039,93042,1,0
104.82,4.79,-30.28,3076,93079,1,0
104.53,5.50,-29.98,3110,93116,1,0
103.90,6.76,-29.95,3147,93151,1,0
103.34,8.58,-30.07,3184,93188,1,0
102.42,9.66,-30.51,3221,93224,1,0
102.10,10.46,-31.58,3256,93261,1,0
101.66,11.18,-32.85,3295,93296,1,0
101.78,11.14,-34.95,3332,93335,1,0
102.21,10.06,-37.78,3368,93370,0,0
103.85,9.07,-40.42,3407,93407,0,0
103.42,9.00,-40.06,3442,93444,0,0
103.63,9.40,-39.93,3479,93480,0,0
103.80,10.09,-40.09,3516,93521,0,0
102.34,12.62,-40.04,3553,93556,0,0
101.17,14.12,-39.73,3590,93593,0,0
101.15,14.87,-39.83,3629,93630,0,1
101.49,15.84,-39.74,3665,93667,0,1
101.97,16.30,-39.56,3702,93704,0,1
102.36,16.60,-39.44,3741,93743,0,1
102.77,17.28,-39.17,3778,93779,0,1
103.40,17.25,-39.09,3815,93818,0,1
104.12,16.97,-39.05,3852,93855,0,1
104.66,16.61,-38.92,3891,93892,1,1
105.12,15.84,-39.16,3928,93929,1,1
104.91,14.64,-39.31,3964,93968,1,1
104.93,13.31,-39.40,4003,94005,1,1
106.15,12.14,-39.02,4040,94044,1,1
107.51,11.00,-38.02,4077,94081,1,1
108.42,10.53,-37.43,4114,94117,1,1
107.56,10.40,-36.74,4153,94156,1,1
107.97,11.03,-36.17,4190,94193,1,1
108.04,11.63,-35.37,4227,94230,1,1
107.82,12.43,-34.96,4265,94267,1,1
106.43,14.22,-34.52,4302,94304,1,1
103.95,15.54,-34.28,4339,94343,1,1
101.04,18.52,-34.61,4376,94382,1,1
98.81,23.24,-33.94,4415,94418,0,1
97.87,28.52,-32.78,4450,94455,0,1
100.43,34.06,-36.41,4487,94494,0,1
100.03,34.78,-34.36,4524,94529,0,1
96.77,30.72,-28.05,4562,94568,0,1
96.00,21.84,-25.01,4599,94605,0,1
97.39,9.45,-25.12,4634,94642,0,1
98.78,-5.07,-25.46,4671,94679,0,1
100.05,-18.46,-25.16,4706,94715,0,1
100.94,-29.98,-25.99,4745,94752,0,1
100.31,-39.64,-28.25,4784,94789,0,1
102.15,-44.85,-27.47,4823,94824,0,1
103.03,-42.05,-26.24,4861,94863,0,1
102.66,-31.63,-27.30,4898,94908,0,1
99.03,-27.30,-30.35,4937,94939,1,1
98.55,-19.49,-31.50,4974,94976,1,1
100.56,-12.83,-34.01,5013,95016,1,1
101.59,-7.96,-34.27,5050,95053,1,1
102.55,-5.11,-32.12,5089,95094,1,1
104.34,-3.79,-31.34,5126,95131,1,1
105.46,-2.24,-30.28,5163,95168,1,1
106.00,-1.05,-29.32,5201,95207,1,1
106.42,0.14,-29.04,5238,95244,1,1
106.35,1.57,-28.64,5275,95281,1,1
106.27,3.41,-28.46,5310,95320,1,1
105.87,6.20,-28.39,5347,95356,1,1
103.42,8.72,-28.27,5384,95393,1,1
100.15,12.57,-28.76,5421,95432,1,1
98.32,16.78,-29.05,5457,95467,0,1
96.17,22.20,-28.61,5494,95504,0,1
96.48,28.17,-29.34,5531,95541,0,1
99.18,34.81,-34.15,5566,95578,0,1
98.38,36.11,-31.06,5603,95614,0,1
95.26,32.82,-23.79,5640,95649,0,1
94.79,25.42,-20.27,5677,95688,0,1
97.08,15.31,-20.97,5711,95723,0,1
99.82,2.27,-22.96,5748,95762,0,1
102.36,-10.08,-23.92,5783,95797,0,1
104.43,-21.31,-22.82,5822,95834,0,1
106.78,-33.64,-22.78,5861,95870,0,1
110.02,-42.73,-20.79,5900,95907,0,1
113.87,-45.06,-18.27,5939,95942,0,1
109.88,-38.73,-22.96,5976,95981,1,1
104.49,-30.33,-29.34,6014,96020,1,1
104.38,-22.10,-30.54,6053,96057,1,1
103.80,-15.48,-34.59,6092,96096,1,1
104.57,-9.48,-33.61,6131,96135,1,1
104.24,-5.99,-32.27,6168,96174,1,1
105.16,-3.52,-31.52,6205,96212,1,1
106.47,-1.77,-30.63,6242,96249,1,1
106.24,-0.15,-30.08,6281,96290,1,1
106.56,1.79,-29.70,6318,96327,1,1
106.36,4.16,-29.53,6354,96364,1,1
105.60,6.72,-29.09,6391,96403,1,1
102.48,9.23,-28.17,6426,96440,1,1
100.95,11.56,-27.91,6463,96477,1,1
99.61,14.68,-28.63,6500,96514,0,1
98.32,18.66,-28.89,6537,96550,0,1
96.58,23.76,-27.98,6574,96587,0,1
97.03,29.13,-28.66,6610,96622,0,1
98.99,35.27,-32.36,6645,96661,0,0
96.48,34.91,-25.97,6682,96698,0,0
94.11,31.30,-19.58,6719,96735,0,0
94.86,23.75,-17.47,6756,96770,0,0
97.83,12.28,-17.99,6793,96806,0,0
100.46,-1.10,-18.48,6828,96843,0,0
101.54,-15.09,-17.65,6866,96880,0,0
103.55,-26.97,-17.59,6903,96917,0,0
103.14,-38.63,-21.12,6942,96952,0,0
99.04,-46.83,-29.79,6981,96991,0,0
101.62,-41.83,-26.76,7018,97038,1,0
101.46,-35.71,-25.77,7057,97064,1,0
97.97,-28.25,-32.55,7096,97105,1,0
99.82,-21.49,-34.37,7133,97142,1,0
100.82,-14.51,-37.79,7170,97181,1,0
102.22,-8.62,-34.56,7208,97218,1,0
104.17,-1.82,-33.46,7245,97304,1,0
105.05,0.33,-32.88,7284,97335,1,0
105.27,1.34,-32.45,7319,97351,1,0
105.41,2.11,-32.17,7356,97372,1,0
105.40,4.78,-31.99,7393,97411,1,0
105.46,7.45,-31.65,7430,97447,1,0
103.71,9.04,-30.50,7467,97482,1,0
101.16,10.64,-29.25,7501,97521,1,0
99.86,12.71,-29.10,7540,97556,0,0
99.21,16.30,-29.77,7575,97591,0,0
97.64,20.78,-29.38,7612,97630,0,0
94.33,26.13,-25.23,7649,97665,0,0
98.41,34.76,-32.46,7686,97703,0,0
99.03,35.69,-31.49,7723,97738,0,0
94.57,32.72,-22.59,7757,97777,0,0
93.12,25.85,-17.61,7794,97812,0,0
95.12,15.08,-17.43,7831,97851,0,0
98.42,3.11,-18.88,7868,97886,0,0
101.13,-9.37,-19.74,7903,97921,0,0
102.71,-22.28,-20.83,7940,97959,0,0
103.55,-37.59,-23.31,7979,98007,0,0
109.68,-46.15,-20.18,8017,98054,0,0
113.57,-47.01,-16.39,8056,98072,1,0
111.80,-43.12,-17.77,8093,98105,1,0
107.24,-36.55,-22.26,8132,98142,1,0
103.30,-27.62,-30.21,8171,98183,1,0
103.58,-20.17,-33.25,8210,98220,1,0
102.92,-12.08,-35.86,8247,98260,1,0
103.23,-6.45,-34.08,8286,98297,1,0
103.60,0.68,-33.75,8325,98383,1,0
103.92,1.73,-33.41,8359,98404,1,0
104.24,2.40,-33.03,8396,98420,1,0
104.25,3.52,-32.55,8433,98453,1,0
104.25,5.00,-32.42,8470,98490,1,0
104.05,7.12,-32.36,8505,98527,1,0
103.67,9.11,-31.94,8542,98564,1,0
101.13,10.17,-30.66,8579,98598,0,0
99.23,12.06,-30.63,8615,98637,0,0
98.11,15.39,-30.91,8652,98672,0,0
97.06,19.27,-30.98,8689,98707,0,0
95.67,24.79,-30.65,8726,98746,0,0
95.39,30.49,-29.72,8761,98783,0,0
96.08,35.78,-31.57,8798,98820,0,0
95.54,35.17,-28.33,8835,98854,0,0
94.89,31.06,-23.55,8871,98893,0,0
95.91,22.99,-21.26,8906,98928,0,0
98.42,10.59,-21.15,8943,98967,0,0
99.68,-3.09,-21.03,8980,99002,0,0
100.27,-16.58,-20.24,9017,99039,0,0
101.71,-28.25,-20.86,9056,99076,0,0
100.08,-39.52,-26.06,9093,99110,1,0
97.90,-46.67,-32.37,9132,99158,1,0
97.60,-44.87,-32.85,9168,99184,1,0
98.05,-37.15,-30.67,9207,99223,1,0
96.74,-26.66,-33.49,9244,99262,1,0
98.73,-18.59,-34.24,9281,99301,1,0
98.23,-12.21,-37.21,9320,99338,1,0
98.77,-7.08,-36.51,9357,99377,1,0
99.99,-4.26,-34.62,9394,99414,1,0
101.17,-1.95,-33.91,9428,99450,1,0
102.25,0.00,-33.19,9467,99489,1,0
103.04,1.68,-32.58,9502,99526,1,0
103.52,2.95,-32.10,9539,99563,1,0
103.87,4.83,-31.91,9576,99600,1,0
103.41,7.57,-31.74,9613,99637,0,0
103.54,9.75,-31.19,9648,99674,0,1
100.66,12.04,-31.01,9684,99708,0,1
97.32,15.89,-31.16,9723,99745,0,1
95.93,19.31,-31.70,9758,99782,0,1
93.70,23.94,-31.28,9795,99819,0,1
91.86,28.93,-29.65,9832,99856,0,1
93.80,36.57,-32.82,9869,99893,0,1
93.91,36.77,-30.18,9904,99930,0,1
90.34,33.50,-22.81,9940,99966,0,1
90.03,26.62,-19.70,9977,100001,0,1
92.91,16.31,-20.85,10014,100038,0,1
96.38,3.69,-22.48,10053,100075,0,1
99.21,-9.04,-22.75,10090,100112,0,1
101.07,-20.77,-22.96,10129,100149,1,1
102.08,-32.09,-24.78,10170,100186,1,1
102.31,-41.61,-27.39,10211,100225,1,1
104.97,-42.43,-25.77,10252,100263,1,1
100.94,-35.54,-29.84,10291,100300,1,1
95.74,-31.25,-32.10,10332,100341,1,1
96.85,-22.33,-32.52,10371,100382,1,1
97.19,-15.37,-36.15,10412,100423,1,1
97.90,-9.15,-35.00,10450,100464,1,1
98.81,-6.12,-33.63,10489,100503,1,1
100.38,-4.21,-33.12,10528,100544,1,1
101.80,-2.19,-32.31,10567,100583,1,1
102.51,-1.00,-31.51,10606,100622,1,1
103.41,0.98,-30.98,10645,100663,0,1
103.63,3.51,-30.29,10684,100700,0,1
103.96,6.20,-29.59,10723,100739,0,1
102.24,8.01,-28.76,10762,100780,0,1
98.72,11.23,-28.48,10801,100818,0,1
97.16,15.23,-29.20,10838,100857,0,1
95.29,19.61,-28.92,10876,100896,0,1
92.00,25.71,-26.42,10915,100935,0,1
94.67,35.00,-31.46,10954,100974,0,1
95.65,37.58,-30.97,10993,101011,0,1
91.04,34.85,-20.65,11030,101052,0,1
89.81,28.21,-15.21,11069,101089,0,1
92.67,17.03,-15.97,11108,101130,0,1
96.61,4.19,-18.00,11147,101167,1,1
99.90,-9.11,-17.46,11184,101203,1,1
101.80,-21.66,-17.44,11223,101244,1,1
102.66,-33.97,-21.51,11264,101281,1,1
101.46,-43.83,-26.85,11302,101322,1,1
103.61,-45.33,-26.15,11343,101359,1,1
100.51,-37.45,-29.05,11384,101398,1,1
94.61,-32.53,-32.72,11425,101437,1,1
95.83,-22.33,-33.16,11464,101480,1,1
96.31,-14.78,-37.27,11503,101519,1,1
97.62,-8.20,-35.40,11544,101560,1,1
99.02,-5.57,-33.63,11583,101601,1,1
100.34,-3.29,-33.21,11620,101640,1,1
101.98,-1.02,-32.23,11661,101679,0,1
103.02,0.67,-30.92,11700,101720,0,1
103.87,2.32,-30.36,11739,101758,0,1
104.31,4.31,-29.98,11776,101795,0,1
104.13,7.03,-29.32,11814,101836,0,1
101.40,8.61,-28.30,11853,101875,0,1
100.17,11.66,-28.30,11892,101914,0,1
98.90,15.14,-28.57,11931,101953,0,1
96.96,19.83,-28.49,11970,101992,0,1
94.80,25.48,-26.50,12009,102031,0,1
97.66,35.36,-30.73,12048,102070,0,1
98.54,35.96,-29.93,12085,102109,0,1
94.61,33.14,-21.50,12124,102148,0,1
94.27,25.44,-18.04,12163,102184,1,1
96.79,13.24,-18.63,12201,102225,1,1
99.35,-0.03,-18.97,12238,102262,1,1
100.24,-14.50,-18.08,12277,102303,1,1
102.28,-26.40,-18.07,12318,102340,1,1
101.87,-38.17,-21.65,12359,102379,1,1
99.09,-46.40,-27.45,12400,102418,1,1
99.99,-44.64,-27.05,12439,102457,1,1
100.79,-36.79,-25.56,12478,102498,1,1
98.45,-28.99,-30.32,12519,102537,1,1
100.46,-21.71,-32.13,12558,102578,1,1
101.08,-13.93,-35.29,12599,102623,1,1
101.52,-8.93,-33.80,12640,102658,1,1
102.94,-6.11,-32.40,12679,102699,0,0
103.92,-3.39,-32.39,12720,102737,0,0
105.23,-1.40,-31.64,12759,102778,0,0
105.71,0.13,-31.21,12797,102819,0,0
105.93,3.04,-30.95,12836,102858,0,0
105.64,5.94,-30.45,12875,102899,0,0
105.18,9.03,-29.38,12914,102938,0,0
103.38,10.74,-28.91,12951,102977,0,0
101.27,13.78,-29.31,12992,103016,0,0
99.51,17.86,-29.64,13031,103055,0,0
97.12,23.34,-28.76,13070,103094,0,0
97.69,30.30,-30.45,13107,103133,0,0
99.39,34.00,-33.01,13146,103172,0,0
96.84,33.01,-26.29,13185,103211,1,0
95.38,27.28,-19.88,13223,103249,1,0
97.26,17.14,-18.59,13262,103288,1,0
100.62,2.96,-19.66,13299,103327,1,0
103.98,-11.41,-19.56,13338,103366,1,0
106.38,-24.67,-18.59,13379,103405,1,0
107.63,-37.73,-21.76,13420,103444,1,0
108.26,-47.93,-24.17,13461,103481,1,0
112.78,-47.96,-19.82,13500,103522,1,0
109.17,-39.30,-23.23,13541,103561,1,0
102.65,-32.34,-31.44,13582,103600,1,0
102.65,-23.35,-35.70,13623,103647,1,0
102.40,-16.79,-39.01,13664,103684,1,0
103.83,-10.87,-35.96,13703,103725,0,0
105.37,-7.76,-34.86,13744,103763,0,0
106.41,-4.51,-34.62,13785,103804,0,0
107.69,-1.93,-33.10,13824,103847,0,0
108.23,-0.04,-32.38,13862,103886,0,0
108.54,2.75,-31.88,13901,103927,0,0
108.82,5.67,-30.98,13940,103974,0,0
109.04,7.63,-30.05,13979,104007,0,0
106.44,9.28,-28.95,14018,104046,0,0
105.00,11.26,-28.79,14057,104085,0,0
103.96,14.51,-29.25,14096,104126,0,0
101.91,18.65,-29.10,14135,104163,0,0
100.07,23.85,-27.13,14174,104202,0,0
102.77,32.15,-31.35,14215,104239,1,0
103.34,32.74,-29.58,14254,104280,1,0
100.22,30.23,-21.20,14292,104318,1,0
99.65,22.44,-16.02,14333,104359,1,0
101.41,10.38,-13.94,14370,104398,1,0
103.75,-3.82,-12.50,14411,104439,1,0
104.26,-16.91,-11.19,14450,104478,1,0
105.90,-29.13,-12.63,14491,104517,1,0
104.08,-40.21,-18.03,14532,104556,1,0
105.47,-45.99,-19.05,14571,104595,1,0
105.56,-41.12,-18.02,14612,104636,1,0
102.11,-38.65,-17.38,14653,104675,1,0
101.09,-28.47,-19.98,14694,104718,1,0
100.09,-20.68,-23.99,14735,104757,0,0
99.66,-13.70,-23.99,14774,104798,0,0
100.70,-9.80,-22.17,14815,104839,0,0
101.86,-6.64,-21.65,14854,104878,0,0
102.74,-3.52,-21.32,14893,104921,0,0
102.94,-1.00,-20.43,14934,104962,0,0
103.14,1.26,-19.95,14972,105000,0,0
103.12,3.46,-19.63,15011,105041,0,0
103.02,5.76,-19.32,15050,105080,0,0
102.10,7.90,-18.63,15087,105119,0,0
100.93,9.81,-18.43,15126,105160,0,0
99.19,12.46,-18.76,15165,105197,0,0
98.61,16.56,-19.44,15204,105236,0,0
96.36,21.44,-18.40,15243,105275,1,0
94.64,26.04,-15.84,15280,105314,1,0
96.05,32.58,-18.93,15319,105353,1,0
94.47,32.39,-14.68,15357,105390,1,0
92.46,28.86,-8.78,15396,105428,1,0
93.53,20.70,-6.84,15433,105467,1,0
96.65,9.51,-7.79,15470,105506,1,0
100.26,-3.90,-9.31,15507,105545,1,0
101.67,-15.64,-8.99,15546,105584,1,0
104.39,-25.85,-9.18,15585,105621,1,0
104.49,-35.36,-13.09,15624,105658,1,0
104.88,-39.51,-15.57,15665,105695,1,1
103.88,-34.59,-16.14,15706,105734,1,1
102.17,-24.56,-18.91,15747,105781,1,1
101.73,-18.29,-19.77,15788,105814,0,1
100.96,-10.44,-20.92,15826,105857,0,1
101.86,-6.55,-19.97,15867,105895,0,1
102.40,-3.80,-19.84,15908,105934,0,1
103.15,-1.54,-19.40,15947,105975,0,1
103.48,0.01,-18.70,15986,106016,0,1
103.94,1.36,-18.02,16025,106057,0,1
103.97,2.43,-17.60,16064,106096,0,1
103.66,3.74,-17.32,16101,106137,0,1
103.47,5.47,-17.05,16140,106176,0,1
102.58,7.14,-16.39,16179,106215,0,1
100.40,7.91,-16.26,16218,106254,0,1
100.58,10.32,-16.97,16257,106291,0,1
99.47,12.75,-17.40,16295,106332,1,1
97.78,15.71,-18.21,16334,106369,1,1
97.15,20.88,-18.11,16371,106409,1,1
95.20,26.51,-16.02,16410,106446,1,1
94.25,29.56,-12.86,16449,106485,1,1
90.39,28.77,-5.30,16488,106524,1,1
89.56,24.90,-2.36,16525,106563,1,1
91.80,18.28,-4.42,16562,106602,1,1
93.43,8.25,-5.94,16601,106641,1,1
92.69,-1.88,-4.39,16635,106678,1,1
93.70,-10.27,-4.57,16674,106717,1,1
94.03,-16.11,-11.20,16713,106754,1,1
92.34,-17.51,-18.45,16752,106790,1,1
93.46,-13.04,-17.64,16791,106829,1,1
92.66,-8.88,-17.21,16830,106866,0,1
94.17,-6.66,-16.77,16869,106905,0,1
94.89,-4.65,-17.84,16908,106944,0,1
96.42,-4.26,-17.33,16947,106983,0,1
97.68,-4.67,-16.47,16986,107022,0,1
98.88,-4.94,-16.11,17022,107063,0,1
99.69,-4.89,-15.86,17061,107100,0,1
100.30,-4.97,-15.83,17100,107139,0,1
100.66,-4.57,-15.86,17139,107177,0,1
100.95,-4.30,-15.72,17180,107216,0,1
101.29,-4.04,-15.66,17219,107255,0,1
101.26,-3.73,-15.56,17258,107294,0,1
101.34,-3.79,-15.66,17297,107333,0,1
101.37,-3.74,-15.82,17338,107372,1,1
101.30,-3.45,-16.22,17377,107411,1,1
101.13,-2.96,-16.42,17416,107452,1,1
101.01,-2.55,-16.50,17457,107491,1,1
100.78,-2.24,-16.45,17496,107530,1,1
100.54,-1.78,-16.28,17534,107571,1,1
100.28,-1.51,-16.17,17575,107610,1,1
99.92,-1.40,-16.12,17614,107649,1,1
99.66,-1.37,-16.20,17653,107689,1,1
99.70,-1.57,-16.18,17690,107730,1,1
99.73,-1.66,-16.14,17729,107769,1,1
99.71,-1.67,-16.17,17768,107810,1,1
99.73,-1.93,-16.25,17807,107847,1,1
99.50,-1.60,-16.34,17846,107886,0,1
99.05,-1.12,-16.41,17883,107925,0,1
98.87,-0.97,-16.44,17922,107964,0,1
99.04,-1.09,-16.42,17960,108001,0,1
99.02,-1.00,-16.40,17999,108040,0,1
99.02,-1.17,-16.32,18038,108079,0,1
99.09,-1.38,-16.20,18075,108118,0,1
99.14,-1.43,-16.09,18114,108154,0,1
99.16,-1.53,-16.03,18153,108195,0,1
99.27,-1.58,-15.94,18192,108234,0,1
99.25,-1.43,-15.97,18229,108271,0,1
99.09,-1.21,-16.12,18268,108312,0,1
99.02,-1.14,-16.21,18307,108349,0,1
99.06,-1.22,-16.30,18345,108388,1,1
98.96,-1.09,-16.44,18384,108427,1,1
99.04,-1.22,-16.46,18421,108466,1,1
99.08,-1.19,-16.49,18460,108503,1,1
99.29,-1.41,-16.41,18499,108544,1,1
99.37,-1.49,-16.44,18538,108580,1,1
99.55,-1.57,-16.44,18577,108619,1,1
99.61,-1.58,-16.55,18614,108658,1,1
99.64,-1.60,-16.63,18653,108697,1,0
99.78,-1.66,-16.68,18692,108734,1,0
99.88,-1.77,-16.70,18731,108773,1,0
99.82,-1.76,-16.80,18767,108812,1,0
99.83,-1.73,-16.91,18806,108851,1,0
99.97,-1.87,-17.01,18845,108890,0,0
99.96,-1.83,-17.11,18884,108929,0,0
99.93,-1.77,-17.26,18923,108967,0,0
99.99,-1.85,-17.34,18960,109004,0,0
100.07,-1.92,-17.38,18999,109045,0,0
100.10,-1.94,-17.41,19040,109082,0,0
100.08,-1.97,-17.49,19079,109123,0,0
100.07,-1.87,-17.56,19118,109160,0,0
100.05,-1.81,-17.63,19156,109197,0,0
100.07,-1.81,-17.67,19197,109238,0,0
100.12,-1.87,-17.75,19236,109277,0,0
100.15,-1.94,-17.83,19275,109316,0,0
100.34,-2.10,-17.81,19316,109357,0,0
100.31,-2.03,-17.92,19355,109395,1,0
100.28,-1.97,-18.02,19394,109436,1,0
100.26,-1.93,-18.10,19433,109475,1,0
100.38,-2.17,-18.10,19474,109514,1,0
100.44,-2.30,-18.15,19513,109555,1,0
100.48,-2.28,-18.20,19552,109594,1,0
100.41,-2.24,-18.29,19593,109633,1,0
100.45,-2.30,-18.32,19632,109674,1,0
100.39,-2.28,-18.45,19671,109713,1,0
100.39,-2.33,-18.53,19712,109752,1,0
100.43,-2.39,-18.61,19750,109793,1,0
100.44,-2.35,-18.70,19789,109832,1,0
100.44,-2.41,-18.79,19828,109871,1,0
100.59,-2.60,-18.77,19869,109912,0,0
100.51,-2.49,-18.94,19908,109950,0,0
100.51,-2.57,-19.05,19947,109989,0,0
100.50,-2.62,-19.17,19988,110030,0,0
100.43,-2.56,-19.32,20027,110069,0,0
