0.11,4.38,68.49,24,1419034,0,0
-0.21,4.37,68.41,43,1419053,0,0
-0.54,3.81,68.39,61,1419071,0,0
-0.95,4.74,67.96,81,1419094,0,0
-0.67,4.60,67.59,108,1419110,0,0
-0.70,4.75,67.61,143,1419126,0,0
-0.78,4.77,67.71,180,1419143,0,0
-0.92,4.68,67.84,215,1419159,0,0
-0.74,4.16,67.99,249,1419175,0,0
-0.83,3.37,68.01,284,1419192,0,0
-0.98,2.50,67.97,321,1419208,0,0
-1.00,1.95,67.84,356,1419243,0,0
-0.92,2.50,67.84,391,1419280,0,0
-0.40,3.62,67.83,425,1419317,1,0
-0.07,3.26,67.83,462,1419350,1,0
-0.24,6.14,68.02,497,1419384,1,0
-0.70,6.06,67.63,532,1419419,1,0
-0.91,5.33,67.62,567,1419456,1,0
-1.02,5.59,67.69,604,1419493,1,0
-1.25,6.22,67.67,638,1419528,1,0
-1.17,5.68,67.56,677,1419563,1,0
-1.48,5.47,67.40,710,1419597,1,0
-1.07,7.27,67.31,745,1419675,1,0
-0.90,9.21,67.38,780,1419708,1,0
-0.91,10.11,67.39,854,1419724,1,0
-0.91,10.86,67.39,872,1419745,1,0
-0.76,7.68,67.63,890,1419866,0,0
-0.77,6.98,67.69,923,1419884,0,0
-0.69,6.62,67.74,958,1419902,0,0
-0.72,6.35,67.78,995,1419921,0,0
-0.76,6.10,67.81,1030,1419937,0,0
-0.80,5.85,67.83,1067,1419954,0,0
-0.75,6.82,67.84,1103,1419991,0,0
-0.83,9.60,67.67,1138,1420025,0,0
-0.77,11.57,67.53,1175,1420060,0,0
-0.77,12.60,67.52,1212,1420097,0,0
-0.74,12.45,67.79,1251,1420134,0,0
-0.46,11.13,68.00,1288,1420169,0,0
-0.39,7.73,68.18,1325,1420206,0,0
-0.76,3.94,68.16,1361,1420244,0,0
-0.86,6.11,68.27,1398,1420281,0,0
-0.22,4.83,68.31,1435,1420318,1,0
-0.07,3.59,68.32,1470,1420355,1,0
-0.19,2.61,68.33,1507,1420392,1,0
0.01,2.74,68.36,1544,1420431,1,0
0.22,3.92,68.37,1579,1420468,1,0
0.22,4.83,68.27,1613,1420503,1,0
0.16,5.57,68.01,1650,1420539,1,0
0.03,6.06,67.64,1685,1420576,1,0
0.16,5.83,67.56,1720,1420611,1,0
0.32,5.36,67.57,1755,1420646,1,0
0.43,5.17,67.62,1792,1420681,1,0
-0.48,4.87,67.63,1826,1420720,1,0
-0.49,4.69,67.72,1863,1420752,1,0
-0.88,4.52,67.76,1898,1420789,1,0
-1.21,4.41,67.75,1935,1420826,0,0
-1.07,4.20,67.90,1972,1420859,0,0
-1.26,3.84,68.08,2009,1420896,0,0
-1.53,3.32,68.41,2045,1420982,0,0
-1.66,3.29,68.45,2080,1420998,0,0
-1.71,3.25,68.47,2117,1421015,0,0
-1.62,3.21,68.52,2154,1421041,0,0
-1.74,3.15,68.57,2191,1421078,0,0
-1.76,3.16,68.62,2226,1421115,0,0
-1.67,3.14,68.75,2263,1421152,0,0
-1.67,3.17,68.85,2299,1421187,0,0
-1.55,3.26,69.00,2336,1421223,0,0
-1.47,3.34,69.17,2373,1421260,0,0
-1.30,3.36,69.32,2408,1421297,0,0
-1.05,3.47,69.42,2445,1421332,1,0
-1.08,3.54,69.45,2482,1421369,1,0
-1.19,3.28,69.47,2519,1421406,1,0
-1.12,2.92,69.38,2553,1421443,1,0
-0.87,2.89,69.33,2590,1421479,1,0
-0.78,3.30,69.29,2627,1421516,1,0
-0.79,3.80,69.15,2664,1421553,1,0
-0.79,4.36,69.10,2701,1421590,1,0
-0.66,4.46,69.17,2736,1421627,1,1
-0.62,3.27,69.18,2772,1421662,1,1
-0.70,1.70,69.16,2809,1421699,1,1
-0.88,1.32,69.21,2846,1421735,1,1
-0.86,1.31,69.32,2881,1421772,1,1
-0.69,1.85,69.40,2918,1421807,1,1
-0.60,2.84,69.48,2955,1421844,0,1
-0.49,3.60,69.58,2992,1421881,0,1
-0.39,3.67,69.58,3026,1421918,0,1
-0.37,3.40,69.56,3063,1421953,0,1
-0.32,3.00,69.51,3100,1421989,0,1
-0.40,2.64,69.36,3137,1422026,0,1
-0.62,2.41,69.26,3174,1422063,0,1
-0.80,2.26,69.20,3209,1422100,0,1
-0.90,2.24,69.15,3246,1422137,0,1
-0.93,2.32,69.10,3282,1422174,0,1
-0.91,2.49,69.14,3319,1422211,0,1
-0.90,2.70,69.12,3354,1422245,0,1
-0.93,2.86,69.07,3391,1422282,0,1
-0.92,2.94,68.99,3428,1422319,0,1
-0.94,2.92,68.97,3465,1422356,1,1
-0.99,2.93,68.91,3502,1422391,1,1
-1.00,2.93,68.89,3536,1422428,1,1
-1.07,3.00,68.88,3573,1422465,1,1
-1.09,3.12,68.95,3610,1422501,1,1
-1.10,3.23,69.01,3647,1422538,1,1
-1.07,3.31,69.04,3682,1422573,1,1
-1.05,3.13,69.03,3719,1422610,1,1
-1.09,3.20,68.98,3756,1422653,1,1
-1.08,3.24,68.96,3792,1422684,1,1
-1.11,3.30,68.93,3827,1422721,1,1
-1.10,3.35,68.90,3864,1422755,1,1
-1.06,3.48,68.90,3901,1422792,1,1
-1.03,3.55,68.87,3938,1422829,1,1
-1.04,3.64,68.89,3975,1422866,0,1
-1.03,3.61,68.85,4009,1422903,0,1
-1.02,3.58,68.87,4046,1422940,0,1
-1.03,3.57,68.85,4083,1422977,0,1
-0.99,3.63,68.87,4120,1423013,0,1
-0.98,3.69,68.87,4155,1423050,0,1
-0.97,3.76,68.89,4192,1423085,0,1
-0.93,3.80,68.93,4229,1423122,0,1
-0.91,3.80,68.93,4265,1423159,0,1
-0.91,3.73,68.95,4302,1423196,0,1
-0.89,3.66,68.98,4337,1423230,0,1
-0.91,3.61,68.98,4374,1423267,0,1
-0.93,3.60,68.95,4411,1423304,0,1
-0.93,3.54,68.93,4448,1423341,0,1
-0.90,3.50,68.94,4483,1423376,1,1
-0.92,3.49,68.97,4519,1423413,1,1
-0.91,3.49,68.96,4556,1423454,1,1
-0.92,3.49,68.94,4593,1423486,1,1
-0.92,3.45,68.91,4630,1423523,1,1
-0.93,3.44,68.89,4665,1423558,1,1
-0.94,3.44,68.89,4702,1423597,1,1
-0.91,3.46,68.91,4739,1423634,1,1
-0.91,3.40,68.95,4775,1423671,1,1
-0.90,3.36,68.97,4810,1423706,1,1
-0.89,3.33,68.95,4847,1423742,1,1
-0.88,3.32,68.93,4884,1423779,1,1
-0.88,3.30,68.94,4921,1423816,1,1
-0.88,3.32,68.94,4956,1423851,1,1
-0.91,3.32,68.96,4993,1423888,0,1
-0.92,3.31,68.96,5029,1423925,0,1
-0.92,3.28,68.97,5066,1423962,0,1
-0.90,3.23,68.95,5103,1423998,0,1
-0.90,3.25,68.96,5138,1424033,0,1
-0.90,3.30,68.93,5175,1424072,0,1
-0.88,3.35,68.95,5212,1424113,0,1
-0.89,3.35,68.97,5249,1424144,0,1
-0.89,3.31,68.98,5283,1424179,0,1
-0.88,3.27,68.98,5320,1424216,0,1
-0.90,3.27,68.96,5357,1424252,0,1
-0.91,3.34,68.95,5394,1424289,0,1
-0.94,3.37,68.94,5431,1424326,0,1
-0.94,3.34,68.95,5466,1424363,0,1
-0.94,3.28,68.94,5502,1424400,1,1
-0.94,3.30,68.96,5539,1424437,1,1
-0.91,3.20,69.03,5576,1424472,1,1
-0.81,3.11,69.09,5611,1424508,1,1
-0.79,3.01,69.07,5648,1424545,1,1
-0.82,3.03,69.02,5685,1424584,1,1
-0.88,3.09,68.97,5722,1424617,1,1
-0.96,3.13,68.93,5756,1424656,1,0
-0.95,3.14,68.91,5793,1424691,1,0
-0.98,3.12,68.90,5830,1424728,1,0
-0.98,3.15,68.90,5867,1424762,1,0
-0.96,3.19,68.94,5904,1424799,1,0
-0.94,3.26,68.95,5939,1424836,1,0
-0.89,3.27,68.93,5976,1424875,1,0
-0.87,3.31,68.92,6012,1424910,0,0
-0.85,3.33,68.92,6049,1424947,0,0
-0.82,3.31,68.92,6084,1424984,0,0
-0.84,3.29,68.92,6121,1425020,0,0
-0.84,3.25,68.92,6158,1425055,0,0
-0.80,3.25,68.95,6195,1425092,0,0
-0.79,3.18,68.97,6232,1425129,0,0
-0.80,3.15,69.00,6266,1425168,0,0
-0.79,3.14,69.02,6303,1425201,0,0
-0.73,3.10,69.07,6340,1425238,0,0
-0.69,3.08,69.08,6377,1425274,0,0
-0.69,3.07,69.08,6412,1425311,0,0
-0.68,3.04,69.07,6449,1425348,0,0
-0.67,2.98,69.08,6486,1425385,0,0
-0.67,2.94,69.06,6522,1425422,1,0
-0.70,2.93,69.04,6557,1425459,1,0
-0.70,2.89,69.00,6594,1425494,1,0
-0.70,2.88,69.01,6631,1425530,1,0
-0.69,2.92,69.05,6668,1425567,1,0
-0.68,2.91,69.06,6705,1425604,1,0
-0.70,2.87,69.09,6739,1425639,1,0
-0.70,2.86,69.12,6776,1425676,1,0
-0.68,2.92,69.11,6813,1425713,1,0
-0.67,2.98,69.09,6850,1425750,1,0
-0.68,3.03,69.07,6885,1425786,1,0
-0.68,2.97,69.06,6922,1425821,1,0
-0.67,2.92,69.04,6959,1425858,1,0
-0.69,2.89,69.08,6995,1425895,1,0
-0.67,2.93,69.07,7032,1425932,0,0
-0.65,2.95,69.09,7067,1425969,0,0
-0.65,2.97,69.12,7104,1426006,0,0
-0.67,2.90,69.11,7141,1426042,0,0
-0.67,2.86,69.09,7178,1426077,0,0
-0.69,2.88,69.10,7213,1426114,0,0
-0.72,2.87,69.11,7249,1426151,0,0
-0.70,2.85,69.12,7286,1426190,0,0
-0.70,2.87,69.14,7323,1426223,0,0
-0.69,2.89,69.15,7360,1426259,0,0
-0.68,2.84,69.17,7395,1426296,0,0
-0.67,2.83,69.19,7432,1426335,0,0
-0.67,2.84,69.20,7469,1426370,0,0
-0.69,2.83,69.19,7505,1426407,0,0
-0.68,2.80,69.18,7540,1426444,1,0
-0.71,2.80,69.18,7577,1426481,1,0
-0.68,2.81,69.19,7614,1426515,1,0
-0.69,2.79,69.19,7651,1426552,1,0
-0.66,2.78,69.19,7686,1426589,1,0
-0.65,2.80,69.18,7723,1426628,1,0
-0.65,2.82,69.18,7759,1426661,1,0
-0.68,2.79,69.16,7796,1426698,1,0
-0.65,2.80,69.15,7833,1426735,1,0
-0.66,2.83,69.15,7868,1426771,1,0
-0.65,2.85,69.15,7905,1426806,1,0
-0.65,2.85,69.16,7942,1426843,1,0
-0.61,2.88,69.15,7979,1426880,1,0
-0.61,2.87,69.13,8013,1426917,1,0
-0.63,2.88,69.12,8050,1426956,0,0
-0.62,2.92,69.08,8087,1426991,0,0
-0.62,2.93,69.10,8124,1427027,0,0
-0.62,2.95,69.10,8161,1427064,0,0
-0.61,2.96,69.14,8196,1427099,0,0
-0.56,3.00,69.15,8232,1427136,0,0
-0.55,3.04,69.15,8269,1427173,0,0
-0.57,3.15,69.15,8306,1427210,0,0
-0.54,3.19,69.17,8341,1427245,0,0
-0.50,3.19,69.19,8378,1427281,0,0
-0.45,3.19,69.19,8415,1427318,0,0
-0.40,3.18,69.22,8452,1427355,0,0
-0.42,3.15,69.22,8486,1427392,0,0
-0.39,3.12,69.22,8523,1427429,0,0
-0.37,3.06,69.23,8560,1427466,1,0
-0.34,3.04,69.22,8597,1427503,1,0
-0.35,3.05,69.22,8634,1427537,1,0
-0.33,3.02,69.25,8669,1427574,1,0
-0.34,3.05,69.26,8706,1427611,1,0
-0.35,3.04,69.26,8742,1427648,1,0
-0.34,3.03,69.25,8779,1427683,1,1
-0.34,3.01,69.24,8814,1427720,1,1
-0.37,2.99,69.21,8851,1427757,1,1
-0.35,2.95,69.22,8888,1427793,1,1
-0.35,2.94,69.19,8925,1427828,1,1
-0.36,2.93,69.19,8962,1427865,1,1
-0.38,2.91,69.19,8996,1427904,1,1
-0.37,2.89,69.16,9033,1427939,1,1
-0.37,2.92,69.15,9070,1427976,0,1
-0.36,2.91,69.13,9107,1428013,0,1
-0.38,2.90,69.12,9142,1428049,0,1
-0.40,2.81,69.12,9179,1428086,0,1
-0.42,2.77,69.10,9216,1428121,0,1
-0.39,2.79,69.10,9252,1428160,0,1
-0.39,2.75,69.08,9289,1428195,0,1
-0.38,2.77,69.08,9324,1428232,0,1
-0.39,2.82,69.05,9361,1428267,0,1
-0.42,2.84,69.08,9398,1428303,0,1
-0.43,2.80,69.09,9435,1428342,0,1
-0.41,2.66,69.08,9469,1428377,0,1
-0.41,2.63,69.07,9506,1428412,0,1
-0.43,2.50,69.05,9543,1428451,0,1
-0.51,2.62,69.01,9580,1428488,1,1
-0.49,3.88,68.79,9615,1428525,1,1
-0.59,6.48,68.50,9652,1428559,1,1
-0.60,10.28,68.08,9689,1428596,1,1
-1.25,5.34,67.94,9725,1428633,1,1
-1.08,-1.82,68.11,9762,1428670,1,1
-1.26,-1.25,68.30,9799,1428705,1,1
-1.51,-3.51,68.41,9838,1428742,1,1
-1.60,-6.28,68.61,9875,1428779,1,1
-1.84,-9.48,68.88,9912,1428815,1,1
-2.22,-15.10,68.98,9949,1428854,1,1
-2.02,-19.95,69.01,9988,1428891,1,1
-2.02,-24.24,69.21,10027,1428928,1,1
-1.10,-27.87,69.06,10065,1428965,1,1
0.96,-30.32,68.61,10106,1429004,0,1
2.37,-30.93,68.88,10143,1429043,0,1
2.05,-29.77,69.94,10182,1429080,0,1
2.13,-27.75,70.31,10221,1429121,0,1
2.56,-24.94,70.25,10260,1429159,0,1
1.66,-22.90,71.29,10299,1429198,0,1
1.74,-19.79,72.15,10336,1429237,0,1
3.01,-18.07,72.94,10375,1429274,0,1
4.14,-15.83,74.36,10414,1429313,0,1
3.99,-12.45,76.64,10452,1429352,0,1
2.44,-9.11,79.37,10491,1429391,0,1
-0.40,-6.82,81.83,10528,1429430,0,1
-3.06,-4.63,82.63,10567,1429469,0,1
-5.65,-0.93,83.02,10604,1429508,1,1
-8.79,2.11,83.04,10643,1429547,1,1
-8.31,3.76,82.20,10680,1429583,1,1
-7.59,0.93,81.12,10719,1429622,1,1
-6.28,0.72,79.57,10756,1429659,1,1
-6.51,-0.95,78.30,10792,1429698,1,1
-8.00,-0.96,76.68,10831,1429737,1,1
-5.78,-1.51,73.99,10870,1429774,1,1
-2.82,0.23,71.46,10909,1429813,1,1
-1.03,2.78,69.83,10946,1429850,1,1
0.29,5.33,68.79,10983,1429889,1,1
1.30,7.06,69.17,11020,1429925,1,1
2.36,7.77,71.56,11057,1429964,1,1
1.29,9.32,72.54,11094,1430001,1,1
-0.78,11.60,72.85,11128,1430040,0,1
-0.84,8.31,71.94,11167,1430077,0,1
0.94,5.35,71.93,11204,1430112,0,1
2.20,4.01,72.16,11241,1430149,0,1
1.61,3.47,71.49,11278,1430185,0,1
1.44,4.12,72.81,11315,1430224,0,1
0.72,2.36,73.36,11350,1430261,0,1
-1.36,3.14,73.13,11386,1430298,0,1
-3.83,3.88,72.74,11425,1430335,0,1
-6.14,4.34,71.09,11462,1430370,0,1
-6.01,6.01,68.77,11499,1430409,0,1
-4.88,7.52,66.08,11536,1430446,0,1
-5.44,10.98,64.67,11575,1430482,0,1
-4.94,9.88,65.13,11612,1430519,0,1
-4.56,13.29,65.55,11651,1430556,1,1
-5.73,10.12,64.75,11689,1430593,1,1
-7.26,8.23,63.43,11726,1430632,1,1
-5.83,7.00,62.10,11765,1430671,1,1
-3.10,6.69,61.34,11802,1430708,1,0
-0.42,6.58,61.42,11839,1430747,1,0
0.92,7.41,61.60,11876,1430786,1,0
0.76,8.78,61.90,11913,1430822,1,0
0.79,10.05,62.67,11950,1430861,1,0
0.86,12.62,63.97,11986,1430898,1,0
-0.88,14.16,64.88,12025,1430937,1,0
-2.79,16.22,64.31,12062,1430972,1,0
-4.77,15.78,63.09,12101,1431009,1,0
-4.39,10.30,59.43,12140,1431046,1,0
-1.61,8.42,58.86,12179,1431083,0,0
-0.55,7.27,54.69,12216,1431121,0,0
-1.54,7.70,50.15,12253,1431160,0,0
-2.51,8.72,45.32,12292,1431199,0,0
-2.51,8.63,40.69,12328,1431238,0,0
-2.52,10.13,36.21,12365,1431275,0,0
-3.54,12.12,31.53,12404,1431312,0,0
-2.74,13.61,27.21,12443,1431351,0,0
-1.70,14.91,23.74,12480,1431388,0,0
-1.48,14.90,21.28,12519,1431425,0,0
-2.75,15.25,17.76,12558,1431463,0,0
-3.81,11.90,11.33,12597,1431502,0,0
-7.16,10.31,6.38,12636,1431541,0,0
-8.04,9.42,1.79,12673,1431580,0,0
-7.62,9.52,-3.70,12709,1431619,1,0
-7.47,8.88,-9.60,12746,1431658,1,0
-7.90,8.15,-15.34,12783,1431697,1,0
-7.67,8.43,-20.64,12822,1431734,1,0
-7.70,8.92,-25.83,12861,1431777,1,0
-7.77,8.92,-28.97,12900,1431808,1,0
-7.53,7.76,-31.63,12937,1431848,1,0
-7.69,7.58,-32.34,12976,1431883,1,0
-7.71,8.68,-32.17,13015,1431922,1,0
-7.45,10.27,-31.60,13053,1431961,1,0
-7.49,11.30,-32.95,13092,1432000,1,0
-8.33,9.93,-34.42,13131,1432037,1,0
-8.69,7.84,-36.04,13170,1432076,1,0
-8.42,6.70,-36.88,13209,1432115,1,0
-7.94,4.59,-37.85,13248,1432158,0,0
-8.78,3.80,-38.54,13287,1432195,0,0
-11.20,3.04,-39.02,13324,1432231,0,0
-14.01,3.51,-39.67,13365,1432270,0,0
-14.94,4.86,-40.09,13404,1432309,0,0
-16.27,7.16,-40.46,13443,1432348,0,0
-17.83,10.17,-41.05,13484,1432387,0,0
-18.40,11.06,-40.93,13522,1432428,0,0
-18.57,14.33,-42.82,13563,1432510,0,0
-19.39,15.16,-43.49,13604,1432528,0,0
-19.86,14.55,-43.99,13645,1432547,0,0
-20.67,14.07,-45.14,13686,1432588,0,0
-21.05,10.33,-44.88,13725,1432627,0,0
-20.01,9.50,-45.51,13766,1432668,1,0
-18.64,9.03,-45.60,13805,1432709,1,0
-18.20,9.95,-45.39,13846,1432750,1,0
-17.37,10.04,-44.59,13885,1432788,1,0
-15.75,10.93,-42.25,13926,1432829,1,0
-14.63,11.82,-38.36,13967,1432870,1,0
-15.56,12.74,-34.86,14006,1432909,1,0
-16.28,14.90,-33.40,14047,1432950,1,0
-16.45,14.77,-32.25,14088,1432989,1,0
-14.64,12.21,-30.38,14129,1433030,1,0
-12.84,9.67,-28.95,14170,1433071,1,0
-12.23,9.57,-28.12,14209,1433112,1,0
-12.64,9.48,-25.75,14247,1433153,1,0
-16.40,9.34,-23.06,14288,1433235,0,0
-17.24,9.22,-22.80,14327,1433251,0,0
-18.30,9.47,-22.71,14366,1433274,0,0
-18.82,10.29,-23.07,14405,1433313,0,0
-18.78,11.50,-23.61,14446,1433354,0,0
-18.53,12.55,-23.04,14487,1433393,0,0
-17.81,11.89,-20.86,14528,1433432,0,0
-18.82,13.94,-19.58,14569,1433470,0,0
-19.81,13.27,-18.46,14608,1433511,0,0
-20.30,9.83,-17.01,14649,1433552,0,0
-20.38,8.16,-17.22,14690,1433593,0,0
-19.20,7.40,-18.14,14729,1433634,0,0
-18.27,6.83,-19.12,14768,1433675,0,0
-17.40,7.41,-19.79,14807,1433716,1,1
-16.90,7.92,-19.32,14848,1433755,1,1
-17.32,10.08,-18.58,14886,1433794,1,1
-18.98,12.49,-17.76,14927,1433835,1,1
-20.94,13.68,-17.90,14968,1433874,1,1
-22.88,11.84,-17.99,15007,1433913,1,1
-24.18,9.85,-15.56,15048,1433954,1,1
-20.88,6.18,-18.10,15089,1433995,1,1
-21.01,2.25,-21.70,15128,1434034,1,1
-20.92,-0.89,-25.52,15167,1434075,1,1
-20.85,-3.59,-31.53,15208,1434118,1,1
-20.99,-6.18,-37.80,15249,1434155,1,1
-21.33,-8.58,-44.70,15290,1434195,1,1
-22.00,-11.53,-51.83,15329,1434234,0,1
-20.43,-15.14,-61.97,15372,1434275,0,1
-16.12,-20.63,-74.53,15413,1434316,0,1
-13.06,-24.46,-85.86,15454,1434357,0,1
-10.74,-27.19,-94.38,15497,1434398,0,1
-7.28,-32.00,-100.90,15538,1434439,0,1
-7.48,-34.99,-102.63,15579,1434480,0,1
-6.64,-38.73,-106.89,15622,1434523,0,1
-6.87,-42.21,-109.80,15663,1434564,0,1
-7.99,-45.93,-111.41,15704,1434605,0,1
-5.82,-48.69,-115.74,15747,1434648,0,1
-5.37,-52.16,-118.16,15788,1434689,0,1
-5.38,-51.92,-121.00,15828,1434732,0,1
-4.65,-51.85,-123.44,15869,1434773,1,1
-5.55,-49.28,-125.42,15912,1434814,1,1
-7.13,-46.36,-126.91,15953,1434857,1,1
-8.61,-43.14,-128.24,15994,1434898,1,1
-9.81,-38.62,-128.77,16037,1434939,1,1
-10.92,-32.96,-129.27,16078,1434982,1,1
-12.62,-27.11,-129.98,16121,1435023,1,1
-13.59,-22.05,-131.59,16164,1435066,1,1
-13.84,-18.80,-133.65,16205,1435107,1,1
-14.33,-13.08,-135.78,16248,1435148,1,1
-14.70,-10.64,-136.98,16291,1435191,1,1
-15.39,-6.63,-140.41,16334,1435277,0,1
-15.53,-6.11,-141.02,16375,1435293,0,1
-15.70,-5.60,-141.87,16418,1435320,0,1
-16.00,-5.13,-142.98,16459,1435363,0,1
-16.27,-5.06,-143.88,16500,1435404,0,1
-16.49,-5.15,-144.67,16541,1435447,0,1
-16.70,-5.12,-145.34,16584,1435488,0,1
-16.87,-5.17,-145.83,16625,1435529,0,1
-17.04,-5.20,-146.30,16666,1435572,0,1
-17.21,-5.39,-146.83,16709,1435613,0,1
-17.39,-5.55,-147.47,16750,1435656,0,1
-17.52,-5.76,-148.10,16791,1435697,0,1
-17.65,-5.99,-148.99,16834,1435738,0,1
-17.77,-6.19,-150.06,16875,1435781,1,1
-17.89,-6.36,-151.11,16916,1435822,1,1
-17.99,-6.52,-152.15,16959,1435865,1,1
-18.07,-6.71,-153.24,17000,1435906,1,1
-18.14,-6.89,-154.31,17041,1435947,1,1
-18.19,-7.02,-155.46,17084,1435990,1,1
-18.23,-7.14,-156.66,17125,1436030,1,1
-18.28,-7.26,-157.84,17166,1436071,1,1
-18.33,-7.39,-159.03,17207,1436114,1,1
-18.33,-7.54,-160.18,17250,1436155,1,1
-18.32,-7.72,-161.29,17291,1436196,1,1
-18.30,-7.86,-162.48,17332,1436239,1,1
-18.25,-8.03,-163.72,17375,1436280,0,1
-18.21,-8.14,-165.01,17416,1436321,0,1
-18.15,-8.22,-166.42,17457,1436364,0,1
-18.06,-8.33,-167.79,17500,1436407,0,1
-17.96,-8.44,-169.12,17541,1436446,0,1
-17.86,-8.56,-170.52,17582,1436489,0,1
-17.74,-8.71,-171.91,17625,1436532,0,1
-17.59,-8.83,-173.27,17666,1436573,0,1
-17.43,-8.93,-174.68,17707,1436614,0,1
-17.26,-9.03,-176.12,17750,1436657,0,1
-17.08,-9.14,-177.51,17790,1436698,0,1
-16.87,-9.30,-178.98,17831,1436739,0,0
-16.66,-9.38,179.49,17872,1436782,1,0
-16.44,-9.47,177.98,17913,1436823,1,0
-16.21,-9.54,176.37,17954,1436864,1,0
-15.96,-9.62,174.80,17995,1436905,1,0
-15.70,-9.67,173.12,18036,1436948,1,0
-15.43,-9.72,171.47,18077,1436989,1,0
-15.14,-9.76,169.78,18116,1437030,1,0
-14.84,-9.77,168.07,18157,1437069,1,0
-14.53,-9.74,166.32,18198,1437110,1,0
-14.22,-9.69,164.53,18239,1437151,1,0
-13.88,-9.64,162.71,18280,1437192,1,0
-13.52,-9.60,160.90,18319,1437233,1,0
-13.15,-9.56,158.96,18360,1437274,1,0
-12.79,-9.51,157.08,18401,1437315,0,0
-12.42,-9.45,155.17,18442,1437356,0,0
-12.04,-9.37,153.22,18483,1437396,0,0
-11.65,-9.27,151.23,18522,1437435,0,0
-11.24,-9.15,149.22,18563,1437476,0,0
-10.83,-8.99,147.18,18604,1437517,0,0
-10.40,-8.85,145.10,18644,1437558,0,0
-9.97,-8.68,143.00,18685,1437599,0,0
-9.52,-8.49,140.86,18724,1437638,0,0
-9.07,-8.28,138.68,18763,1437679,0,0
-8.59,-8.04,136.37,18802,1437722,0,0
-8.14,-7.77,134.14,18843,1437761,0,0
-7.69,-7.51,131.97,18882,1437800,0,0
-7.21,-7.26,129.66,18921,1437841,1,0
-6.77,-6.98,127.40,18962,1437880,1,0
-6.29,-6.66,124.99,19001,1437921,1,0
-5.84,-6.28,122.64,19040,1437960,1,0
-5.37,-5.84,120.14,19081,1437999,1,0
-4.93,-5.41,117.73,19120,1438038,1,0
-4.47,-4.94,115.19,19159,1438078,1,0
-4.03,-4.52,112.71,19197,1438117,1,0
-3.60,-4.05,110.09,19238,1438158,1,0
-3.18,-3.55,107.55,19277,1438197,1,0
-2.75,-3.01,104.87,19316,1438236,1,0
-2.35,-2.43,102.16,19357,1438277,1,0
-2.00,-1.87,99.56,19396,1438316,1,0
-1.65,-1.30,96.87,19435,1438357,0,0
-1.32,-0.78,94.34,19474,1438394,0,0
-1.02,-0.23,91.74,19511,1438435,0,0
-0.76,0.30,89.37,19550,1438474,0,0
-0.57,0.77,87.11,19587,1438513,0,0
-0.42,1.14,85.03,19625,1438552,0,0
-0.28,1.49,83.12,19662,1438590,0,0
-0.18,1.79,81.47,19699,1438629,0,0
-0.10,2.11,80.03,19736,1438666,0,0
-0.05,2.27,78.76,19775,1438703,0,0
-0.01,2.46,77.71,19812,1438740,0,0
0.01,2.63,76.72,19849,1438779,0,0
0.03,2.77,75.91,19886,1438816,0,0
0.05,2.87,75.19,19922,1438853,1,0
0.06,2.97,74.54,19959,1438892,1,0
0.09,3.07,74.03,19994,1438928,1,0
0.08,3.16,73.56,20031,1438965,1,0
0.07,3.22,73.20,20068,1439002,1,0
0.07,3.26,72.84,20105,1439039,1,0
0.07,3.26,72.51,20142,1439076,1,0
0.07,3.33,72.23,20176,1439113,1,0
0.05,3.34,71.98,20213,1439150,1,0
0.05,3.35,71.79,20250,1439184,1,0
0.07,3.38,71.55,20287,1439221,1,0
0.06,3.40,71.39,20322,1439258,1,0
0.06,3.44,71.23,20359,1439295,1,0
0.06,3.50,71.11,20396,1439330,1,0
0.06,3.48,70.97,20432,1439367,0,0
0.05,3.50,70.86,20467,1439404,0,0
0.05,3.52,70.78,20504,1439442,0,0
0.05,3.53,70.72,20541,1439475,0,0
0.06,3.51,70.65,20578,1439512,0,0
0.07,3.50,70.60,20615,1439549,0,0
0.08,3.51,70.54,20649,1439586,0,0
0.05,3.52,70.48,20686,1439623,0,0
0.06,3.53,70.43,20723,1439660,0,0
0.06,3.54,70.40,20760,1439696,0,0
0.06,3.51,70.38,20795,1439733,0,0
0.07,3.51,70.34,20832,1439768,0,1
0.06,3.51,70.29,20869,1439805,0,1
0.06,3.54,70.25,20905,1439842,0,1
0.08,3.55,70.22,20942,1439879,1,1
0.08,3.50,70.22,20977,1439913,1,1
0.09,3.48,70.21,21014,1439950,1,1
0.08,3.45,70.21,21051,1439987,1,1
0.12,3.46,70.19,21088,1440024,1,1
0.10,3.48,70.16,21123,1440061,1,1
0.10,3.54,70.17,21159,1440096,1,1
0.09,3.53,70.13,21196,1440133,1,1
0.07,3.52,70.12,21233,1440169,1,1
0.08,3.50,70.10,21270,1440206,1,1
0.08,3.51,70.10,21305,1440243,1,1
0.08,3.51,70.09,21342,1440280,1,1
0.09,3.52,70.10,21379,1440317,1,1
0.08,3.53,70.10,21415,1440354,1,1
0.07,3.54,70.12,21450,1440389,0,1
0.07,3.53,70.11,21487,1440425,0,1
0.06,3.56,70.10,21524,1440462,0,1
0.03,3.53,70.12,21561,1440499,0,1
0.06,3.51,70.09,21596,1440536,0,1
0.08,3.50,70.06,21633,1440571,0,1
0.09,3.52,70.05,21669,1440608,0,1
0.12,3.29,70.03,21706,1440645,0,1
0.11,2.90,69.99,21743,1440681,0,1
0.09,2.97,69.85,21778,1440716,0,1
-0.13,4.12,69.50,21815,1440753,0,1
-0.33,5.91,69.24,21852,1440790,0,1
-0.46,6.58,69.27,21891,1440827,0,1
-0.45,6.64,69.55,21927,1440862,0,1
0.79,4.60,69.88,21964,1440899,1,1
-0.36,3.19,70.25,22001,1440935,1,1
-1.03,-8.20,71.85,22038,1440974,1,1
-1.75,-8.97,72.27,22077,1441011,1,1
-3.10,-15.83,72.25,22116,1441050,1,1
-2.58,-21.91,71.95,22155,1441087,1,1
-1.42,-27.14,71.99,22194,1441124,1,1
0.03,-31.61,72.03,22235,1441163,1,1
0.53,-34.01,72.32,22274,1441202,1,1
1.24,-35.56,72.19,22310,1441241,1,1
1.31,-34.06,72.66,22349,1441280,1,1
0.81,-31.20,72.74,22388,1441318,1,1
0.45,-27.12,72.02,22427,1441357,1,1
-0.39,-23.76,71.54,22464,1441396,1,1
-0.52,-20.55,71.34,22505,1441435,0,1
1.08,-19.31,70.90,22544,1441474,0,1
3.45,-18.73,70.64,22583,1441513,0,1
5.76,-17.85,72.16,22622,1441552,0,1
6.07,-14.50,76.14,22659,1441591,0,1
2.50,-11.57,80.70,22697,1441630,0,1
-0.50,-10.04,82.88,22736,1441669,0,1
-2.77,-7.12,83.56,22775,1441708,0,1
-5.56,-3.90,83.54,22814,1441746,0,1
-7.13,-1.21,80.70,22853,1441785,0,1
-6.21,-3.73,80.02,22892,1441824,0,1
-4.14,-4.70,78.81,22929,1441863,0,1
-5.07,-5.37,77.85,22968,1441902,0,1
-5.45,-4.26,75.23,23007,1441941,1,1
-3.35,-4.54,71.83,23046,1441984,1,1
-1.37,-2.80,70.01,23085,1442017,1,1
0.41,-0.16,68.59,23121,1442056,1,1
1.64,-0.68,67.73,23160,1442095,1,1
2.09,2.89,68.82,23197,1442134,1,1
3.25,5.57,71.17,23234,1442172,1,1
3.11,8.45,73.41,23271,1442211,1,1
3.12,5.22,72.61,23306,1442248,1,1
4.20,2.12,72.21,23343,1442287,1,1
4.99,1.71,71.03,23379,1442322,1,1
6.28,-0.06,69.70,23416,1442359,1,1
5.26,0.75,70.87,23453,1442396,1,1
3.45,-0.72,72.05,23490,1442433,1,1
1.23,-0.12,72.63,23527,1442469,0,1
-1.06,0.99,72.24,23564,1442504,0,1
-3.59,2.43,70.08,23603,1442543,0,1
-4.17,5.90,67.58,23640,1442580,0,1
-4.76,8.02,64.68,23676,1442617,0,1
-5.05,10.17,62.71,23713,1442654,0,1
-3.40,9.41,63.66,23752,1442693,0,1
-4.01,10.46,63.45,23789,1442729,0,1
-6.31,9.06,63.72,23828,1442766,0,1
-7.30,7.28,62.30,23867,1442803,0,0
-6.01,5.61,60.87,23904,1442842,0,0
-3.48,6.28,59.19,23941,1442879,0,0
-1.59,6.66,57.76,23977,1442918,0,0
0.33,7.20,56.78,24016,1442957,0,0
1.82,8.19,56.62,24051,1442994,1,0
2.78,7.97,57.94,24088,1443031,1,0
1.76,10.57,59.65,24125,1443069,1,0
0.01,13.46,61.39,24162,1443106,1,0
-2.43,15.39,61.40,24201,1443143,1,0
-4.41,13.90,60.43,24238,1443178,1,0
-5.25,9.84,58.31,24276,1443215,1,0
-3.54,9.72,57.07,24313,1443252,1,0
-2.57,7.43,52.35,24352,1443291,1,0
-4.10,6.44,46.86,24389,1443330,1,0
-4.33,7.77,41.62,24426,1443368,1,0
-4.75,7.50,36.49,24465,1443405,1,0
-6.62,8.21,30.30,24502,1443442,1,0
-7.89,9.35,23.67,24539,1443479,1,0
-8.41,11.23,16.26,24576,1443518,0,0
-7.97,13.41,9.48,24614,1443555,0,0
-6.89,14.32,4.50,24651,1443592,0,0
-6.52,15.40,1.07,24690,1443631,0,0
-6.09,11.46,-3.72,24727,1443667,0,0
-7.09,10.35,-7.34,24766,1443706,0,0
-9.41,10.50,-11.41,24805,1443743,0,0
-9.66,8.67,-20.65,24844,1443825,0,0
-9.46,8.44,-23.09,24883,1443842,0,0
-9.48,7.93,-25.53,24920,1443858,0,0
-9.48,7.28,-31.21,24958,1443897,0,0
-8.91,6.55,-35.84,24997,1443936,0,0
-8.22,6.32,-39.36,25036,1443975,0,0
-7.87,5.92,-42.08,25075,1444014,0,0
-8.05,5.81,-44.22,25112,1444050,1,0
-8.80,7.61,-45.30,25151,1444089,1,0
-9.80,9.84,-45.98,25190,1444128,1,0
-10.25,12.30,-46.45,25229,1444167,1,0
-10.08,10.85,-46.87,25270,1444206,1,0
-10.21,10.36,-47.24,25309,1444245,1,0
-10.77,7.71,-47.58,25350,1444284,1,0
-11.85,6.00,-49.17,25389,1444323,1,0
-12.06,5.57,-48.97,25430,1444362,1,0
-12.53,6.09,-48.39,25468,1444403,1,0
-12.94,6.17,-47.92,25507,1444444,1,0
-14.28,6.99,-46.61,25548,1444483,1,0
-15.37,8.43,-44.95,25587,1444524,1,0
-16.19,8.82,-43.42,25626,1444562,0,0
-17.50,9.15,-41.92,25667,1444603,0,0
-18.48,11.69,-41.51,25706,1444642,0,0
-18.09,11.30,-40.60,25747,1444681,0,0
-18.66,12.63,-38.86,25786,1444720,0,0
-18.69,12.19,-38.85,25827,1444761,0,0
-19.22,10.70,-37.89,25868,1444800,0,0
-20.17,10.38,-36.96,25909,1444841,0,0
-18.60,9.31,-37.09,25950,1444882,0,0
-17.45,8.79,-37.34,25989,1444923,0,0
-16.20,8.86,-36.93,26028,1444964,0,0
-14.82,10.27,-35.69,26068,1445003,0,0
-13.29,12.83,-32.41,26107,1445044,0,0
-12.54,14.44,-27.27,26148,1445085,1,0
-12.98,16.66,-23.10,26189,1445124,1,0
-14.20,18.88,-21.96,26230,1445163,1,0
-13.85,16.78,-21.64,26271,1445203,1,0
-11.44,13.47,-20.76,26310,1445244,1,0
-10.46,11.33,-19.04,26351,1445285,1,0
-10.61,10.90,-17.51,26392,1445324,1,0
-11.97,11.35,-15.64,26433,1445367,1,0
-12.92,10.40,-14.07,26474,1445408,1,0
-14.34,9.75,-13.13,26513,1445449,1,0
-16.13,10.17,-12.98,26554,1445490,1,0
-16.55,10.14,-13.14,26595,1445529,1,0
-15.39,11.92,-14.24,26634,1445570,1,0
-15.17,12.73,-13.56,26675,1445611,0,0
-15.62,14.42,-10.77,26716,1445652,0,0
-17.53,15.80,-10.66,26757,1445691,0,0
-17.46,13.35,-10.24,26798,1445730,0,0
-18.37,11.60,-9.30,26836,1445773,0,0
-18.42,9.05,-8.02,26877,1445814,0,1
-17.36,7.64,-8.37,26914,1445855,0,1
-16.75,6.90,-9.16,26953,1445894,0,1
-15.93,5.90,-9.83,26992,1445935,0,1
-15.54,5.59,-9.89,27031,1445976,0,1
-15.40,6.60,-9.73,27070,1446012,0,1
-16.07,9.37,-10.47,27107,1446051,0,1
-18.04,11.04,-10.66,27148,1446090,0,1
-19.82,10.21,-9.86,27187,1446129,1,1
-20.91,6.57,-8.67,27228,1446168,1,1
-18.79,3.09,-9.65,27267,1446207,1,1
-19.50,-0.71,-11.80,27303,1446246,1,1
-22.05,-3.79,-14.72,27344,1446285,1,1
-23.50,-6.47,-18.89,27385,1446326,1,1
-26.10,-10.55,-23.57,27426,1446365,1,1
-27.89,-13.76,-29.61,27467,1446404,1,1
-28.19,-17.59,-36.83,27508,1446445,1,1
-27.67,-22.54,-44.48,27551,1446486,1,1
-26.73,-28.38,-52.26,27592,1446526,1,1
-25.89,-33.32,-59.91,27633,1446565,1,1
-23.59,-39.32,-67.18,27676,1446608,1,1
-19.55,-44.60,-73.78,27717,1446651,0,1
-18.58,-47.67,-77.49,27758,1446692,0,1
-17.60,-50.23,-82.16,27801,1446735,0,1
-15.12,-52.32,-87.47,27842,1446776,0,1
-12.60,-54.11,-92.79,27883,1446815,0,1
-11.15,-55.13,-96.88,27926,1446858,0,1
-9.78,-54.45,-100.39,27967,1446901,0,1
-7.72,-53.43,-104.09,28008,1446942,0,1
-6.76,-51.76,-106.51,28049,1446983,0,1
-6.14,-49.33,-108.84,28092,1447024,0,1
-5.61,-45.63,-110.90,28133,1447067,0,1
-5.96,-40.60,-111.92,28174,1447110,0,1
-6.61,-35.29,-112.30,28217,1447151,1,1
-7.20,-30.32,-112.66,28258,1447192,1,1
-10.60,-20.75,-112.58,28299,1447278,1,1
-11.27,-18.97,-112.83,28342,1447294,1,1
-12.01,-16.45,-113.43,28385,1447317,1,1
-13.21,-12.29,-114.47,28428,1447358,1,1
-15.27,-5.39,-116.25,28471,1447444,1,1
-15.56,-4.32,-116.48,28512,1447460,1,1
-16.05,-2.81,-116.81,28553,1447487,1,1
-18.12,1.48,-118.15,28596,1447571,1,1
-18.55,2.31,-118.52,28635,1447589,1,1
-19.57,1.31,-118.41,28676,1447614,1,1
-20.60,-0.50,-118.47,28717,1447657,0,1
-21.22,-0.12,-119.29,28758,1447696,0,1
-21.61,1.28,-120.50,28801,1447737,0,1
-22.04,1.97,-121.42,28839,1447778,0,1
-22.31,1.87,-121.73,28880,1447819,0,1
-22.54,1.35,-121.65,28921,1447860,0,1
-22.78,0.61,-121.33,28962,1447903,0,1
-22.97,-0.16,-121.09,29003,1447944,0,1
-23.18,-0.70,-121.04,29044,1447987,0,1
-23.39,-1.10,-121.13,29085,1448024,0,1
-23.65,-1.48,-121.32,29128,1448067,0,1
-24.19,-2.14,-121.64,29173,1448153,0,1
-24.39,-2.45,-121.67,29229,1448196,1,1
-24.62,-2.86,-121.65,29253,1448255,1,1
-24.83,-3.03,-121.83,29294,1448296,1,1
-25.04,-3.15,-122.14,29335,1448339,1,1
-25.17,-3.20,-122.33,29376,1448361,1,1
-25.26,-3.24,-122.47,29419,1448378,1,1
-25.35,-3.34,-122.61,29460,1448398,1,1
-25.59,-3.91,-122.85,29501,1448439,1,1
-25.80,-4.38,-122.99,29544,1448480,1,1
-26.03,-4.79,-123.17,29585,1448523,1,1
-26.43,-4.85,-124.05,29626,1448607,1,1
-26.50,-4.82,-124.24,29669,1448624,1,1
-26.62,-4.86,-124.49,29710,1448650,1,1
-27.02,-5.36,-125.44,29751,1448732,0,1
-27.11,-5.43,-125.63,29794,1448751,0,1
-27.21,-5.51,-125.89,29835,1448773,0,1
-27.36,-5.65,-126.28,29876,1448816,0,0
-27.49,-5.83,-126.65,29917,1448857,0,0
-27.75,-6.31,-127.41,29960,1448941,0,0
-27.80,-6.39,-127.58,30001,1448960,0,0
-27.85,-6.47,-127.79,30042,1448982,0,0
-27.96,-6.60,-128.22,30234,1449023,0,0
-28.12,-6.79,-129.01,30283,1449109,0,0
-28.31,-7.40,-130.90,30320,1449322,1,0
-28.33,-7.52,-131.40,30369,1449365,1,0
-28.35,-7.62,-131.90,30406,1449408,1,0
-28.38,-7.75,-132.41,30427,1449451,1,0
-28.38,-7.86,-132.91,30472,1449494,1,0
-28.38,-7.90,-133.12,30511,1449512,1,0
-28.39,-8.01,-133.64,30531,1449558,1,0
-28.38,-8.11,-134.18,30554,1449601,1,0
-28.38,-8.16,-134.41,30595,1449619,1,0
-28.37,-8.23,-134.73,30636,1449644,1,0
-28.35,-8.31,-135.16,30676,1449674,1,0
-28.34,-8.39,-135.60,30720,1449707,1,0
-28.32,-8.50,-136.16,30760,1449746,0,0
-28.30,-8.61,-136.83,30801,1449789,0,0
-28.27,-8.71,-137.53,30844,1449832,0,0
-28.24,-8.86,-138.21,30885,1449873,0,0
-28.23,-8.92,-138.51,30926,1449891,0,0
-28.20,-9.02,-139.23,30969,1449934,0,0
-28.15,-9.11,-139.93,31010,1449977,0,0
-28.09,-9.21,-140.64,31051,1450020,0,0
-28.00,-9.33,-141.65,31092,1450082,0,0
-27.98,-9.38,-141.93,31135,1450098,0,0
-27.94,-9.44,-142.34,31176,1450121,0,0
-27.87,-9.54,-143.05,31217,1450160,0,0
-27.69,-9.70,-144.69,31260,1450246,0,0
-27.65,-9.74,-145.01,31301,1450262,1,0
-27.60,-9.79,-145.46,31342,1450287,1,0
-27.51,-9.93,-146.24,31385,1450326,1,0
-27.39,-10.05,-147.07,31426,1450369,1,0
-27.28,-10.16,-147.95,31469,1450412,1,0
-27.18,-10.29,-148.81,31512,1450452,1,0
-27.05,-10.44,-149.75,31553,1450493,1,0
-26.92,-10.56,-150.69,31596,1450536,1,0
-26.79,-10.70,-151.63,31639,1450579,1,0
-26.65,-10.81,-152.60,31682,1450620,1,0
-26.36,-11.05,-154.62,31725,1450706,1,0
-26.20,-11.20,-155.65,31768,1450749,1,0
-26.13,-11.25,-156.06,31809,1450766,0,0
-25.83,-11.45,-157.86,31852,1450835,0,0
-25.76,-11.50,-158.29,31895,1450852,0,0
-25.66,-11.56,-158.94,31938,1450878,0,0
-25.24,-11.90,-161.05,31981,1450962,0,0
-25.17,-11.97,-161.48,32022,1450981,0,0
-24.83,-12.15,-163.39,32065,1451048,0,0
-24.74,-12.20,-163.87,32108,1451065,0,0
-24.60,-12.27,-164.67,32151,1451091,0,0
-24.38,-12.41,-165.94,32194,1451134,0,0
-24.15,-12.54,-167.27,32237,1451177,0,0
-23.64,-12.75,-170.04,32278,1451264,0,0
-23.53,-12.79,-170.65,32321,1451282,1,0
-23.10,-12.93,-172.92,32364,1451347,1,0
-22.99,-12.96,-173.48,32407,1451364,1,0
-22.50,-13.07,-175.85,32450,1451433,1,0
-22.38,-13.10,-176.42,32491,1451450,1,0
-22.19,-13.14,-177.35,32534,1451476,1,0
-21.87,-13.20,-178.84,32577,1451520,1,0
-21.53,-13.24,179.61,32620,1451563,1,0
-21.19,-13.28,178.05,32661,1451603,1,0
-20.48,-13.36,174.75,32704,1451689,1,0
-20.34,-13.38,174.09,32745,1451706,1,0
-20.12,-13.39,173.08,32786,1451732,1,0
-19.75,-13.39,171.37,32827,1451773,1,0
-19.35,-13.38,169.64,32870,1451816,0,1
-18.97,-13.38,167.97,32911,1451857,0,1
-18.57,-13.33,166.17,32952,1451900,0,1
-18.16,-13.31,164.43,32995,1451941,0,1
-17.74,-13.25,162.57,33036,1451982,0,1
-17.30,-13.18,160.69,33077,1452025,0,1
-16.87,-13.11,158.85,33120,1452066,0,1
-16.42,-13.00,156.89,33161,1452107,0,1
-15.95,-12.87,154.89,33202,1452150,0,1
-15.51,-12.75,152.93,33245,1452191,0,1
-15.02,-12.59,150.85,33286,1452234,0,1
-14.55,-12.42,148.83,33327,1452275,0,1
-14.05,-12.24,146.70,33370,1452316,1,1
-13.54,-12.05,144.55,33411,1452359,1,1
-13.06,-11.84,142.47,33452,1452400,1,1
-12.55,-11.57,140.25,33492,1452441,1,1
-12.03,-11.33,138.01,33536,1452484,1,1
-11.54,-11.06,135.82,33576,1452525,1,1
-11.00,-10.83,133.51,33617,1452568,1,1
-10.49,-10.98,131.07,33660,1452607,1,1
-10.31,-10.16,127.88,33701,1452650,1,1
-9.95,-7.75,124.81,33742,1452693,1,1
-9.54,-5.73,122.43,33783,1452732,1,1
-8.99,-4.27,120.73,33822,1452775,1,1
-7.64,-5.76,121.33,33861,1452818,0,1
-7.74,-2.87,121.66,33902,1452859,0,1
-7.66,-7.15,121.01,33941,1452898,0,1
-6.90,-11.15,119.17,33980,1452939,0,1
-6.30,-14.91,117.43,34021,1452978,0,1
-5.78,-18.67,115.05,34062,1453017,0,1
-4.37,-25.19,112.11,34103,1453058,0,1
-1.66,-29.74,108.76,34142,1453096,0,1
1.91,-34.13,106.49,34183,1453137,0,1
4.77,-35.78,103.89,34222,1453178,0,1
4.05,-35.35,102.28,34263,1453217,0,1
1.88,-34.04,100.95,34301,1453258,0,1
-0.60,-32.13,99.52,34340,1453299,0,1
0.36,-29.11,95.29,34381,1453340,1,1
2.19,-28.01,91.28,34418,1453379,1,1
5.86,-22.32,87.45,34457,1453463,1,1
6.35,-21.07,87.11,34496,1453479,1,1
6.38,-19.51,87.08,34535,1453498,1,1
3.91,-16.12,88.90,34574,1453537,1,1
1.31,-13.67,89.49,34611,1453576,1,1
0.57,-10.03,88.17,34650,1453615,1,1
-1.01,-6.36,88.61,34689,1453654,1,1
-2.22,-5.00,86.81,34727,1453692,1,1
-6.70,-4.24,86.22,34766,1453729,1,1
-4.84,-7.19,85.37,34803,1453770,1,1
-4.01,-7.62,85.32,34842,1453807,1,1
-6.47,-7.44,84.87,34881,1453846,0,1
-6.65,-7.91,82.14,34920,1453883,0,1
-3.29,-5.83,79.22,34957,1453922,0,1
-1.98,-2.23,77.48,34996,1453961,0,1
-2.29,1.53,75.45,35035,1454000,0,1
-0.43,3.93,74.70,35072,1454036,0,1
1.39,5.86,76.13,35110,1454075,0,1
2.40,7.66,79.22,35145,1454114,0,1
-0.25,9.71,81.29,35182,1454153,0,1
1.95,6.18,79.34,35219,1454192,0,1
2.86,5.31,79.24,35256,1454229,0,1
2.57,2.87,78.39,35293,1454266,0,1
2.68,4.68,76.27,35330,1454303,0,1
1.36,3.23,76.16,35366,1454340,0,1
-0.94,1.22,76.42,35401,1454376,1,1
-3.38,1.73,75.87,35440,1454413,1,1
-5.35,2.18,73.46,35477,1454450,1,1
-5.22,4.72,70.67,35514,1454485,1,1
-5.04,6.47,67.29,35551,1454522,1,1
-3.93,8.60,64.12,35590,1454561,1,1
-5.28,13.26,64.31,35627,1454598,1,1
-4.99,14.16,62.75,35665,1454635,1,1
-5.54,12.39,62.58,35704,1454671,1,1
-8.67,12.95,60.92,35741,1454710,1,1
-7.63,8.16,60.66,35780,1454747,1,1
-5.18,6.37,59.05,35817,1454786,1,1
-3.07,5.93,57.65,35856,1454825,1,0
-1.73,5.78,57.24,35893,1454862,1,0
0.21,6.57,57.54,35930,1454901,0,0
2.32,6.78,58.61,35966,1454940,0,0
1.91,9.29,60.22,36003,1454977,0,0
0.38,12.15,61.29,36040,1455013,0,0
-1.58,16.30,61.88,36077,1455052,0,0
-3.04,18.13,62.23,36116,1455087,0,0
-3.29,12.23,60.53,36153,1455124,0,0
-1.82,10.72,60.49,36192,1455161,0,0
-0.23,9.41,58.25,36231,1455200,0,0
-0.84,7.43,55.03,36268,1455237,0,0
-1.95,8.31,51.78,36306,1455276,0,0
-3.45,7.61,47.30,36343,1455314,0,0
-6.25,7.47,41.98,36380,1455353,0,0
-6.61,9.85,29.12,36417,1455433,1,0
-6.26,10.56,26.51,36456,1455450,1,0
-5.80,11.44,23.92,36495,1455466,1,0
-4.82,12.95,19.58,36532,1455503,1,0
-5.17,14.47,16.20,36571,1455540,1,0
-4.09,11.94,11.74,36610,1455579,1,0
-5.66,10.76,7.23,36648,1455618,1,0
-8.97,9.88,-0.49,36685,1455656,1,0
-9.37,7.49,-7.35,36722,1455693,1,0
-8.36,6.44,-15.15,36761,1455732,1,0
-7.24,5.18,-22.80,36798,1455771,1,0
-6.95,4.68,-28.90,36837,1455808,1,0
-6.01,4.37,-38.90,36876,1455890,1,0
-5.77,4.38,-40.42,36915,1455906,0,0
-5.61,4.19,-41.42,36952,1455923,0,0
-6.67,4.55,-42.68,36990,1455962,0,0
-7.68,5.75,-43.74,37029,1456001,0,0
-9.58,4.76,-43.46,37068,1456037,0,0
-8.64,6.13,-45.22,37107,1456076,0,0
-8.84,4.52,-46.89,37144,1456115,0,0
-9.38,2.86,-49.08,37183,1456154,0,0
-9.80,2.29,-49.90,37222,1456193,0,0
-11.51,2.10,-50.24,37261,1456232,0,0
-12.99,2.36,-50.01,37300,1456269,0,0
-14.93,3.27,-48.79,37339,1456308,0,0
-17.27,5.18,-47.88,37380,1456347,0,0
-19.18,7.16,-47.84,37419,1456386,0,0
-21.19,8.79,-48.57,37457,1456424,0,0
-22.18,10.47,-48.88,37498,1456465,1,0
-20.95,9.66,-49.16,37537,1456504,1,0
-22.36,11.27,-48.57,37578,1456543,1,0
-23.74,7.57,-48.92,37617,1456625,1,0
-23.97,7.33,-48.91,37658,1456642,1,0
-24.01,6.87,-49.28,37697,1456664,1,0
-22.31,6.64,-50.96,37736,1456703,1,0
-21.15,7.06,-52.67,37777,1456744,1,0
-19.73,7.21,-53.29,37816,1456783,1,0
-18.27,7.77,-52.23,37855,1456824,1,0
-17.43,9.93,-49.23,37896,1456863,1,0
-17.41,11.63,-44.73,37935,1456904,1,0
-18.13,14.06,-42.46,37976,1456943,1,0
-18.50,16.27,-40.47,38014,1456982,0,0
-16.74,12.86,-39.73,38055,1457020,0,0
-14.94,10.48,-37.55,38096,1457061,0,0
-14.63,9.09,-35.57,38137,1457102,0,0
-15.22,10.02,-34.50,38176,1457143,0,0
-15.68,9.73,-31.91,38217,1457182,0,0
-16.00,10.25,-30.04,38256,1457223,0,0
-17.98,10.38,-28.80,38297,1457264,0,0
-19.93,10.20,-28.81,38338,1457305,0,0
-20.02,11.55,-30.13,38379,1457344,0,0
-20.34,12.78,-31.86,38418,1457383,0,0
-20.86,12.31,-32.41,38459,1457424,0,0
-21.06,14.28,-31.23,38500,1457467,0,0
-24.10,15.08,-32.87,38541,1457508,1,0
-25.41,12.88,-32.53,38582,1457547,1,0
-25.79,11.03,-30.82,38623,1457588,1,0
-26.59,9.29,-29.86,38662,1457629,1,0
-24.99,7.03,-31.43,38703,1457670,1,0
-24.89,5.23,-33.38,38742,1457709,1,0
-24.34,5.14,-35.53,38780,1457750,1,0
-23.23,5.01,-37.77,38821,1457833,1,1
-23.16,5.43,-38.16,38860,1457850,1,1
-23.16,6.49,-38.54,38899,1457868,1,1
-24.22,8.62,-39.11,38938,1457909,1,1
-25.72,6.69,-39.40,38979,1457950,1,1
-23.97,3.11,-42.31,39018,1457989,1,1
-24.10,-0.53,-45.94,39057,1458030,0,1
-24.90,-2.48,-49.10,39098,1458067,0,1
-26.21,-5.30,-52.78,39139,1458108,0,1
-28.85,-9.36,-57.86,39180,1458147,0,1
-30.35,-13.42,-65.52,39221,1458188,0,1
-29.19,-18.32,-74.19,39262,1458227,0,1
-26.41,-23.92,-83.22,39303,1458268,0,1
-23.07,-29.30,-93.65,39344,1458311,0,1
-20.17,-34.89,-102.99,39387,1458350,0,1
-16.99,-40.24,-111.71,39430,1458391,0,1
-13.04,-45.01,-117.94,39471,1458434,0,1
-11.19,-48.10,-121.43,39514,1458475,0,1
-9.54,-52.48,-125.00,39557,1458518,0,1
-9.75,-55.15,-128.01,39598,1458558,1,1
-6.07,-59.26,-136.36,39641,1458644,1,1
-4.85,-60.45,-141.06,39682,1458704,1,1
-4.23,-60.69,-142.69,39723,1458722,1,1
-3.95,-60.71,-143.90,39766,1458739,1,1
-4.09,-60.10,-145.39,39806,1458769,1,1
-3.34,-59.57,-148.31,39847,1458812,1,1
-3.32,-57.95,-151.00,39890,1458855,1,1
-2.47,-56.41,-154.33,39931,1458896,1,1
-4.01,-53.01,-156.11,39972,1458937,1,1
-6.08,-47.36,-157.57,40013,1458978,1,1
-7.15,-41.34,-159.24,40056,1459021,1,1
-8.48,-36.97,-160.86,40097,1459064,0,1
-9.88,-33.09,-161.99,40138,1459105,0,1
-11.24,-28.98,-162.99,40181,1459146,0,1
-12.42,-24.58,-164.27,40224,1459187,0,1
-13.38,-19.79,-165.99,40265,1459230,0,1
-13.91,-15.77,-167.85,40308,1459271,0,1
-14.37,-12.64,-170.04,40351,1459314,0,1
-14.68,-7.85,-172.54,40394,1459355,0,1
-15.06,-3.34,-178.82,40435,1459441,0,1
-15.07,-3.42,-179.77,40476,1459458,0,1
-15.23,-4.51,177.41,40519,1459527,0,1
-15.24,-4.78,176.81,40560,1459544,1,1
-15.23,-5.18,175.93,40599,1459568,1,1
-15.24,-5.51,174.26,40640,1459611,1,1
-15.24,-5.64,172.64,40681,1459652,1,1
-15.19,-5.82,171.13,40722,1459691,1,1
-15.08,-6.03,169.68,40763,1459732,1,1
-14.99,-6.35,168.27,40802,1459773,1,1
-14.87,-6.74,166.85,40843,1459814,1,1
-14.74,-7.09,165.45,40884,1459855,1,1
-14.59,-7.39,163.91,40925,1459896,1,1
-14.40,-7.62,162.30,40966,1459937,1,1
-14.20,-7.80,160.56,41005,1459978,1,1
-14.01,-8.01,158.69,41046,1460019,1,1
-13.79,-8.23,156.74,41086,1460060,1,1
-13.54,-8.37,154.70,41127,1460099,0,1
-13.28,-8.52,152.64,41168,1460140,0,1
-13.03,-8.63,150.57,41207,1460180,0,1
-12.76,-8.62,148.52,41248,1460221,0,1
-12.49,-8.58,146.51,41289,1460262,0,1
-12.17,-8.54,144.52,41330,1460301,0,1
-11.82,-8.52,142.48,41371,1460342,0,1
-11.46,-8.45,140.36,41410,1460383,0,1
-11.13,-8.39,138.19,41451,1460424,0,1
-10.77,-8.28,135.97,41492,1460465,0,1
-10.39,-8.14,133.61,41533,1460506,0,1
-10.01,-8.00,131.34,41574,1460547,0,1
-9.60,-7.84,129.02,41613,1460588,0,1
-9.20,-7.67,126.66,41654,1460629,1,1
-8.79,-7.42,124.28,41693,1460668,1,1
-8.37,-7.14,121.86,41732,1460709,1,1
-7.96,-6.83,119.40,41773,1460750,1,1
-7.55,-6.50,116.88,41811,1460791,1,1
-7.15,-6.13,114.43,41850,1460828,1,0
-6.73,-5.72,111.84,41891,1460869,1,0
-6.34,-5.27,109.31,41930,1460908,1,0
-5.92,-4.71,106.53,41969,1460951,1,0
-5.54,-4.24,104.06,42008,1460987,1,0
-5.14,-3.71,101.34,42049,1461028,1,0
-4.82,-3.18,98.72,42088,1461067,1,0
-4.47,-2.58,96.02,42127,1461106,1,0
-4.17,-1.98,93.48,42166,1461145,0,0
-3.88,-1.42,90.87,42203,1461186,0,0
-3.64,-0.87,88.35,42242,1461225,0,0
-3.46,-0.39,86.09,42280,1461264,0,0
-3.32,0.09,83.98,42319,1461303,0,0
-3.18,0.48,82.07,42356,1461342,0,0
-3.08,0.94,80.39,42393,1461381,0,0
-3.02,1.23,78.91,42432,1461420,0,0
-2.98,1.66,77.64,42469,1461456,0,0
-2.92,1.97,76.52,42506,1461495,0,0
-2.87,2.13,75.66,42543,1461530,0,0
-2.97,2.21,74.85,42582,1461569,0,0
-2.96,2.22,74.12,42618,1461608,0,0
-2.85,2.28,73.51,42655,1461647,1,0
-2.92,2.40,73.04,42694,1461682,1,0
-2.89,2.23,72.58,42731,1461719,1,0
-2.89,2.27,72.16,42768,1461757,1,0
-2.81,2.43,71.80,42805,1461794,1,0
-2.78,2.50,71.42,42844,1461831,1,0
-2.87,2.61,71.11,42881,1461870,1,0
-2.90,2.71,70.90,42917,1461907,1,0
-2.89,2.67,70.71,42956,1461944,1,0
-2.88,2.73,70.48,42993,1461983,1,0
-2.87,2.76,70.30,43030,1462020,1,0
-2.87,2.78,70.17,43067,1462056,1,0
-2.86,2.75,70.01,43106,1462095,1,0
-2.88,2.77,69.90,43143,1462132,1,0
-2.86,2.77,69.81,43180,1462169,0,0
-2.84,2.75,69.72,43218,1462208,0,0
-2.83,2.77,69.60,43255,1462245,0,0
-2.83,2.80,69.50,43292,1462284,0,0
-2.85,2.86,69.43,43329,1462321,0,0
-2.87,2.86,69.36,43368,1462358,0,0
-2.90,2.90,69.30,43405,1462396,0,0
-2.89,2.86,69.23,43442,1462433,0,0
-2.90,2.87,69.22,43481,1462470,0,0
-2.84,2.86,69.17,43517,1462509,0,0
-2.87,2.91,69.13,43554,1462546,0,0
-2.85,2.90,69.13,43591,1462583,0,0
-2.85,2.88,69.11,43630,1462622,0,0
-2.86,2.87,69.06,43667,1462659,0,0
-2.88,2.86,69.00,43704,1462695,1,0
-2.89,2.93,68.94,43741,1462734,1,0
-2.93,2.94,68.94,43780,1462771,1,0
-2.93,2.94,68.93,43816,1462808,1,0
-2.92,2.93,68.90,43853,1462845,1,0
-2.90,2.92,68.92,43892,1462884,1,0
-2.90,2.93,68.91,43929,1462921,1,0
-2.88,2.89,68.88,43966,1462958,1,0
-2.87,2.90,68.86,44003,1462994,1,0
-2.88,2.94,68.87,44042,1463033,1,0
-2.90,2.92,68.85,44079,1463070,1,0
-2.92,2.92,68.90,44115,1463107,1,0
-2.90,2.90,68.89,44154,1463146,1,0
-2.87,2.87,68.91,44191,1463183,1,0
-2.88,2.84,68.91,44228,1463220,0,0
-2.89,2.84,68.90,44265,1463261,0,0
-2.88,2.87,68.89,44304,1463296,0,0
-2.85,2.90,68.90,44341,1463332,0,0
-2.89,2.93,68.85,44378,1463371,0,0
-2.89,2.90,68.85,44417,1463408,0,0
-2.89,2.94,68.87,44453,1463445,0,0
-2.89,2.90,68.84,44490,1463484,0,0
-2.85,2.91,68.83,44527,1463521,0,0
-2.88,2.90,68.80,44566,1463558,0,0
-2.89,2.92,68.83,44603,1463597,0,0
-2.87,2.91,68.84,44640,1463633,0,0
-2.88,2.92,68.85,44679,1463670,0,0
-2.90,2.93,68.84,44716,1463709,0,0
-2.90,2.87,68.81,44752,1463746,1,0
-2.89,2.84,68.84,44789,1463785,1,0
-2.90,2.80,68.81,44828,1463822,1,0
-2.90,2.83,68.83,44865,1463859,1,1
-2.90,2.86,68.85,44902,1463898,1,1
-2.86,2.90,68.79,44939,1463934,1,1
-2.86,2.91,68.84,44978,1463971,1,1
-2.87,2.89,68.80,45015,1464010,1,1
-2.91,2.88,68.80,45051,1464047,1,1
-2.89,2.87,68.80,45090,1464086,1,1
-2.90,2.85,68.80,45127,1464123,1,1
-2.88,2.89,68.78,45164,1464160,1,1
-2.89,2.93,68.80,45201,1464199,1,1
-2.91,2.95,68.79,45240,1464236,1,1
-2.90,2.96,68.80,45277,1464272,0,1
-2.91,2.91,68.81,45314,1464309,0,1
-2.92,2.88,68.80,45352,1464346,0,1
-2.91,2.85,68.82,45389,1464385,0,1
-2.91,2.87,68.81,45426,1464422,0,1
-2.93,2.90,68.82,45463,1464459,0,1
-2.93,2.92,68.83,45502,1464496,0,1
-2.89,2.95,68.84,45539,1464535,0,1
-2.88,2.96,68.83,45576,1464571,0,1
-2.87,2.92,68.80,45615,1464608,0,1
-2.86,2.67,68.76,45651,1464647,0,1
-2.94,2.13,68.68,45688,1464684,0,1
-3.19,1.25,68.24,45725,1464723,0,1
-3.32,3.16,67.63,45764,1464760,0,1
-3.36,5.56,67.28,45801,1464797,1,1
-3.65,7.41,67.07,45838,1464836,1,1
-3.69,7.91,67.29,45877,1464872,1,1
-3.14,7.58,68.05,45914,1464909,1,1
-0.65,3.64,69.11,45950,1464948,1,1
-1.60,-3.66,69.89,45987,1464985,1,1
-0.88,-6.40,70.05,46026,1465022,1,1
-2.01,-9.67,70.35,46065,1465061,1,1
-0.30,-14.93,69.89,46104,1465098,1,1
0.62,-19.80,69.88,46143,1465135,1,1
0.74,-24.55,69.98,46182,1465174,1,1
2.08,-29.51,69.72,46221,1465212,1,1
3.93,-32.70,69.75,46258,1465251,1,1
4.25,-35.54,70.30,46297,1465290,1,1
5.63,-35.24,70.56,46336,1465329,0,1
5.02,-34.31,71.97,46374,1465368,0,1
4.27,-32.63,73.02,46413,1465407,0,1
2.10,-29.44,74.43,46450,1465446,0,1
-0.35,-26.51,75.46,46489,1465485,0,1
-1.85,-24.16,75.65,46528,1465522,0,1
0.38,-21.32,74.44,46569,1465561,0,1
3.09,-19.83,73.36,46606,1465600,0,1
5.41,-18.35,73.25,46645,1465638,0,1
6.68,-15.90,74.40,46684,1465677,0,1
6.03,-12.35,76.60,46723,1465718,0,1
2.88,-9.02,79.63,46761,1465757,0,1
0.21,-5.51,80.79,46798,1465794,0,1
-2.43,-3.85,79.88,46835,1465833,1,1
-4.71,0.42,79.42,46874,1465872,1,1
-6.89,4.32,78.79,46911,1465911,1,1
-8.51,6.66,77.95,46950,1465948,1,1
-7.34,4.14,76.05,46987,1465985,1,1
-6.40,2.52,73.84,47024,1466023,1,1
-6.19,0.82,71.52,47060,1466062,1,1
-5.75,0.59,68.97,47099,1466099,1,1
-3.59,0.58,66.64,47136,1466136,1,1
-0.99,2.11,64.97,47173,1466173,1,1
0.74,4.31,63.66,47212,1466210,1,1
2.58,5.35,63.03,47247,1466249,1,1
3.65,5.25,63.55,47284,1466286,1,1
3.50,7.90,67.15,47321,1466324,1,1
3.74,11.22,70.38,47357,1466361,0,1
0.91,13.83,71.74,47394,1466398,0,1
-0.25,8.93,71.04,47431,1466435,0,1
2.55,7.17,71.93,47468,1466470,0,1
3.72,5.70,72.19,47505,1466509,0,1
2.66,4.91,72.51,47542,1466587,0,1
1.62,4.50,72.83,47579,1466603,0,1
0.49,4.15,72.98,47616,1466619,0,1
-2.01,4.55,72.62,47650,1466656,0,1
-4.51,5.83,71.62,47689,1466693,0,1
-6.60,7.75,69.34,47726,1466730,0,1
-7.47,10.44,66.46,47763,1466767,0,1
-8.03,10.46,62.54,47802,1466804,0,1
-6.92,12.18,60.74,47841,1466841,0,1
-5.59,13.42,62.19,47880,1466877,1,0
-5.93,14.05,62.41,47917,1466916,1,0
-7.31,10.66,62.11,47955,1466955,1,0
-8.59,7.46,60.91,47994,1466992,1,0
-7.33,5.72,59.40,48031,1467031,1,0
-4.07,5.74,57.69,48068,1467070,1,0
-1.57,6.10,56.56,48107,1467109,1,0
0.30,6.83,55.55,48144,1467148,1,0
1.23,8.57,55.51,48181,1467185,1,0
1.13,10.05,56.58,48218,1467222,1,0
0.85,12.58,58.18,48254,1467260,1,0
0.04,14.76,60.05,48291,1467297,1,0
-1.84,16.64,60.18,48328,1467334,1,0
-4.53,14.66,59.14,48367,1467369,1,0
-4.51,12.39,55.40,48406,1467406,0,0
-2.03,9.91,54.79,48445,1467445,0,0
-0.84,7.56,50.59,48482,1467482,0,0
-2.82,8.44,45.27,48519,1467521,0,0
-5.02,9.17,39.64,48558,1467559,0,0
-8.61,9.40,32.88,48594,1467598,0,0
-11.17,9.86,25.60,48631,1467637,0,0
-11.99,10.69,18.59,48670,1467674,0,0
-11.72,11.93,11.95,48709,1467711,0,0
-10.49,14.03,6.44,48750,1467750,0,0
-9.76,15.85,3.15,48787,1467787,0,0
-11.19,15.27,0.91,48826,1467826,0,0
-10.92,14.30,-1.35,48863,1467865,0,0
-10.04,13.47,-5.07,48904,1467904,0,0
-13.34,12.46,-12.54,48943,1467942,1,0
-15.69,11.25,-18.13,48984,1467979,1,0
-16.04,8.61,-23.61,49025,1468018,1,0
-15.15,6.37,-31.44,49063,1468057,1,0
-15.22,3.07,-39.84,49102,1468100,1,0
-14.71,0.39,-46.45,49143,1468139,1,0
-14.06,-1.46,-51.47,49182,1468178,1,0
-15.06,-1.36,-53.70,49223,1468221,1,0
-16.44,-0.49,-54.67,49262,1468258,1,0
-16.68,0.53,-56.45,49303,1468299,1,0
-17.77,-0.20,-56.93,49344,1468338,1,0
-14.97,-0.28,-58.57,49383,1468377,1,0
-14.90,-2.69,-60.01,49424,1468420,1,0
-16.23,-3.84,-62.26,49465,1468461,0,0
-16.23,-4.50,-63.99,49506,1468499,0,0
-16.68,-3.39,-64.59,49547,1468540,0,0
-17.21,-3.01,-64.46,49586,1468581,0,0
-18.90,-1.85,-63.39,49627,1468622,0,0
-21.40,0.39,-61.74,49668,1468661,0,0
-22.63,1.94,-61.43,49707,1468702,0,0
-23.81,2.55,-61.83,49747,1468743,0,0
-24.85,4.40,-62.46,49786,1468782,0,0
-25.23,6.98,-63.66,49825,1468825,0,0
-27.94,9.78,-65.12,49864,1468864,0,0
-28.66,7.05,-65.11,49905,1468905,0,0
-28.90,7.14,-64.19,49944,1468942,0,0
-29.01,6.98,-61.83,49983,1468983,1,0
-26.95,5.77,-61.68,50024,1469024,1,0
-25.56,7.43,-61.43,50063,1469063,1,0
-24.89,7.93,-60.00,50102,1469102,1,0
-23.88,8.89,-57.66,50143,1469140,1,0
-23.90,11.62,-53.86,50182,1469181,1,0
-24.22,14.47,-49.91,50223,1469220,1,0
-24.25,17.39,-45.59,50262,1469261,1,0
-24.83,18.99,-43.22,50302,1469300,1,0
-25.03,17.36,-42.10,50343,1469341,1,0
-21.97,15.95,-42.18,50384,1469380,1,0
-21.19,14.72,-43.70,50425,1469421,1,0
-19.72,11.96,-43.37,50464,1469462,1,0
-18.96,10.66,-43.13,50505,1469503,0,0
-20.18,9.86,-43.83,50546,1469544,0,0
-22.20,10.51,-45.11,50585,1469583,0,0
-23.63,11.46,-46.34,50626,1469624,0,0
-25.79,11.16,-48.11,50667,1469665,0,0
-25.14,10.77,-50.83,50708,1469706,0,0
-24.82,10.28,-55.27,50749,1469747,0,0
-24.35,9.48,-59.92,50788,1469786,0,0
-26.94,-0.76,-62.14,50829,1469870,0,0
-27.05,-2.65,-63.01,50870,1469886,0,1
-27.10,-3.74,-64.59,50909,1469908,0,1
-27.95,-6.46,-70.44,50950,1469947,0,1
-28.76,-11.34,-76.16,50991,1469988,0,1
-27.57,-15.63,-84.21,51032,1470029,1,1
-24.88,-19.59,-94.13,51075,1470070,1,1
-20.18,-22.07,-105.72,51116,1470111,1,1
-16.10,-25.05,-115.90,51159,1470150,1,1
-13.11,-26.27,-125.81,51202,1470191,1,1
-9.97,-28.29,-136.22,51243,1470234,1,1
-6.90,-34.42,-155.47,51286,1470318,1,1
-6.43,-35.75,-158.88,51326,1470337,1,1
-2.27,-43.30,-171.94,51367,1470404,1,1
-1.29,-45.25,-175.23,51410,1470425,1,1
-0.62,-47.20,-178.28,51451,1470447,1,1
3.39,-50.33,173.91,51492,1470488,1,1
5.86,-53.27,167.53,51531,1470529,0,1
10.06,-55.22,160.06,51572,1470570,0,1
13.00,-57.66,153.46,51613,1470613,0,1
13.40,-58.83,149.91,51652,1470656,0,1
13.31,-58.98,147.23,51693,1470695,0,1
12.66,-58.56,145.06,51734,1470734,0,1
12.16,-57.37,142.66,51775,1470775,0,1
11.50,-56.29,140.20,51816,1470816,0,1
9.25,-54.44,139.24,51855,1470857,0,1
8.49,-52.25,136.64,51896,1470896,0,1
6.67,-49.20,135.37,51935,1470937,0,1
3.90,-46.04,134.38,51974,1470978,0,1
1.99,-41.52,132.56,52015,1471019,0,1
0.43,-36.12,131.16,52054,1471057,1,1
-0.57,-30.51,129.77,52092,1471098,1,1
-1.14,-25.17,128.03,52133,1471137,1,1
-2.01,-19.55,126.36,52174,1471178,1,1
-2.96,-13.99,124.87,52215,1471217,1,1
-3.67,-8.78,123.05,52254,1471256,1,1
-3.85,-4.98,120.90,52295,1471297,1,1
-4.51,-1.48,118.59,52334,1471338,1,1
-4.14,-3.78,117.09,52373,1471379,1,1
-4.72,4.24,112.23,52414,1471461,1,1
-4.97,5.14,110.35,52451,1471492,1,1
-4.88,4.95,109.09,52490,1471514,1,1
-4.70,4.14,107.73,52529,1471539,1,1
-4.35,0.62,105.92,52568,1471578,0,1
-3.62,-2.31,104.02,52606,1471617,0,1
-3.50,-2.42,101.30,52645,1471655,0,1
-3.85,-0.78,98.21,52684,1471694,0,1
-3.80,1.36,95.48,52723,1471731,0,1
-3.68,2.44,92.96,52760,1471770,0,1
-3.37,2.68,90.49,52799,1471809,0,1
-3.07,2.13,88.02,52836,1471850,0,1
-2.84,1.42,85.75,52873,1471889,0,1
-2.60,1.44,81.26,52928,1471969,0,1
-2.63,1.74,80.21,52948,1471989,0,1
-2.51,3.04,77.93,52985,1472049,0,1
-1.87,3.11,76.42,53022,1472092,1,1
-1.89,3.13,75.91,53059,1472108,1,1
-1.90,3.24,75.06,53098,1472133,1,1
-2.43,3.40,73.66,53135,1472174,1,1
-2.72,3.46,72.66,53172,1472212,1,1
-2.75,3.69,71.73,53211,1472272,1,1
-2.67,3.74,71.54,53248,1472288,1,1
-2.59,3.78,71.37,53284,1472305,1,1
-2.51,3.81,70.97,53321,1472337,1,1
-2.54,3.87,70.50,53360,1472376,1,1
-2.65,3.91,70.09,53397,1472413,1,1
-2.69,3.85,69.73,53434,1472450,1,1
-2.68,3.95,69.47,53473,1472493,1,1
-2.65,4.04,69.26,53510,1472526,1,1
-2.65,4.07,69.00,53547,1472565,1,1
-2.71,4.18,68.78,53583,1472602,0,1
-2.75,4.30,68.62,53622,1472638,0,1
-2.75,4.33,68.50,53659,1472677,0,1
-2.71,4.25,68.42,53696,1472714,0,1
-2.70,4.23,68.31,53735,1472751,0,1
-2.73,4.25,68.19,53772,1472788,0,1
-2.73,4.26,68.12,53809,1472827,0,1
-2.72,4.26,68.08,53846,1472866,0,1
-2.69,4.27,68.03,53884,1472901,0,1
-2.67,4.28,67.96,53921,1472937,0,0
-2.69,4.28,67.89,53958,1472976,0,0
-2.64,4.31,67.84,53997,1473013,0,0
-2.65,4.32,67.81,54034,1473052,0,0
-2.69,4.31,67.75,54071,1473089,0,0
-2.69,4.32,67.72,54108,1473126,1,0
-2.68,4.38,67.68,54147,1473165,1,0
-2.71,4.37,67.66,54183,1473202,1,0
-2.72,4.35,67.65,54220,1473239,1,0
-2.71,4.33,67.59,54257,1473277,1,0
-2.70,4.30,67.57,54296,1473318,1,0
-2.72,4.32,67.58,54333,1473355,1,0
-2.73,4.30,67.55,54370,1473390,1,0
-2.72,4.28,67.51,54409,1473427,1,0
-2.71,4.25,67.49,54446,1473466,1,0
-2.69,4.35,67.50,54482,1473503,1,0
-2.71,4.35,67.47,54519,1473540,1,0
-2.71,4.31,67.49,54558,1473576,1,0
-2.70,4.29,67.51,54595,1473615,1,0
-2.71,4.29,67.50,54632,1473652,0,0
-2.70,4.30,67.48,54671,1473689,0,0
-2.73,4.31,67.47,54708,1473726,0,0
-2.75,4.30,67.44,54745,1473765,0,0
-2.72,4.30,67.43,54781,1473802,0,0
-2.72,4.29,67.39,54820,1473839,0,0
-2.72,4.28,67.39,54857,1473878,0,0
-2.69,4.30,67.38,54894,1473914,0,0
-2.71,4.26,67.40,54933,1473953,0,0
-2.72,4.20,67.42,54970,1473990,0,0
-2.67,4.18,67.42,55007,1474027,0,0
-2.64,4.15,67.44,55044,1474066,0,0
-2.62,4.14,67.46,55083,1474103,0,0
-2.60,4.10,67.47,55119,1474140,0,0
-2.61,4.11,67.46,55156,1474179,1,0
-2.61,4.11,67.48,55195,1474217,1,0
-2.60,4.12,67.47,55232,1474254,1,0
-2.60,4.10,67.46,55269,1474291,1,0
-2.58,4.13,67.47,55306,1474328,1,0
-2.59,4.11,67.48,55345,1474367,1,0
-2.58,4.08,67.44,55382,1474404,1,0
-2.59,4.07,67.42,55418,1474441,1,0
-2.58,4.05,67.42,55455,1474478,1,0
-2.59,4.06,67.43,55494,1474514,1,0
-2.58,4.07,67.44,55531,1474553,1,0
-2.56,4.09,67.42,55568,1474596,1,0
-2.59,4.11,67.39,55607,1474627,1,0
-2.59,4.10,67.39,55644,1474666,1,0
-2.59,4.12,67.38,55681,1474703,0,0
-2.59,4.14,67.36,55717,1474740,0,0
-2.60,4.16,67.34,55756,1474779,0,0
-2.59,4.16,67.33,55793,1474816,0,0
-2.57,4.15,67.31,55830,1474854,0,0
-2.60,4.15,67.30,55869,1474891,0,0
-2.61,4.12,67.30,55906,1474928,0,0
-2.63,4.09,67.30,55943,1474967,0,0
-2.61,4.09,67.31,55980,1475004,0,0
-2.61,4.08,67.35,56018,1475043,0,0
-2.57,4.08,67.37,56055,1475123,0,0
-2.57,4.08,67.38,56092,1475143,0,0
-2.57,4.09,67.38,56131,1475166,0,0
-2.57,4.09,67.38,56168,1475192,1,0
-2.57,4.12,67.37,56205,1475229,1,0
-2.57,4.14,67.35,56242,1475266,1,0
-2.58,4.14,67.33,56281,1475303,1,0
-2.60,4.14,67.35,56317,1475340,1,0
-2.59,4.12,67.37,56354,1475379,1,0
-2.59,4.11,67.39,56393,1475416,1,0
-2.58,4.10,67.38,56430,1475452,1,0
-2.62,4.10,67.37,56467,1475491,1,0
-2.63,4.12,67.36,56504,1475528,1,0
-2.60,4.09,67.38,56543,1475567,1,0
-2.60,4.12,67.38,56580,1475604,1,0
-2.59,4.15,67.38,56616,1475641,1,0
-2.58,4.11,67.39,56653,1475682,1,0
-2.60,4.11,67.38,56692,1475717,0,0
-2.61,4.09,67.39,56729,1475756,0,0
-2.57,4.11,67.43,56766,1475792,0,0
-2.53,4.10,67.46,56805,1475829,0,0
-2.55,4.13,67.47,56842,1475868,0,0
-2.55,4.06,67.48,56879,1475905,0,0
-2.55,4.04,67.53,56915,1475942,0,1
-2.56,3.99,67.53,56954,1475981,0,1
-2.55,3.98,67.56,56991,1476018,0,1
-2.53,3.95,67.60,57028,1476059,0,1
-2.52,3.99,67.59,57067,1476091,0,1
-2.54,4.01,67.61,57104,1476128,0,1
-2.55,3.99,67.60,57141,1476167,0,1
-2.53,4.01,67.63,57178,1476204,0,1
-2.50,3.88,67.66,57217,1476243,1,1
-2.51,3.85,67.64,57253,1476280,1,1
-2.51,3.85,67.65,57290,1476317,1,1
-2.51,3.80,67.64,57329,1476356,1,1
-2.49,3.85,67.65,57366,1476392,1,1
-2.50,3.89,67.65,57403,1476429,1,1
-2.53,3.88,67.65,57440,1476468,1,1
-2.52,3.86,67.67,57479,1476505,1,1
-2.50,3.82,67.66,57516,1476544,1,1
-2.50,3.78,67.65,57552,1476581,1,1
-2.49,3.77,67.65,57591,1476618,1,1
-2.51,3.80,67.64,57628,1476655,1,1
-2.53,3.75,67.64,57665,1476691,1,1
-2.54,3.67,67.63,57702,1476730,1,1
-2.65,3.12,67.57,57741,1476767,0,1
-2.79,3.69,67.51,57778,1476806,0,1
-2.86,3.94,67.35,57815,1476843,0,1
-2.93,4.71,67.21,57851,1476880,0,1
-2.87,5.91,67.22,57890,1476917,0,1
-2.38,6.57,67.53,57927,1476956,0,1
-2.16,6.43,68.03,57964,1476995,0,1
-1.81,5.87,67.34,58003,1477036,0,1
-1.98,0.71,67.26,58040,1477068,0,1
-2.54,-1.87,67.30,58077,1477105,0,1
-2.44,-4.14,67.08,58116,1477144,0,1
-1.57,-9.57,67.06,58155,1477181,0,1
-0.88,-15.21,67.19,58193,1477218,0,1
0.58,-21.09,66.55,58232,1477257,0,1
2.74,-24.77,66.09,58271,1477294,1,1
4.28,-27.26,66.15,58308,1477337,1,1
6.06,-29.04,65.83,58347,1477371,1,1
5.88,-29.10,67.07,58386,1477412,1,1
5.55,-28.19,67.98,58425,1477449,1,1
5.15,-26.50,68.65,58464,1477488,1,1
3.89,-24.50,69.60,58501,1477527,1,1
3.05,-22.19,70.51,58540,1477566,1,1
4.00,-20.30,70.60,58578,1477605,1,1
4.55,-17.84,71.74,58617,1477644,1,1
2.77,-14.33,74.51,58656,1477683,1,1
1.69,-11.00,76.68,58693,1477720,1,1
1.10,-7.54,78.55,58732,1477758,1,1
-1.69,-6.25,80.08,58769,1477795,0,1
-4.21,-2.44,80.19,58808,1477834,0,1
-7.80,1.39,78.85,58847,1477875,0,1
-8.06,2.14,76.83,58884,1477912,0,1
-6.37,-0.97,76.56,58923,1477951,0,1
-4.08,-1.46,76.45,58959,1477990,0,1
-6.27,-0.58,75.50,58998,1478027,0,1
-9.28,-0.79,73.75,59037,1478064,0,1
-6.34,0.35,70.50,59076,1478103,0,1
-3.02,1.43,67.91,59113,1478141,0,1
-0.89,3.22,66.45,59150,1478180,0,1
0.77,4.43,65.94,59189,1478219,0,1
1.65,7.80,67.75,59224,1478258,0,1
1.82,10.32,70.29,59260,1478295,1,1
0.19,12.11,70.95,59297,1478332,1,1
0.71,12.39,71.95,59336,1478371,1,1
1.00,6.80,73.27,59373,1478406,1,1
2.92,1.74,74.73,59410,1478443,1,1
2.46,-1.13,74.73,59445,1478479,1,1
-0.25,-1.38,74.02,59484,1478518,1,1
-0.62,0.72,74.35,59523,1478555,1,1
-1.68,0.28,74.34,59559,1478592,1,1
-3.36,0.36,74.16,59596,1478629,1,1
-5.57,0.59,73.27,59633,1478666,1,1
-7.17,-0.10,70.83,59672,1478705,1,1
-5.81,2.03,68.11,59709,1478742,1,1
-3.98,2.79,66.11,59748,1478778,1,1
-5.42,6.47,66.15,59785,1478815,0,1
-4.54,5.52,67.09,59822,1478854,0,1
-2.89,5.17,67.08,59860,1478893,0,1
-4.69,5.70,67.05,59897,1478930,0,1
-6.40,2.31,66.90,59934,1478967,0,0
-5.54,1.70,66.08,59971,1479006,0,0
-3.12,2.91,64.83,60010,1479043,0,0
-0.43,3.07,63.88,60047,1479081,0,0
