-77.57,-72.43,-20.36,18,500389,1,0
-77.57,-72.42,-20.35,34,500406,1,0
-77.54,-72.41,-20.34,51,500422,1,0
-77.58,-72.41,-20.38,67,500439,1,0
-77.57,-72.39,-20.37,100,500455,1,0
-77.61,-72.38,-20.42,139,500471,1,0
-77.58,-72.38,-20.39,178,500490,1,0
-77.56,-72.38,-20.36,217,500506,1,0
-77.57,-72.38,-20.37,253,500523,1,0
-77.62,-72.37,-20.42,292,500539,1,0
-77.67,-72.39,-20.47,331,500568,1,0
-77.74,-72.40,-20.54,370,500604,1,0
-77.71,-72.39,-20.51,407,500643,1,0
-77.66,-72.36,-20.46,446,500682,1,0
-77.70,-72.33,-20.52,485,500721,1,0
-77.74,-72.37,-20.58,524,500760,0,0
-77.68,-72.34,-20.51,563,500799,0,0
-77.55,-72.37,-20.37,600,500836,0,0
-77.63,-72.37,-20.43,638,500875,0,0
-77.51,-72.38,-20.31,677,500914,0,0
-77.66,-72.37,-20.46,716,500953,0,0
-77.65,-72.37,-20.48,755,500992,0,0
-77.66,-72.36,-20.48,792,501028,0,0
-77.64,-72.37,-20.46,831,501067,0,0
-77.80,-72.39,-20.59,870,501106,0,0
-77.75,-72.41,-20.56,909,501145,0,0
-77.86,-72.43,-20.64,948,501184,0,0
-77.61,-72.40,-20.39,985,501223,0,0
-77.65,-72.42,-20.44,1024,501260,1,0
-77.64,-72.41,-20.43,1062,501299,1,0
-77.63,-72.40,-20.42,1103,501338,1,0
-77.71,-72.39,-20.48,1142,501377,1,0
-77.79,-72.40,-20.54,1181,501415,1,0
-77.72,-72.39,-20.49,1222,501454,1,0
-77.70,-72.40,-20.48,1261,501493,1,0
-77.76,-72.39,-20.56,1300,501534,1,0
-77.71,-72.38,-20.53,1339,501573,1,0
-77.74,-72.41,-20.57,1380,501614,1,0
-77.51,-72.37,-20.39,1419,501653,1,0
-77.63,-72.39,-20.51,1458,501692,1,0
-77.74,-72.38,-20.62,1499,501733,1,0
-77.58,-72.41,-20.47,1538,501772,0,0
-77.54,-72.39,-20.42,1576,501813,0,0
-77.56,-72.39,-20.43,1617,501852,0,0
-77.49,-72.42,-20.40,1656,501891,0,0
-77.51,-72.41,-20.40,1695,501929,0,0
-77.50,-72.43,-20.39,1734,501968,0,0
-77.49,-72.41,-20.39,1775,502009,0,0
-77.52,-72.41,-20.41,1814,502048,0,0
-77.52,-72.38,-20.39,1853,502089,0,0
-77.52,-72.37,-20.38,1894,502128,0,0
-77.58,-72.37,-20.44,1933,502169,0,0
-77.53,-72.36,-20.36,1972,502208,0,0
-77.42,-72.35,-20.26,2013,502247,0,0
-77.45,-72.37,-20.28,2052,502288,1,0
-77.55,-72.38,-20.38,2091,502327,1,0
-77.49,-72.37,-20.33,2129,502368,1,0
-77.55,-72.38,-20.41,2170,502407,1,0
-77.63,-72.38,-20.49,2209,502446,1,0
-77.53,-72.34,-20.38,2248,502484,1,0
-77.53,-72.34,-20.39,2289,502525,1,0
-77.55,-72.38,-20.42,2328,502564,1,0
-77.41,-72.38,-20.28,2367,502603,1,0
-77.54,-72.37,-20.39,2406,502644,1,0
-77.65,-72.37,-20.51,2447,502683,1,0
-77.59,-72.38,-20.47,2486,502724,1,0
-77.61,-72.38,-20.50,2525,502763,1,0
-77.79,-72.38,-20.67,2566,502804,0,0
-77.68,-72.38,-20.57,2605,502841,0,0
-77.53,-72.38,-20.44,2643,502880,0,0
-77.78,-72.39,-20.63,2684,502921,0,0
-77.78,-72.38,-20.64,2723,502960,0,0
-77.62,-72.41,-20.47,2762,503001,0,0
-77.74,-72.45,-20.57,2801,503040,0,0
-77.59,-72.42,-20.41,2842,503080,0,0
-77.61,-72.39,-20.40,2881,503119,0,0
-77.55,-72.40,-20.39,2920,503158,0,0
-77.49,-72.37,-20.31,2961,503199,0,0
-77.61,-72.38,-20.44,3000,503238,0,1
-77.69,-72.39,-20.53,3039,503277,0,1
-77.67,-72.41,-20.51,3080,503316,1,1
-77.75,-72.43,-20.65,3119,503357,1,1
-77.84,-72.42,-20.76,3158,503396,1,1
-77.84,-72.40,-20.73,3196,503435,1,1
-77.91,-72.39,-20.79,3237,503476,1,1
-77.93,-72.41,-20.79,3276,503515,1,1
-77.85,-72.38,-20.71,3315,503556,1,1
-77.74,-72.38,-20.63,3356,503595,1,1
-77.62,-72.38,-20.51,3395,503635,1,1
-77.53,-72.38,-20.45,3434,503674,1,1
-77.35,-72.36,-20.32,3473,503713,1,1
-77.43,-72.38,-20.38,3514,503752,1,1
-77.38,-72.36,-20.36,3553,503791,1,1
-77.46,-72.36,-20.41,3592,503832,0,1
-77.55,-72.37,-20.51,3633,503871,0,1
-77.43,-72.37,-20.36,3672,503912,0,1
-77.47,-72.37,-20.40,3710,503951,0,1
-77.34,-72.39,-20.27,3751,503990,0,1
-77.37,-72.39,-20.28,3790,504031,0,1
-77.47,-72.37,-20.38,3829,504070,0,1
-77.49,-72.38,-20.41,3868,504111,0,1
-77.54,-72.37,-20.45,3909,504150,0,1
-77.66,-72.37,-20.57,3948,504190,0,1
-77.69,-72.38,-20.60,3987,504227,0,1
-77.74,-72.40,-20.64,4028,504268,0,1
-77.73,-72.38,-20.61,4067,504307,0,1
-77.74,-72.38,-20.62,4106,504346,1,1
-77.73,-72.38,-20.61,4147,504387,1,1
-77.73,-72.37,-20.60,4186,504426,1,1
-77.78,-72.39,-20.63,4225,504467,1,1
-77.71,-72.39,-20.56,4263,504506,1,1
-77.74,-72.41,-20.58,4304,504547,1,1
-77.65,-72.41,-20.52,4343,504586,1,1
-77.67,-72.36,-20.52,4382,504625,1,1
-77.76,-72.37,-20.63,4423,504664,1,1
-77.83,-72.37,-20.71,4462,504702,1,1
-77.95,-72.37,-20.82,4501,504743,1,1
-77.86,-72.39,-20.76,4542,504782,1,1
-77.76,-72.42,-20.67,4581,504821,1,1
-77.67,-72.42,-20.59,4620,504862,0,1
-77.71,-72.42,-20.63,4659,504901,0,1
-77.64,-72.40,-20.55,4700,504942,0,1
-77.64,-72.39,-20.57,4739,504981,0,1
-77.66,-72.37,-20.59,4777,505022,0,1
-77.46,-72.38,-20.39,4818,505061,0,1
-77.48,-72.37,-20.43,4857,505100,0,1
-77.74,-72.41,-20.64,4896,505141,0,1
-77.64,-72.40,-20.55,4935,505180,0,1
-77.53,-72.37,-20.44,4976,505219,0,1
-77.48,-72.39,-20.37,5015,505257,0,1
-77.36,-72.37,-20.27,5054,505298,0,1
-77.43,-72.37,-20.32,5095,505337,0,1
-77.54,-72.35,-20.42,5134,505376,1,1
-77.66,-72.37,-20.55,5173,505417,1,1
-77.51,-72.34,-20.41,5214,505456,1,1
-77.65,-72.37,-20.53,5253,505497,1,1
-77.64,-72.36,-20.51,5292,505536,1,1
-77.68,-72.38,-20.57,5330,505577,1,1
-77.75,-72.38,-20.62,5371,505616,1,1
-77.68,-72.37,-20.57,5410,505655,1,1
-77.78,-72.40,-20.67,5449,505694,1,1
-77.65,-72.39,-20.55,5490,505733,1,1
-77.55,-72.39,-20.46,5529,505774,1,1
-77.59,-72.38,-20.49,5568,505812,1,1
-77.74,-72.40,-20.61,5609,505853,1,1
-77.75,-72.43,-20.62,5648,505892,0,1
-77.71,-72.38,-20.62,5687,505931,0,1
-77.68,-72.40,-20.59,5726,505972,0,1
-77.53,-72.38,-20.46,5767,506011,0,1
-77.63,-72.38,-20.54,5806,506052,0,1
-77.59,-72.40,-20.51,5844,506091,0,1
-77.56,-72.39,-20.49,5885,506132,0,1
-77.49,-72.42,-20.43,5924,506171,0,1
-77.57,-72.41,-20.49,5963,506210,0,1
-77.64,-72.42,-20.56,6002,506249,0,0
-77.78,-72.41,-20.68,6043,506288,0,0
-77.80,-72.41,-20.67,6082,506329,0,0
-77.84,-72.43,-20.70,6121,506368,0,0
-77.90,-72.44,-20.77,6162,506408,1,0
-77.77,-72.42,-20.62,6201,506447,1,0
-77.63,-72.39,-20.48,6240,506486,1,0
-77.60,-72.37,-20.46,6281,506527,1,0
-77.56,-72.39,-20.43,6320,506566,1,0
-77.60,-72.41,-20.46,6359,506607,1,0
-77.53,-72.38,-20.38,6397,506646,1,0
-77.58,-72.39,-20.41,6438,506685,1,0
-77.62,-72.40,-20.44,6477,506724,1,0
-77.53,-72.41,-20.34,6516,506763,1,0
-77.62,-72.39,-20.47,6557,506804,1,0
-77.68,-72.38,-20.56,6596,506843,1,0
-77.77,-72.38,-20.64,6635,506884,1,0
-77.82,-72.44,-20.69,6676,506923,0,0
-77.85,-72.41,-20.74,6715,506963,0,0
-77.81,-72.43,-20.66,6754,507002,0,0
-77.71,-72.42,-20.57,6793,507041,0,0
-77.67,-72.37,-20.51,6834,507082,0,0
-77.69,-72.36,-20.53,6873,507121,0,0
-77.61,-72.35,-20.47,6912,507160,0,0
-77.79,-72.35,-20.63,6952,507199,0,0
-77.83,-72.36,-20.65,6991,507240,0,0
-77.72,-72.38,-20.54,7030,507279,0,0
-77.77,-72.39,-20.59,7071,507318,0,0
-77.73,-72.41,-20.56,7110,507359,0,0
-77.82,-72.40,-20.60,7149,507398,0,0
-77.75,-72.39,-20.55,7188,507439,1,0
-77.84,-72.40,-20.66,7229,507480,1,0
-77.63,-72.37,-20.47,7268,507518,1,0
-77.65,-72.36,-20.44,7307,507557,1,0
-77.64,-72.35,-20.46,7348,507596,1,0
-77.65,-72.34,-20.46,7387,507635,1,0
-77.66,-72.36,-20.46,7426,507674,1,0
-77.54,-72.35,-20.36,7464,507715,1,0
-77.49,-72.31,-20.31,7505,507754,1,0
-77.58,-72.33,-20.40,7544,507795,1,0
-77.75,-72.35,-20.58,7583,507834,1,0
-77.72,-72.36,-20.55,7624,507873,1,0
-77.70,-72.36,-20.53,7663,507914,1,0
-77.75,-72.40,-20.59,7702,507953,0,0
-77.63,-72.41,-20.47,7743,507994,0,0
-77.77,-72.38,-20.61,7782,508033,0,0
-77.77,-72.38,-20.60,7821,508071,0,0
-77.79,-72.37,-20.62,7860,508110,0,0
-77.89,-72.40,-20.70,7901,508149,0,0
-77.85,-72.43,-20.68,7940,508190,0,0
-77.79,-72.41,-20.62,7979,508229,0,0
-77.78,-72.41,-20.63,8019,508270,0,0
-77.74,-72.40,-20.59,8058,508309,0,0
-77.67,-72.38,-20.56,8097,508350,0,0
-77.69,-72.39,-20.58,8138,508389,0,0
-77.57,-72.39,-20.46,8177,508428,0,0
-77.60,-72.41,-20.48,8216,508469,1,0
-77.83,-72.42,-20.68,8255,508508,1,0
-77.77,-72.41,-20.60,8296,508547,1,0
-77.76,-72.42,-20.58,8335,508585,1,0
-77.85,-72.43,-20.67,8374,508626,1,0
-77.82,-72.44,-20.63,8415,508665,1,0
-77.94,-72.42,-20.73,8454,508706,1,0
-77.86,-72.43,-20.67,8493,508745,1,0
-77.89,-72.44,-20.70,8531,508784,1,0
-77.73,-72.40,-20.56,8572,508825,1,0
-77.61,-72.37,-20.44,8611,508864,1,0
-77.45,-72.35,-20.26,8650,508905,1,0
-77.53,-72.35,-20.38,8691,508944,1,0
-77.57,-72.33,-20.37,8730,508983,0,0
-77.54,-72.36,-20.37,8769,509022,0,0
-77.52,-72.37,-20.32,8810,509061,0,0
-77.75,-72.39,-20.55,8849,509102,0,0
-77.83,-72.38,-20.63,8888,509140,0,0
-77.63,-72.39,-20.42,8927,509181,0,0
-77.67,-72.39,-20.47,8968,509220,0,0
-77.60,-72.39,-20.42,9007,509259,0,1
-77.66,-72.41,-20.50,9046,509300,0,1
-77.72,-72.38,-20.56,9086,509339,0,1
-77.60,-72.37,-20.47,9125,509380,0,1
-77.73,-72.38,-20.59,9164,509419,0,1
-77.73,-72.41,-20.62,9205,509460,0,1
-77.67,-72.40,-20.55,9244,509499,1,1
-77.62,-72.38,-20.52,9283,509538,1,1
-77.58,-72.39,-20.48,9322,509577,1,1
-77.52,-72.37,-20.41,9363,509616,1,1
-77.68,-72.38,-20.58,9402,509657,1,1
-77.58,-72.40,-20.48,9441,509696,1,1
-77.65,-72.39,-20.57,9482,509736,1,1
-77.54,-72.39,-20.48,9521,509775,1,1
-77.77,-72.39,-20.71,9560,509814,1,1
-77.77,-72.40,-20.71,9601,509855,1,1
-77.68,-72.40,-20.61,9639,509894,1,1
-77.79,-72.41,-20.72,9678,509933,1,1
-77.68,-72.40,-20.64,9717,509974,1,1
-77.80,-72.42,-20.74,9758,510013,0,1
-77.71,-72.44,-20.64,9797,510052,0,1
-77.73,-72.41,-20.65,9836,510093,0,1
-77.73,-72.37,-20.66,9877,510132,0,1
-77.83,-72.37,-20.75,9916,510171,0,1
-77.73,-72.37,-20.68,9955,510212,0,1
-77.67,-72.39,-20.62,9994,510251,0,1
-77.66,-72.39,-20.59,10035,510291,0,1
-77.77,-72.40,-20.70,10076,510330,0,1
-77.77,-72.37,-20.70,10115,510369,0,1
-77.78,-72.37,-20.69,10156,510408,0,1
-77.79,-72.37,-20.73,10196,510449,0,1
-77.82,-72.38,-20.74,10237,510490,0,1
-77.75,-72.40,-20.67,10278,510531,1,1
-77.64,-72.36,-20.54,10317,510572,1,1
-77.76,-72.38,-20.65,10358,510611,1,1
-77.75,-72.37,-20.64,10399,510652,1,1
-77.94,-72.39,-20.82,10440,510693,1,1
-77.76,-72.40,-20.63,10481,510734,1,1
-77.84,-72.41,-20.71,10520,510775,1,1
-77.93,-72.42,-20.79,10561,510816,1,1
-77.91,-72.40,-20.78,10602,510855,1,1
-77.80,-72.41,-20.68,10643,510896,1,1
-77.99,-72.38,-20.89,10684,510937,1,1
-77.96,-72.39,-20.87,10723,510978,1,1
-77.89,-72.37,-20.79,10764,511019,1,1
-77.88,-72.39,-20.77,10805,511059,0,1
-77.84,-72.38,-20.72,10846,511098,0,1
-77.87,-72.42,-20.75,10887,511139,0,1
-77.89,-72.44,-20.79,10926,511180,0,1
-77.88,-72.44,-20.74,10967,511221,0,1
-77.88,-72.43,-20.76,11008,511262,0,1
-77.83,-72.39,-20.70,11048,511301,0,1
-77.69,-72.37,-20.56,11089,511344,0,1
-77.63,-72.37,-20.50,11130,511385,0,1
-77.60,-72.36,-20.47,11169,511426,0,1
-77.58,-72.38,-20.45,11210,511465,0,1
-77.56,-72.40,-20.45,11251,511506,0,1
-77.58,-72.43,-20.47,11292,511547,0,1
-77.57,-72.44,-20.46,11333,511588,1,1
-77.61,-72.41,-20.50,11372,511629,1,1
-77.46,-72.41,-20.33,11413,511668,1,1
-77.62,-72.39,-20.50,11454,511709,1,1
-77.64,-72.40,-20.55,11495,511750,1,1
-77.69,-72.41,-20.61,11536,511791,1,1
-77.71,-72.40,-20.63,11575,511832,1,1
-77.74,-72.41,-20.63,11616,511870,1,1
-77.66,-72.41,-20.55,11657,511911,1,1
-77.76,-72.41,-20.66,11698,511952,1,1
-77.78,-72.40,-20.65,11739,511993,1,1
-77.64,-72.41,-20.55,11778,512034,1,1
-77.58,-72.39,-20.51,11819,512075,1,1
-77.49,-72.39,-20.43,11859,512116,0,1
-77.56,-72.42,-20.48,11900,512157,0,1
-77.58,-72.41,-20.47,11941,512198,0,1
-77.58,-72.43,-20.43,11980,512239,0,1
-77.74,-72.39,-20.58,12021,512278,0,0
-77.72,-72.41,-20.57,12062,512319,0,0
-77.64,-72.39,-20.49,12103,512360,0,0
-77.74,-72.42,-20.58,12144,512401,0,0
-77.65,-72.37,-20.50,12183,512442,0,0
-77.61,-72.39,-20.42,12224,512481,0,0
-77.80,-72.41,-20.57,12265,512522,0,0
-77.73,-72.37,-20.49,12306,512563,0,0
-77.68,-72.37,-20.47,12347,512604,0,0
-77.60,-72.36,-20.41,12386,512645,1,0
-77.56,-72.37,-20.36,12427,512686,1,0
-77.47,-72.36,-20.28,12468,512724,1,0
-77.73,-72.37,-20.51,12509,512765,1,0
-77.81,-72.37,-20.57,12550,512806,1,0
-77.71,-72.37,-20.48,12589,512847,1,0
-77.73,-72.39,-20.49,12630,512888,1,0
-77.62,-72.42,-20.39,12670,512929,1,0
-77.65,-72.42,-20.43,12711,512970,1,0
-77.59,-72.42,-20.38,12752,513011,1,0
-77.65,-72.42,-20.43,12791,513052,1,0
-77.84,-72.40,-20.62,12832,513093,1,0
-77.72,-72.41,-20.48,12873,513132,1,0
-77.72,-72.46,-20.49,12914,513173,0,0
-77.63,-72.44,-20.38,12955,513214,0,0
-77.78,-72.43,-20.53,12996,513255,0,0
-77.82,-72.42,-20.58,13035,513296,0,0
-77.66,-72.40,-20.45,13076,513335,0,0
-77.62,-72.38,-20.43,13117,513376,0,0
-77.58,-72.40,-20.42,13158,513417,0,0
-77.50,-72.41,-20.33,13199,513458,0,0
-77.59,-72.39,-20.41,13238,513499,0,0
-77.60,-72.40,-20.44,13279,513538,0,0
-77.63,-72.40,-20.46,13320,513579,0,0
-77.59,-72.40,-20.42,13361,513619,0,0
-77.54,-72.42,-20.36,13402,513660,0,0
-77.55,-72.43,-20.35,13441,513701,1,0
-77.60,-72.40,-20.42,13481,513742,1,0
-77.66,-72.38,-20.49,13522,513783,1,0
-77.74,-72.37,-20.55,13563,513824,1,0
-77.66,-72.35,-20.51,13604,513865,1,0
-77.67,-72.38,-20.50,13643,513906,1,0
-77.57,-72.39,-20.41,13684,513945,1,0
-77.59,-72.38,-20.43,13725,513986,1,0
-77.58,-72.37,-20.40,13766,514027,1,0
-77.63,-72.38,-20.45,13807,514068,1,0
-77.58,-72.39,-20.42,13846,514109,1,0
-77.59,-72.40,-20.44,13887,514150,1,0
-77.71,-72.37,-20.56,13928,514189,1,0
-77.73,-72.34,-20.56,13969,514230,0,0
-77.71,-72.32,-20.55,14010,514271,0,0
-77.66,-72.36,-20.52,14049,514312,0,0
-77.64,-72.40,-20.48,14090,514353,0,0
-77.65,-72.38,-20.48,14131,514394,0,0
-77.68,-72.39,-20.51,14172,514433,0,0
-77.85,-72.37,-20.63,14213,514473,0,0
-77.80,-72.37,-20.58,14252,514514,0,0
-77.71,-72.36,-20.51,14292,514555,0,0
-77.77,-72.35,-20.57,14333,514596,0,0
-77.45,-72.13,-20.23,14374,514637,0,0
-77.93,-71.89,-20.72,14415,514676,0,0
-78.33,-72.03,-21.14,14454,514717,0,0
-78.06,-72.03,-20.90,14495,514758,1,0
-78.24,-72.19,-21.07,14536,514799,1,0
-78.07,-72.31,-20.91,14577,514840,1,0
-77.99,-72.06,-20.79,14618,514881,1,0
-78.50,-71.69,-21.28,14659,514922,1,0
-78.21,-72.18,-21.05,14698,514963,1,0
-77.94,-72.69,-20.82,14739,515004,1,0
-77.19,-72.53,-20.04,14780,515045,1,0
-77.45,-72.45,-20.25,14821,515084,1,0
-77.12,-72.50,-19.91,14862,515125,1,0
-77.12,-72.79,-19.96,14901,515166,1,0
-77.54,-72.50,-20.37,14942,515207,1,0
-78.26,-72.10,-21.02,14983,515248,1,0
-78.81,-72.29,-21.59,15024,515287,0,1
-78.07,-72.24,-20.90,15065,515328,0,1
-77.59,-72.44,-20.47,15104,515368,0,1
-77.79,-72.55,-20.64,15144,515409,0,1
-77.93,-72.51,-20.76,15185,515450,0,1
-77.56,-72.33,-20.42,15226,515491,0,1
-77.83,-72.37,-20.72,15267,515530,0,1
-77.96,-72.35,-20.87,15306,515571,0,1
-77.79,-72.37,-20.70,15347,515612,0,1
-77.77,-72.44,-20.67,15388,515653,0,1
-77.80,-72.42,-20.71,15429,515694,0,1
-77.97,-72.47,-20.86,15470,515735,0,1
-77.93,-72.39,-20.83,15509,515774,0,1
-78.06,-72.44,-20.98,15550,515817,1,1
-78.11,-72.40,-21.06,15591,515858,1,1
-78.13,-72.41,-21.08,15632,515899,1,1
-78.06,-72.38,-21.05,15673,515938,1,1
-78.00,-72.38,-20.97,15712,515979,1,1
-77.91,-72.43,-20.86,15753,516020,1,1
-78.04,-72.40,-21.00,15794,516061,1,1
-77.92,-72.42,-20.88,15835,516102,1,1
-77.98,-72.41,-20.91,15876,516143,1,1
-77.90,-72.40,-20.84,15915,516182,1,1
-77.86,-72.40,-20.78,15955,516222,1,1
-77.76,-72.37,-20.67,15996,516263,1,1
-77.82,-72.39,-20.74,16037,516304,1,1
-77.83,-72.39,-20.76,16078,516345,0,1
-77.74,-72.38,-20.67,16117,516386,0,1
-77.60,-72.39,-20.53,16158,516425,0,1
-77.73,-72.41,-20.63,16199,516466,0,1
-77.73,-72.42,-20.63,16240,516507,0,1
-77.50,-72.42,-20.38,16281,516548,0,1
-77.44,-72.44,-20.33,16322,516589,0,1
-77.47,-72.45,-20.37,16361,516628,0,1
-77.52,-72.42,-20.45,16402,516669,0,1
-77.55,-72.42,-20.47,16443,516710,0,1
-77.55,-72.42,-20.50,16484,516753,0,1
-77.57,-72.42,-20.55,16525,516792,0,1
-77.57,-72.42,-20.52,16564,516833,0,1
-77.65,-72.39,-20.60,16605,516874,1,1
-77.57,-72.38,-20.52,16646,516915,1,1
-77.71,-72.42,-20.64,16687,516956,1,1
-77.78,-72.41,-20.73,16728,516997,1,1
-77.75,-72.43,-20.69,16766,517036,1,1
-77.87,-72.43,-20.81,16807,517076,1,1
-77.86,-72.40,-20.80,16848,517117,1,1
-77.80,-72.40,-20.74,16889,517158,1,1
-77.76,-72.41,-20.69,16930,517199,1,1
-77.74,-72.42,-20.69,16969,517240,1,1
-77.68,-72.42,-20.64,17010,517279,1,1
-77.66,-72.43,-20.62,17051,517320,1,1
-77.63,-72.42,-20.60,17092,517361,1,1
-77.69,-72.45,-20.67,17133,517402,0,1
-77.58,-72.43,-20.53,17172,517443,0,1
-77.63,-72.41,-20.57,17213,517482,0,1
-77.62,-72.40,-20.56,17254,517523,0,1
-77.70,-72.41,-20.63,17295,517564,0,1
-77.81,-72.42,-20.75,17336,517605,0,1
-77.87,-72.42,-20.79,17375,517646,0,1
-77.89,-72.43,-20.80,17416,517685,0,1
-77.75,-72.44,-20.67,17457,517728,0,1
-77.88,-72.45,-20.78,17498,517769,0,1
-77.77,-72.42,-20.67,17539,517810,0,1
-77.74,-72.43,-20.66,17577,517849,0,1
-77.85,-72.41,-20.75,17618,517890,0,1
-77.88,-72.42,-20.79,17659,517931,1,1
-77.92,-72.42,-20.83,17700,517971,1,1
-77.81,-72.42,-20.70,17741,518012,1,1
-77.91,-72.42,-20.82,17780,518053,1,1
-77.87,-72.43,-20.78,17821,518092,1,1
-77.80,-72.44,-20.70,17862,518133,1,1
-77.79,-72.41,-20.68,17903,518174,1,1
-77.77,-72.41,-20.66,17944,518215,1,1
-77.65,-72.40,-20.58,17983,518256,1,1
-77.73,-72.41,-20.66,18024,518295,1,0
-77.62,-72.42,-20.55,18065,518336,1,0
-77.74,-72.43,-20.67,18106,518379,1,0
-77.70,-72.39,-20.59,18147,518420,1,0
-77.95,-72.42,-20.79,18188,518459,0,0
-77.90,-72.41,-20.73,18227,518500,0,0
-78.00,-72.39,-20.82,18268,518541,0,0
-77.81,-72.37,-20.61,18309,518582,0,0
-77.75,-72.40,-20.58,18350,518623,0,0
-77.77,-72.37,-20.60,18391,518664,0,0
-77.70,-72.39,-20.52,18429,518703,0,0
-77.83,-72.42,-20.64,18470,518744,0,0
-77.83,-72.42,-20.67,18511,518785,0,0
-77.85,-72.40,-20.70,18552,518825,0,0
-77.84,-72.42,-20.68,18593,518866,0,0
-77.80,-72.43,-20.63,18632,518905,0,0
-77.91,-72.40,-20.73,18673,518946,0,0
-77.84,-72.38,-20.64,18714,518987,1,0
-77.80,-72.44,-20.61,18755,519028,1,0
-77.82,-72.44,-20.65,18796,519069,1,0
-77.83,-72.41,-20.65,18835,519108,1,0
-77.99,-72.40,-20.80,18876,519149,1,0
-77.87,-72.37,-20.66,18917,519192,1,0
-77.93,-72.38,-20.75,18958,519233,1,0
-77.86,-72.41,-20.69,18999,519274,1,0
-77.80,-72.41,-20.63,19038,519313,1,0
-77.63,-72.41,-20.49,19079,519354,1,0
-77.70,-72.41,-20.54,19120,519395,1,0
-77.56,-72.39,-20.38,19161,519436,1,0
-77.54,-72.39,-20.35,19202,519477,1,0
-77.56,-72.41,-20.39,19240,519516,0,0
-77.51,-72.42,-20.33,19281,519557,0,0
-77.56,-72.40,-20.40,19322,519598,0,0
-77.67,-72.39,-20.50,19363,519639,0,0
-77.69,-72.40,-20.50,19404,519680,0,0
-77.52,-72.41,-20.32,19443,519720,0,0
-77.55,-72.42,-20.38,19484,519759,0,0
-77.39,-72.42,-20.22,19525,519802,0,0
-77.51,-72.41,-20.35,19566,519841,0,0
-77.61,-72.41,-20.40,19607,519882,0,0
-77.68,-72.42,-20.48,19646,519923,0,0
-77.77,-72.39,-20.54,19687,519962,0,0
-77.89,-72.39,-20.70,19728,520005,0,0
-77.93,-72.41,-20.73,19769,520046,1,0
-77.83,-72.38,-20.62,19810,520087,1,0
-77.88,-72.40,-20.68,19851,520126,1,0
-77.86,-72.41,-20.64,19890,520167,1,0
-77.83,-72.40,-20.61,19931,520208,1,0
-77.77,-72.40,-20.59,19972,520249,1,0
-77.76,-72.39,-20.61,20013,520290,1,0
-77.68,-72.37,-20.54,20054,520329,1,0
-77.80,-72.40,-20.68,20092,520370,1,0
-78.02,-72.41,-20.87,20133,520411,1,0
-77.95,-72.41,-20.79,20174,520452,1,0
-77.97,-72.39,-20.80,20215,520493,1,0
-78.02,-72.40,-20.85,20256,520531,1,0
-77.97,-72.39,-20.79,20295,520572,0,0
-77.96,-72.38,-20.80,20336,520615,0,0
-77.90,-72.38,-20.75,20377,520654,0,0
-77.94,-72.40,-20.81,20418,520695,0,0
-78.05,-72.41,-20.90,20459,520736,0,0
-78.01,-72.42,-20.88,20498,520777,0,0
-77.89,-72.41,-20.76,20539,520818,0,0
-77.97,-72.42,-20.84,20580,520859,0,0
-77.92,-72.43,-20.79,20621,520900,0,0
-77.87,-72.42,-20.76,20662,520939,0,0
-77.87,-72.44,-20.73,20701,520980,0,0
-77.89,-72.44,-20.74,20742,521021,0,0
-77.91,-72.43,-20.73,20783,521062,0,0
-77.82,-72.41,-20.65,20824,521103,1,0
-77.66,-72.40,-20.47,20865,521144,1,0
-77.82,-72.38,-20.63,20903,521183,1,0
-77.83,-72.37,-20.63,20944,521224,1,0
-77.85,-72.41,-20.65,20985,521265,1,0
-77.87,-72.41,-20.69,21026,521306,1,1
-77.91,-72.41,-20.73,21067,521347,1,1
-77.97,-72.40,-20.80,21106,521385,1,1
-77.81,-72.38,-20.66,21147,521426,1,1
-77.69,-72.39,-20.55,21188,521467,1,1
-77.69,-72.38,-20.54,21229,521508,1,1
-77.80,-72.37,-20.65,21270,521549,1,1
-77.71,-72.39,-20.57,21309,521590,1,1
-77.67,-72.39,-20.53,21350,521629,0,1
-77.69,-72.38,-20.54,21391,521672,0,1
-77.77,-72.37,-20.64,21432,521713,0,1
-77.76,-72.39,-20.63,21473,521754,0,1
-77.65,-72.40,-20.53,21514,521795,0,1
-77.70,-72.41,-20.53,21553,521834,0,1
-77.76,-72.40,-20.60,21594,521875,0,1
-77.92,-72.41,-20.78,21635,521916,0,1
-77.87,-72.40,-20.73,21676,521957,0,1
-77.95,-72.38,-20.81,21716,521998,0,1
-77.77,-72.37,-20.63,21755,522039,0,1
-77.80,-72.40,-20.67,21796,522078,0,1
-77.82,-72.42,-20.70,21837,522119,0,1
-77.70,-72.40,-20.59,21878,522160,1,1
-77.69,-72.41,-20.60,21919,522201,1,1
-77.59,-72.42,-20.52,21958,522242,1,1
-77.73,-72.44,-20.63,21999,522280,1,1
-77.82,-72.43,-20.73,22040,522321,1,1
-77.70,-72.41,-20.63,22081,522362,1,1
-77.65,-72.38,-20.55,22122,522403,1,1
-77.73,-72.37,-20.61,22161,522444,1,1
-77.57,-72.37,-20.45,22202,522485,1,1
-77.60,-72.38,-20.50,22243,522524,1,1
-77.70,-72.40,-20.61,22284,522565,1,1
-77.76,-72.44,-20.68,22325,522606,1,1
-77.79,-72.41,-20.70,22364,522647,1,1
-77.89,-72.43,-20.79,22405,522688,0,1
-77.78,-72.43,-20.67,22446,522727,0,1
-77.80,-72.44,-20.69,22487,522770,0,1
-77.91,-72.43,-20.78,22528,522811,0,1
-77.85,-72.44,-20.73,22566,522852,0,1
-77.78,-72.43,-20.65,22607,522893,0,1
-77.72,-72.40,-20.59,22648,522932,0,1
-77.73,-72.40,-20.59,22689,522973,0,1
-77.72,-72.40,-20.56,22730,523014,0,1
-77.77,-72.40,-20.65,22769,523055,0,1
-77.84,-72.42,-20.71,22810,523096,0,1
-77.78,-72.44,-20.65,22851,523134,0,1
-77.71,-72.39,-20.58,22892,523175,0,1
-77.68,-72.40,-20.51,22933,523216,1,1
-77.71,-72.42,-20.54,22972,523257,1,1
-77.72,-72.41,-20.58,23013,523298,1,1
-77.70,-72.40,-20.58,23054,523339,1,1
-77.70,-72.41,-20.60,23095,523378,1,1
-77.66,-72.40,-20.56,23136,523419,1,1
-77.81,-72.43,-20.74,23175,523460,1,1
-77.90,-72.43,-20.82,23216,523501,1,1
-77.85,-72.42,-20.81,23257,523542,1,1
-77.91,-72.41,-20.85,23298,523583,1,1
-77.89,-72.42,-20.82,23339,523622,1,1
-77.92,-72.42,-20.88,23379,523663,1,1
-77.79,-72.41,-20.76,23418,523706,1,1
-77.76,-72.40,-20.72,23459,523747,0,1
-77.74,-72.39,-20.67,23500,523786,0,1
-77.76,-72.40,-20.66,23541,523827,0,1
-77.82,-72.40,-20.74,23582,523868,0,1
-77.98,-72.38,-20.89,23621,523909,0,1
-78.00,-72.38,-20.90,23662,523950,0,1
-77.87,-72.39,-20.78,23703,523988,0,1
-77.72,-72.39,-20.64,23744,524029,0,1
-77.73,-72.43,-20.65,23785,524070,0,1
-77.93,-72.44,-20.82,23824,524111,0,1
-77.98,-72.42,-20.84,23865,524152,0,1
-77.91,-72.42,-20.79,23906,524193,0,1
-77.88,-72.40,-20.76,23947,524232,0,1
-77.75,-72.38,-20.63,23988,524273,1,1
-77.75,-72.40,-20.63,24027,524314,1,0
-77.79,-72.41,-20.65,24068,524355,1,0
-77.77,-72.41,-20.63,24109,524396,1,0
-77.71,-72.39,-20.58,24150,524435,1,0
-77.61,-72.39,-20.48,24190,524476,1,0
-77.68,-72.41,-20.57,24229,524519,1,0
-77.72,-72.41,-20.63,24270,524560,1,0
-77.73,-72.41,-20.63,24311,524601,1,0
-77.81,-72.41,-20.70,24352,524640,1,0
-77.84,-72.42,-20.73,24393,524681,1,0
-77.69,-72.41,-20.57,24432,524722,1,0
-77.68,-72.42,-20.57,24473,524763,1,0
-77.58,-72.44,-20.48,24514,524804,0,0
-77.47,-72.43,-20.39,24555,524843,0,0
-77.65,-72.44,-20.55,24596,524883,0,0
-77.68,-72.41,-20.57,24635,524924,0,0
-77.63,-72.42,-20.51,24676,524965,0,0
-77.63,-72.40,-20.50,24717,525006,0,0
-77.62,-72.40,-20.48,24758,525045,0,0
-77.57,-72.38,-20.44,24799,525086,0,0
-77.50,-72.39,-20.35,24838,525127,0,0
-77.54,-72.40,-20.35,24879,525168,0,0
-77.62,-72.43,-20.44,24920,525209,0,0
-77.69,-72.39,-20.52,24961,525248,0,0
-77.66,-72.40,-20.50,25001,525291,0,0
-77.59,-72.40,-20.44,25042,525332,1,0
-77.69,-72.38,-20.53,25081,525373,1,0
-77.79,-72.43,-20.58,25122,525412,1,0
-77.82,-72.43,-20.64,25163,525453,1,0
-77.87,-72.41,-20.67,25204,525494,1,0
-77.85,-72.38,-20.68,25245,525535,1,0
-77.75,-72.40,-20.58,25284,525576,1,0
-77.86,-72.38,-20.69,25325,525617,1,0
-77.83,-72.38,-20.66,25366,525656,1,0
-77.87,-72.40,-20.70,25407,525697,1,0
-77.84,-72.38,-20.66,25448,525737,1,0
-77.69,-72.37,-20.52,25487,525778,1,0
-77.76,-72.36,-20.58,25528,525819,1,0
-77.72,-72.40,-20.54,25569,525858,0,0
-77.87,-72.41,-20.73,25610,525899,0,0
-77.69,-72.40,-20.54,25651,525940,0,0
-77.66,-72.39,-20.49,25690,525981,0,0
-77.74,-72.38,-20.54,25731,526022,0,0
-77.74,-72.39,-20.53,25772,526063,0,0
-77.82,-72.38,-20.57,25812,526104,0,0
-77.74,-72.36,-20.49,25853,526145,0,0
-77.67,-72.36,-20.43,25892,526186,0,0
-77.69,-72.35,-20.46,25933,526227,0,0
-77.67,-72.37,-20.44,25974,526266,0,0
-77.49,-72.40,-20.27,26015,526307,0,0
-77.45,-72.41,-20.24,26056,526348,0,0
-77.49,-72.42,-20.31,26095,526389,1,0
-77.58,-72.42,-20.37,26136,526430,1,0
-77.61,-72.38,-20.42,26177,526471,1,0
-77.62,-72.38,-20.43,26218,526510,1,0
-77.60,-72.40,-20.40,26259,526551,1,0
-77.53,-72.41,-20.34,26298,526592,1,0
-77.58,-72.41,-20.39,26339,526632,1,0
-77.62,-72.41,-20.46,26380,526673,1,0
-77.72,-72.44,-20.55,26421,526712,1,0
-77.79,-72.46,-20.64,26462,526753,1,0
-77.76,-72.43,-20.60,26501,526794,1,0
-77.76,-72.45,-20.57,26542,526835,1,0
-77.65,-72.42,-20.47,26583,526876,1,0
-77.71,-72.42,-20.58,26624,526917,0,0
-77.79,-72.42,-20.66,26664,526956,0,0
-77.73,-72.42,-20.64,26705,526997,0,0
-77.77,-72.42,-20.66,26744,527040,0,0
-77.57,-72.40,-20.47,26785,527081,0,0
-77.56,-72.37,-20.46,26826,527122,0,0
-77.59,-72.37,-20.48,26867,527161,0,0
-77.63,-72.39,-20.51,26908,527202,0,0
-77.73,-72.40,-20.59,26947,527243,0,0
-77.69,-72.40,-20.56,26988,527284,0,0
-77.76,-72.39,-20.61,27029,527325,0,1
-77.72,-72.39,-20.58,27070,527364,0,1
-77.65,-72.43,-20.54,27111,527405,0,1
-77.78,-72.43,-20.65,27150,527446,1,1
-77.77,-72.41,-20.63,27191,527486,1,1
-77.72,-72.39,-20.60,27232,527527,1,1
-77.69,-72.37,-20.57,27273,527566,1,1
-77.65,-72.38,-20.51,27314,527607,1,1
-77.60,-72.38,-20.48,27353,527648,1,1
-77.57,-72.42,-20.46,27394,527689,1,1
-77.73,-72.42,-20.59,27435,527730,1,1
-77.67,-72.44,-20.54,27475,527771,1,1
-77.84,-72.42,-20.69,27516,527810,1,1
-77.89,-72.39,-20.73,27555,527851,1,1
-77.84,-72.40,-20.73,27596,527894,1,1
-77.88,-72.42,-20.76,27637,527935,1,1
-77.80,-72.40,-20.67,27678,527974,0,1
-77.77,-72.40,-20.63,27719,528015,0,1
-77.77,-72.40,-20.66,27758,528056,0,1
-77.54,-72.40,-20.45,27799,528097,0,1
-77.56,-72.41,-20.47,27840,528138,0,1
-77.57,-72.42,-20.48,27881,528177,0,1
-77.64,-72.41,-20.54,27922,528218,0,1
-77.61,-72.40,-20.50,27961,528259,0,1
-77.54,-72.40,-20.45,28002,528300,0,1
-77.51,-72.42,-20.41,28043,528340,0,1
-77.51,-72.43,-20.40,28084,528379,0,1
-77.60,-72.44,-20.47,28125,528420,0,1
-77.69,-72.45,-20.55,28164,528461,0,1
-77.83,-72.44,-20.69,28205,528502,1,1
-77.83,-72.44,-20.74,28246,528543,1,1
-77.78,-72.42,-20.69,28286,528584,1,1
-77.89,-72.41,-20.80,28327,528625,1,1
-77.85,-72.38,-20.75,28366,528666,1,1
-77.84,-72.39,-20.74,28407,528707,1,1
-77.86,-72.40,-20.78,28448,528746,1,1
-77.94,-72.40,-20.83,28489,528787,1,1
-77.97,-72.41,-20.86,28530,528828,1,1
-77.92,-72.41,-20.81,28571,528869,1,1
-77.85,-72.43,-20.71,28610,528910,1,1
-77.81,-72.40,-20.68,28651,528951,1,1
-77.70,-72.39,-20.57,28692,528990,1,1
-77.67,-72.40,-20.53,28733,529031,0,1
-77.51,-72.41,-20.40,28774,529072,0,1
-77.69,-72.42,-20.58,28813,529113,0,1
-77.75,-72.40,-20.64,28854,529154,0,1
-77.73,-72.41,-20.67,28895,529195,0,1
-77.79,-72.42,-20.74,28936,529233,0,1
-77.55,-72.40,-20.53,28977,529274,0,1
-77.62,-72.40,-20.58,29016,529315,0,1
-77.82,-72.43,-20.78,29057,529356,0,1
-77.68,-72.42,-20.63,29097,529397,0,1
-77.64,-72.41,-20.57,29138,529438,0,1
-77.63,-72.42,-20.56,29179,529479,0,1
-77.78,-72.40,-20.72,29218,529520,0,1
-77.86,-72.42,-20.80,29259,529561,1,1
-77.77,-72.42,-20.72,29300,529602,1,1
-77.91,-72.42,-20.82,29341,529641,1,1
-77.92,-72.44,-20.83,29382,529682,1,1
-77.93,-72.43,-20.84,29421,529723,1,1
-77.99,-72.41,-20.89,29462,529764,1,1
-77.91,-72.40,-20.79,29503,529805,1,1
-77.76,-72.37,-20.65,29544,529844,1,1
-77.74,-72.38,-20.65,29585,529885,1,1
-77.74,-72.41,-20.66,29624,529926,1,1
-77.85,-72.42,-20.75,29665,529967,1,1
-77.89,-72.42,-20.82,29706,530008,1,1
-77.86,-72.44,-20.78,29747,530046,1,1
-77.84,-72.42,-20.76,29788,530087,0,1
-77.88,-72.42,-20.81,29827,530128,0,1
-77.90,-72.44,-20.85,29868,530169,0,1
-77.88,-72.42,-20.83,29908,530210,0,1
-77.82,-72.42,-20.81,29949,530251,0,1
-77.71,-72.39,-20.68,29990,530292,0,1
-77.83,-72.40,-20.74,30029,530333,0,0
-77.65,-72.37,-20.61,30070,530374,0,0
-77.62,-72.38,-20.55,30111,530415,0,0
-77.80,-72.40,-20.70,30152,530454,0,0
-77.87,-72.41,-20.74,30193,530495,0,0
-77.89,-72.43,-20.74,30234,530536,0,0
-78.03,-72.42,-20.84,30273,530577,0,0
-77.98,-72.38,-20.82,30314,530618,1,0
-78.03,-72.41,-20.87,30355,530657,1,0
-78.03,-72.42,-20.88,30396,530698,1,0
-77.96,-72.43,-20.83,30437,530739,1,0
-78.01,-72.41,-20.86,30476,530780,1,0
-77.92,-72.44,-20.76,30517,530821,1,0
-77.67,-72.43,-20.53,30558,530860,1,0
-77.72,-72.41,-20.56,30599,530900,1,0
-77.61,-72.38,-20.50,30640,530941,1,0
-77.60,-72.37,-20.53,30679,530982,1,0
-77.68,-72.39,-20.64,30720,531023,1,0
-77.70,-72.42,-20.61,30760,531064,1,0
-77.57,-72.40,-20.46,30801,531105,1,0
-77.62,-72.39,-20.52,30842,531146,0,0
-77.67,-72.40,-20.57,30881,531187,0,0
-77.74,-72.40,-20.61,30922,531228,0,0
-77.72,-72.38,-20.55,30963,531267,0,0
-77.58,-72.37,-20.42,31004,531308,0,0
-77.74,-72.37,-20.58,31045,531349,0,0
-77.76,-72.39,-20.59,31084,531390,0,0
-77.88,-72.40,-20.71,31125,531431,0,0
-77.95,-72.40,-20.79,31166,531472,0,0
-77.92,-72.37,-20.77,31207,531511,0,0
-77.93,-72.38,-20.79,31248,531552,0,0
-77.80,-72.37,-20.65,31287,531593,0,0
-77.94,-72.37,-20.76,31328,531634,0,0
-77.81,-72.40,-20.65,31369,531675,1,0
-77.66,-72.41,-20.53,31410,531716,1,0
-77.73,-72.43,-20.60,31451,531755,1,0
-77.67,-72.40,-20.52,31490,531795,1,0
-77.76,-72.41,-20.61,31531,531836,1,0
-77.86,-72.42,-20.69,31571,531877,1,0
-77.79,-72.37,-20.65,31612,531918,1,0
-77.84,-72.38,-20.70,31653,531959,1,0
-77.92,-72.39,-20.75,31692,532000,1,0
-77.95,-72.38,-20.76,31733,532041,1,0
-78.07,-72.40,-20.89,31774,532082,1,0
-78.09,-72.41,-20.91,31815,532121,1,0
-78.22,-72.41,-21.02,31856,532162,1,0
-78.18,-72.44,-21.00,31897,532203,0,0
-78.05,-72.41,-20.89,31936,532244,0,0
-77.98,-72.42,-20.82,31977,532285,0,0
-77.91,-72.39,-20.73,32018,532326,0,0
-77.89,-72.40,-20.73,32059,532365,0,0
-77.81,-72.40,-20.64,32100,532406,0,0
-77.85,-72.44,-20.66,32139,532447,0,0
-77.87,-72.41,-20.68,32180,532488,0,0
-77.95,-72.40,-20.77,32221,532529,0,0
-78.01,-72.42,-20.82,32262,532568,0,0
-78.12,-72.41,-20.94,32303,532609,0,0
-78.20,-72.43,-21.02,32342,532652,0,0
-78.08,-72.39,-20.86,32382,532692,0,0
-78.12,-72.42,-20.92,32423,532731,1,0
-78.04,-72.45,-20.85,32464,532772,1,0
-77.99,-72.41,-20.82,32505,532813,1,0
-77.89,-72.42,-20.72,32544,532854,1,0
-77.84,-72.41,-20.69,32585,532895,1,0
-77.70,-72.43,-20.57,32626,532936,1,0
-77.73,-72.43,-20.59,32667,532975,1,0
-77.79,-72.40,-20.65,32708,533016,1,0
-77.77,-72.38,-20.67,32747,533057,1,0
-77.96,-72.37,-20.82,32788,533098,1,0
-77.82,-72.37,-20.72,32829,533139,1,0
-77.88,-72.37,-20.78,32870,533178,1,0
-77.90,-72.39,-20.79,32911,533219,1,0
-77.87,-72.40,-20.78,32950,533260,0,0
-77.81,-72.39,-20.73,32991,533301,0,0
-77.95,-72.40,-20.86,33032,533342,0,1
-77.90,-72.42,-20.80,33073,533381,0,1
-77.64,-72.42,-20.56,33114,533424,0,1
-77.83,-72.44,-20.76,33153,533465,0,1
-77.87,-72.45,-20.78,33193,533506,0,1
-77.94,-72.44,-20.83,33234,533544,0,1
-77.73,-72.47,-20.61,33275,533585,0,1
-77.76,-72.45,-20.65,33316,533626,0,1
-77.82,-72.45,-20.71,33355,533667,0,1
-77.78,-72.45,-20.67,33396,533708,0,1
-77.78,-72.44,-20.68,33437,533749,0,1
-77.90,-72.44,-20.80,33478,533788,1,1
-77.94,-72.40,-20.84,33519,533829,1,1
-77.88,-72.43,-20.80,33558,533870,1,1
-77.76,-72.44,-20.69,33599,533911,1,1
-77.70,-72.47,-20.61,33640,533952,1,1
-77.69,-72.44,-20.60,33681,533991,1,1
-77.75,-72.44,-20.65,33722,534032,1,1
-77.64,-72.44,-20.55,33763,534073,1,1
-77.79,-72.44,-20.70,33802,534114,1,1
-77.81,-72.46,-20.72,33843,534155,1,1
-77.82,-72.42,-20.74,33884,534196,1,1
-77.85,-72.44,-20.76,33925,534235,1,1
-77.84,-72.42,-20.79,33966,534276,1,1
-77.69,-72.45,-20.63,34004,534317,0,1
-77.71,-72.46,-20.65,34045,534358,0,1
-77.70,-72.48,-20.64,34086,534401,0,1
-77.90,-72.47,-20.84,34127,534439,0,1
-77.95,-72.47,-20.91,34168,534480,0,1
-77.91,-72.45,-20.85,34207,534521,0,1
-77.87,-72.42,-20.80,34248,534562,0,1
-77.76,-72.39,-20.68,34289,534603,0,1
-77.79,-72.40,-20.66,34330,534642,0,1
-77.61,-72.40,-20.47,34371,534683,0,1
-77.59,-72.42,-20.46,34410,534724,0,1
-77.75,-72.42,-20.63,34451,534765,0,1
-77.87,-72.46,-20.73,34492,534806,0,1
-77.66,-72.46,-20.52,34533,534845,1,1
-77.77,-72.48,-20.65,34574,534886,1,1
-77.52,-72.46,-20.41,34613,534927,1,1
-77.66,-72.43,-20.55,34654,534968,1,1
-77.70,-72.43,-20.59,34695,535009,1,1
-77.73,-72.43,-20.62,34736,535050,1,1
-77.80,-72.43,-20.71,34777,535091,1,1
-77.88,-72.44,-20.79,34816,535132,1,1
-77.94,-72.44,-20.83,34856,535173,1,1
-77.91,-72.42,-20.82,34897,535212,1,1
-78.05,-72.40,-20.94,34938,535252,1,1
-77.95,-72.39,-20.85,34979,535293,1,1
-77.96,-72.40,-20.86,35018,535334,1,1
-78.00,-72.40,-20.88,35059,535375,0,1
-77.92,-72.40,-20.82,35100,535414,0,1
-77.90,-72.42,-20.81,35141,535455,0,1
-77.79,-72.40,-20.69,35182,535496,0,1
-77.88,-72.40,-20.81,35221,535537,0,1
-77.90,-72.41,-20.82,35262,535578,0,1
-77.89,-72.40,-20.81,35303,535617,0,1
-78.08,-72.40,-20.99,35344,535658,0,1
-78.05,-72.39,-20.96,35385,535699,0,1
-77.88,-72.36,-20.80,35426,535742,0,1
-77.81,-72.39,-20.72,35465,535783,0,1
-77.79,-72.39,-20.70,35506,535824,0,1
-77.73,-72.40,-20.65,35547,535863,0,1
-77.72,-72.40,-20.64,35588,535904,1,1
-77.62,-72.39,-20.58,35629,535945,1,1
-77.60,-72.38,-20.55,35667,535986,1,1
-77.72,-72.41,-20.67,35708,536025,1,1
-77.73,-72.41,-20.68,35749,536066,1,1
-77.84,-72.42,-20.81,35790,536107,1,1
-77.79,-72.44,-20.73,35831,536147,1,1
-77.76,-72.43,-20.70,35870,536188,1,1
-77.66,-72.44,-20.62,35911,536227,1,1
-77.77,-72.42,-20.69,35952,536268,1,1
-77.83,-72.41,-20.74,35993,536309,1,1
-77.84,-72.40,-20.75,36034,536350,1,0
-77.92,-72.40,-20.85,36073,536391,1,0
-77.99,-72.39,-20.89,36114,536432,0,0
-77.99,-72.38,-20.86,36155,536471,0,0
-77.90,-72.39,-20.77,36196,536512,0,0
-77.93,-72.40,-20.79,36237,536555,0,0
-77.90,-72.44,-20.77,36276,536596,0,0
-77.89,-72.42,-20.75,36317,536635,0,0
-77.89,-72.44,-20.76,36358,536676,0,0
-77.76,-72.46,-20.60,36399,536717,0,0
-77.53,-72.43,-20.40,36440,536758,0,0
-77.64,-72.42,-20.47,36478,536799,0,0
-77.69,-72.46,-20.52,36519,536838,0,0
-77.66,-72.40,-20.50,36560,536879,0,0
-77.69,-72.38,-20.53,36601,536920,0,0
-77.81,-72.37,-20.63,36642,536961,1,0
-77.86,-72.37,-20.70,36681,537001,1,0
-77.97,-72.40,-20.81,36722,537042,1,0
-78.02,-72.42,-20.86,36763,537081,1,0
-78.07,-72.44,-20.87,36804,537122,1,0
-77.94,-72.42,-20.74,36845,537163,1,0
-77.96,-72.42,-20.75,36884,537204,1,0
-77.99,-72.40,-20.78,36925,537245,1,0
-78.00,-72.39,-20.81,36966,537284,1,0
-78.07,-72.42,-20.85,37007,537327,1,0
-77.98,-72.40,-20.77,37048,537368,1,0
-78.10,-72.42,-20.88,37089,537409,1,0
-78.11,-72.43,-20.91,37128,537448,1,0
-78.02,-72.42,-20.82,37169,537489,0,0
-78.08,-72.42,-20.87,37210,537530,0,0
-77.72,-72.38,-20.54,37251,537571,0,0
-77.76,-72.39,-20.57,37292,537612,0,0
-77.68,-72.36,-20.50,37330,537651,0,0
-77.82,-72.38,-20.64,37371,537692,0,0
-77.86,-72.40,-20.64,37412,537733,0,0
-77.80,-72.40,-20.61,37453,537774,0,0
-77.89,-72.39,-20.70,37494,537815,0,0
-77.93,-72.39,-20.73,37533,537853,0,0
-77.84,-72.40,-20.66,37574,537894,0,0
-77.78,-72.38,-20.57,37615,537935,0,0
-77.80,-72.36,-20.57,37656,537978,0,0
-77.91,-72.38,-20.70,37697,538019,1,0
-77.85,-72.37,-20.66,37736,538058,1,0
-77.94,-72.35,-20.74,37777,538099,1,0
-78.15,-72.37,-20.95,37818,538140,1,0
-78.12,-72.40,-20.94,37859,538181,1,0
-78.08,-72.39,-20.91,37900,538222,1,0
-78.09,-72.40,-20.95,37939,538263,1,0
-78.09,-72.42,-20.94,37980,538302,1,0
-78.02,-72.40,-20.86,38021,538343,1,0
-77.87,-72.42,-20.72,38062,538384,1,0
-77.82,-72.40,-20.69,38103,538425,1,0
-77.84,-72.39,-20.69,38141,538464,1,0
-77.88,-72.39,-20.72,38182,538505,1,0
-77.93,-72.40,-20.77,38223,538546,0,0
-77.94,-72.39,-20.77,38264,538587,0,0
-77.72,-72.38,-20.55,38305,538628,0,0
-77.67,-72.35,-20.46,38344,538669,0,0
-77.72,-72.38,-20.49,38385,538707,0,0
-77.76,-72.39,-20.53,38426,538748,0,0
-77.90,-72.38,-20.67,38467,538789,0,0
-77.85,-72.37,-20.66,38508,538830,0,0
-77.84,-72.38,-20.62,38547,538873,0,0
-77.66,-72.39,-20.47,38588,538912,0,0
-77.65,-72.39,-20.43,38629,538953,0,0
-77.65,-72.37,-20.43,38670,538994,0,0
-77.73,-72.37,-20.49,38711,539035,0,0
-77.90,-72.33,-20.68,38750,539076,1,0
-77.75,-72.36,-20.55,38791,539115,1,0
-77.67,-72.37,-20.48,38832,539156,1,0
-77.78,-72.39,-20.60,38873,539197,1,0
-77.83,-72.37,-20.67,38914,539238,1,0
-77.94,-72.35,-20.77,38955,539279,1,0
-78.02,-72.39,-20.86,38993,539320,1,0
-77.94,-72.37,-20.79,39034,539359,1,1
-77.91,-72.39,-20.80,39075,539400,1,1
-77.96,-72.41,-20.83,39116,539441,1,1
-77.93,-72.39,-20.82,39157,539482,1,1
-77.81,-72.38,-20.71,39196,539523,1,1
-77.86,-72.38,-20.78,39237,539561,1,1
-77.92,-72.41,-20.83,39278,539602,0,1
-77.85,-72.41,-20.75,39319,539643,0,1
-77.90,-72.44,-20.82,39360,539684,0,1
-77.83,-72.37,-20.76,39399,539725,0,1
-77.86,-72.36,-20.77,39440,539766,0,1
-77.97,-72.36,-20.90,39481,539807,0,1
-77.98,-72.38,-20.90,39522,539848,0,1
-77.88,-72.42,-20.82,39563,539889,0,1
-77.91,-72.39,-20.85,39602,539930,0,1
-77.95,-72.40,-20.89,39643,539969,0,1
-77.97,-72.40,-20.91,39684,540010,0,1
-78.04,-72.40,-21.00,39725,540051,0,1
-78.00,-72.39,-20.94,39766,540092,0,1
-78.09,-72.37,-21.02,39804,540133,1,1
-78.11,-72.37,-21.06,39845,540172,1,1
-77.99,-72.38,-20.92,39886,540213,1,1
-77.83,-72.36,-20.78,39927,540254,1,1
-77.76,-72.34,-20.70,39968,540295,1,1
-77.79,-72.35,-20.70,40007,540336,1,1
-77.93,-72.39,-20.84,40048,540377,1,1
-78.00,-72.40,-20.89,40089,540416,1,1
-77.92,-72.40,-20.83,40130,540456,1,1
-77.97,-72.40,-20.87,40171,540497,1,1
-78.01,-72.40,-20.95,40210,540538,1,1
-77.84,-72.40,-20.78,40251,540579,1,1
-77.88,-72.40,-20.81,40292,540620,1,1
-77.97,-72.40,-20.89,40333,540661,0,1
-77.85,-72.38,-20.75,40374,540702,0,1
-77.87,-72.41,-20.80,40413,540743,0,1
-77.89,-72.41,-20.82,40454,540782,0,1
-77.88,-72.41,-20.80,40495,540823,0,1
-77.79,-72.43,-20.70,40536,540864,0,1
-77.85,-72.42,-20.74,40577,540905,0,1
-77.78,-72.42,-20.67,40617,540946,0,1
-77.64,-72.44,-20.53,40656,540987,0,1
-77.81,-72.41,-20.66,40697,541026,0,1
-77.69,-72.38,-20.56,40738,541067,0,1
-77.63,-72.42,-20.50,40779,541108,0,1
-77.71,-72.40,-20.56,40820,541149,0,1
-77.79,-72.39,-20.67,40859,541190,1,1
-77.79,-72.39,-20.67,40900,541231,1,1
-77.90,-72.38,-20.78,40941,541270,1,1
-78.08,-72.38,-20.97,40982,541310,1,1
-77.93,-72.37,-20.84,41023,541351,1,1
-77.98,-72.39,-20.87,41062,541392,1,1
-78.06,-72.43,-20.94,41103,541433,1,1
-78.10,-72.42,-20.97,41144,541474,1,1
-78.09,-72.43,-20.95,41185,541513,1,1
-78.07,-72.40,-20.95,41226,541554,1,1
-77.92,-72.37,-20.80,41265,541597,1,1
-77.78,-72.38,-20.65,41306,541638,1,1
-77.70,-72.36,-20.58,41347,541677,1,1
-77.63,-72.35,-20.52,41388,541718,0,1
-77.78,-72.36,-20.65,41428,541759,0,1
-77.78,-72.37,-20.64,41467,541800,0,1
-77.84,-72.38,-20.73,41508,541841,0,1
-77.82,-72.36,-20.72,41549,541882,0,1
-77.87,-72.38,-20.77,41590,541921,0,1
-77.92,-72.38,-20.85,41631,541962,0,1
-78.04,-72.37,-20.96,41670,542003,0,1
-77.94,-72.36,-20.86,41711,542044,0,1
-78.04,-72.37,-20.94,41752,542083,0,1
-77.91,-72.36,-20.82,41793,542124,0,1
-77.97,-72.38,-20.89,41834,542164,0,1
-77.89,-72.35,-20.84,41873,542205,0,1
-78.01,-72.40,-20.93,41914,542246,1,1
-77.92,-72.42,-20.84,41955,542287,1,1
-77.87,-72.40,-20.80,41996,542328,1,1
-77.77,-72.40,-20.69,42037,542369,1,0
-77.87,-72.38,-20.78,42076,542410,1,0
-77.87,-72.39,-20.78,42117,542451,1,0
-77.82,-72.43,-20.73,42158,542490,1,0
-77.86,-72.44,-20.74,42199,542531,1,0
-77.80,-72.43,-20.69,42240,542572,1,0
-77.89,-72.41,-20.78,42280,542613,1,0
-77.84,-72.36,-20.70,42319,542654,1,0
-77.89,-72.36,-20.75,42360,542693,1,0
-77.86,-72.37,-20.70,42401,542734,1,0
-77.83,-72.36,-20.71,42442,542775,0,0
-77.73,-72.36,-20.60,42483,542816,0,0
-77.86,-72.34,-20.71,42522,542857,0,0
-77.83,-72.35,-20.68,42563,542896,0,0
-77.79,-72.34,-20.64,42604,542937,0,0
-77.92,-72.33,-20.79,42645,542978,0,0
-77.98,-72.35,-20.84,42686,543021,0,0
-77.89,-72.36,-20.76,42725,543062,0,0
-77.74,-72.36,-20.61,42766,543100,0,0
-77.74,-72.36,-20.59,42807,543141,0,0
-78.02,-72.40,-20.83,42848,543182,0,0
-77.97,-72.40,-20.78,42889,543223,0,0
-78.00,-72.41,-20.82,42928,543264,0,0
-77.77,-72.41,-20.60,42969,543303,1,0
-77.78,-72.41,-20.61,43010,543344,1,0
-77.67,-72.41,-20.52,43051,543385,1,0
-77.75,-72.36,-20.60,43091,543426,1,0
-77.98,-72.36,-20.82,43130,543467,1,0
-77.89,-72.34,-20.73,43171,543508,1,0
-77.81,-72.33,-20.66,43212,543547,1,0
-77.83,-72.33,-20.69,43253,543588,1,0
-77.81,-72.34,-20.65,43294,543629,1,0
-77.90,-72.38,-20.77,43333,543670,1,0
-77.82,-72.36,-20.68,43374,543711,1,0
-77.70,-72.35,-20.58,43415,543750,1,0
-77.53,-72.37,-20.41,43456,543791,1,0
-77.62,-72.36,-20.49,43497,543832,0,0
-77.59,-72.35,-20.44,43536,543873,0,0
-77.77,-72.37,-20.58,43577,543913,0,0
-77.75,-72.36,-20.57,43618,543954,0,0
-77.72,-72.40,-20.52,43659,543995,0,0
-77.91,-72.40,-20.69,43700,544036,0,0
-78.00,-72.42,-20.77,43739,544077,0,0
-77.96,-72.40,-20.74,43780,544118,0,0
-77.96,-72.43,-20.77,43821,544159,0,0
-77.92,-72.39,-20.71,43862,544198,0,0
-77.94,-72.38,-20.75,43902,544239,0,0
-77.94,-72.42,-20.76,43941,544280,0,0
-77.97,-72.41,-20.79,43982,544321,0,0
-78.03,-72.43,-20.84,44023,544362,1,0
-77.99,-72.40,-20.79,44064,544401,1,0
-77.97,-72.41,-20.79,44105,544442,1,0
-77.82,-72.41,-20.66,44146,544483,1,0
-77.84,-72.40,-20.69,44185,544524,1,0
-77.81,-72.41,-20.64,44226,544565,1,0
-77.85,-72.40,-20.64,44267,544604,1,0
-77.85,-72.40,-20.67,44308,544645,1,0
-77.80,-72.40,-20.62,44349,544686,1,0
-77.90,-72.39,-20.71,44388,544727,1,0
-77.84,-72.42,-20.67,44429,544768,1,0
-77.86,-72.41,-20.72,44470,544808,1,0
-77.73,-72.38,-20.62,44511,544847,1,0
-77.73,-72.38,-20.63,44552,544890,0,0
-77.77,-72.40,-20.68,44591,544931,0,0
-77.66,-72.39,-20.57,44632,544972,0,0
-77.87,-72.42,-20.76,44673,545011,0,0
-77.81,-72.41,-20.73,44713,545052,0,0
-77.82,-72.39,-20.70,44754,545093,0,0
-77.82,-72.37,-20.69,44793,545134,0,0
-77.82,-72.36,-20.68,44834,545175,0,0
-77.78,-72.38,-20.63,44875,545216,0,0
-77.73,-72.39,-20.55,44916,545255,0,0
-77.80,-72.38,-20.63,44957,545296,0,0
-78.01,-72.41,-20.84,44996,545337,0,0
-77.95,-72.40,-20.78,45037,545378,0,1
-77.95,-72.38,-20.78,45078,545419,1,1
-77.94,-72.38,-20.78,45119,545458,1,1
-77.96,-72.37,-20.78,45160,545499,1,1
-77.77,-72.35,-20.63,45199,545540,1,1
-77.82,-72.34,-20.71,45240,545581,1,1
-77.67,-72.36,-20.58,45281,545622,1,1
-77.75,-72.37,-20.67,45322,545660,1,1
-77.96,-72.39,-20.88,45363,545703,1,1
-77.98,-72.38,-20.90,45402,545744,1,1
-77.88,-72.38,-20.80,45443,545785,1,1
-77.92,-72.41,-20.86,45484,545826,1,1
-77.99,-72.39,-20.95,45524,545865,1,1
-78.07,-72.40,-21.02,45565,545906,1,1
-78.06,-72.37,-21.01,45604,545947,0,1
-78.06,-72.39,-21.01,45645,545988,0,1
-78.16,-72.39,-21.08,45686,546029,0,1
-77.91,-72.40,-20.80,45727,546068,0,1
-78.01,-72.40,-20.89,45768,546109,0,1
-78.09,-72.38,-21.01,45809,546150,0,1
-78.00,-72.38,-20.91,45848,546191,0,1
-78.10,-72.38,-20.98,45889,546232,0,1
-78.07,-72.39,-20.93,45930,546271,0,1
-78.08,-72.40,-20.93,45971,546312,0,1
-77.97,-72.39,-20.83,46012,546353,0,1
-77.82,-72.38,-20.68,46051,546396,0,1
-77.92,-72.39,-20.79,46092,546435,0,1
-77.90,-72.40,-20.79,46133,546476,1,1
-77.89,-72.42,-20.78,46174,546516,1,1
-77.94,-72.40,-20.82,46215,546557,1,1
-77.99,-72.41,-20.86,46254,546598,1,1
-77.94,-72.43,-20.82,46295,546637,1,1
-77.95,-72.39,-20.86,46336,546678,1,1
-78.08,-72.40,-20.99,46376,546719,1,1
-77.95,-72.40,-20.89,46417,546760,1,1
-77.83,-72.42,-20.79,46456,546801,1,1
-77.83,-72.41,-20.80,46497,546842,1,1
-77.76,-72.41,-20.75,46538,546881,1,1
-77.79,-72.39,-20.75,46579,546922,1,1
-77.81,-72.40,-20.76,46620,546963,1,1
-77.87,-72.37,-20.80,46659,547004,0,1
-77.90,-72.38,-20.82,46700,547045,0,1
-78.01,-72.40,-20.94,46741,547084,0,1
-78.11,-72.43,-21.02,46782,547125,0,1
-78.10,-72.45,-21.01,46823,547166,0,1
-78.04,-72.46,-20.96,46862,547209,0,1
-77.94,-72.45,-20.85,46903,547250,0,1
-77.79,-72.43,-20.70,46944,547289,0,1
-77.80,-72.40,-20.75,46985,547330,0,1
-77.69,-72.38,-20.62,47026,547371,0,1
-77.71,-72.39,-20.65,47065,547411,0,1
-77.77,-72.37,-20.69,47106,547452,0,1
-77.83,-72.38,-20.73,47147,547491,0,1
-77.76,-72.37,-20.66,47187,547532,1,1
-77.81,-72.37,-20.70,47228,547575,1,1
-77.87,-72.36,-20.76,47267,547614,1,1
-77.83,-72.35,-20.71,47308,547655,1,1
-77.84,-72.38,-20.73,47349,547694,1,1
-77.84,-72.41,-20.73,47390,547735,1,1
-77.97,-72.45,-20.89,47431,547776,1,1
-78.11,-72.44,-21.03,47472,547817,1,1
-78.05,-72.43,-20.96,47511,547858,1,1
-77.99,-72.41,-20.92,47552,547899,1,1
-77.86,-72.40,-20.79,47593,547938,1,1
-77.99,-72.42,-20.92,47634,547981,1,1
-77.86,-72.37,-20.81,47675,548022,1,1
-77.79,-72.38,-20.74,47714,548063,0,1
-77.76,-72.40,-20.71,47755,548102,0,1
-77.85,-72.39,-20.80,47796,548143,0,1
-77.91,-72.41,-20.86,47837,548184,0,1
-77.93,-72.38,-20.88,47878,548225,0,1
-77.80,-72.37,-20.73,47917,548265,0,1
-77.74,-72.39,-20.68,47958,548304,0,1
-77.81,-72.40,-20.76,47998,548345,0,1
-77.81,-72.39,-20.76,48039,548386,0,0
-77.77,-72.36,-20.70,48080,548427,0,0
-77.71,-72.35,-20.64,48119,548468,0,0
-77.74,-72.36,-20.68,48160,548507,0,0
-77.70,-72.38,-20.64,48201,548548,0,0
-77.78,-72.38,-20.68,48242,548589,1,0
-77.88,-72.38,-20.75,48283,548630,1,0
-77.92,-72.37,-20.81,48322,548671,1,0
-77.80,-72.38,-20.67,48363,548712,1,0
-77.87,-72.35,-20.73,48404,548751,1,0
-77.93,-72.37,-20.77,48445,548792,1,0
-77.91,-72.37,-20.75,48486,548835,1,0
-77.82,-72.38,-20.68,48525,548876,1,0
-77.79,-72.44,-20.65,48566,548917,1,0
-77.68,-72.42,-20.54,48607,548956,1,0
-77.68,-72.38,-20.54,48648,548997,1,0
-77.73,-72.37,-20.61,48689,549038,1,0
-77.87,-72.40,-20.74,48728,549079,1,0
-77.88,-72.43,-20.77,48769,549120,0,0
-77.87,-72.43,-20.75,48809,549158,0,0
-78.01,-72.42,-20.88,48850,549199,0,0
-77.99,-72.38,-20.84,48891,549240,0,0
-77.94,-72.40,-20.79,48930,549281,0,0
-77.74,-72.38,-20.60,48971,549322,0,0
-77.89,-72.40,-20.72,49012,549363,0,0
-77.93,-72.43,-20.75,49053,549402,0,0
-77.90,-72.42,-20.69,49094,549443,0,0
-77.86,-72.40,-20.65,49133,549484,0,0
-78.00,-72.40,-20.80,49174,549525,0,0
-78.03,-72.38,-20.83,49215,549566,0,0
-77.94,-72.37,-20.72,49256,549607,0,0
-77.95,-72.37,-20.74,49297,549646,1,0
-78.12,-72.36,-20.92,49338,549687,1,0
-78.04,-72.34,-20.84,49377,549728,1,0
-78.11,-72.37,-20.89,49418,549769,1,0
-78.07,-72.38,-20.85,49459,549810,1,0
-78.21,-72.38,-21.01,49500,549851,1,0
-78.24,-72.38,-21.06,49541,549890,1,0
-78.21,-72.41,-21.00,49580,549931,1,0
-78.16,-72.43,-20.96,49620,549974,1,0
-78.09,-72.42,-20.91,49661,550014,1,0
-78.05,-72.41,-20.87,49702,550053,1,0
-77.96,-72.39,-20.81,49743,550094,1,0
-77.95,-72.38,-20.77,49782,550135,1,0
-78.00,-72.38,-20.82,49823,550176,0,0
-77.95,-72.35,-20.75,49864,550217,0,0
-77.70,-72.36,-20.51,49905,550258,0,0
-77.87,-72.35,-20.70,49946,550297,0,0
-77.86,-72.38,-20.70,49985,550338,0,0
-77.82,-72.37,-20.63,50026,550379,0,0
-77.80,-72.36,-20.60,50067,550420,0,0
-77.89,-72.35,-20.67,50108,550461,0,0
-77.86,-72.37,-20.61,50149,550502,0,0
-77.87,-72.36,-20.67,50188,550541,0,0
-77.94,-72.38,-20.68,50229,550582,0,0
-77.89,-72.37,-20.67,50270,550623,0,0
-77.85,-72.42,-20.64,50311,550664,0,0
-77.99,-72.43,-20.77,50352,550705,1,0
-78.15,-72.41,-20.92,50391,550744,1,0
-78.00,-72.39,-20.80,50432,550785,1,0
-78.02,-72.39,-20.83,50472,550825,1,0
-78.04,-72.39,-20.82,50513,550866,1,0
-77.98,-72.40,-20.76,50554,550907,1,0
-78.04,-72.42,-20.81,50593,550948,1,0
-77.99,-72.41,-20.77,50634,550989,1,0
-78.05,-72.44,-20.84,50675,551030,1,0
-78.04,-72.42,-20.85,50716,551071,1,0
-78.08,-72.44,-20.90,50757,551112,1,0
-78.09,-72.44,-20.93,50796,551151,1,0
-77.95,-72.40,-20.82,50837,551192,1,0
-77.93,-72.39,-20.77,50878,551233,0,0
-78.16,-72.40,-20.97,50919,551274,0,0
-78.25,-72.40,-21.04,50960,551315,0,0
-78.08,-72.39,-20.88,51001,551354,0,0
-78.09,-72.38,-20.90,51040,551395,0,1
-78.25,-72.35,-21.04,51081,551436,0,1
-77.96,-72.36,-20.79,51122,551477,0,1
-77.97,-72.37,-20.79,51163,551518,0,1
-77.92,-72.38,-20.75,51204,551559,0,1
-77.80,-72.34,-20.65,51243,551598,0,1
-77.84,-72.33,-20.70,51283,551639,0,1
-77.97,-72.33,-20.84,51324,551680,0,1
-77.98,-72.34,-20.87,51365,551720,0,1
-77.84,-72.33,-20.73,51406,551761,1,1
-78.03,-72.36,-20.93,51445,551802,1,1
-78.07,-72.40,-20.96,51486,551843,1,1
-78.13,-72.37,-21.03,51527,551884,1,1
-77.99,-72.36,-20.94,51568,551925,1,1
-77.88,-72.36,-20.82,51609,551966,1,1
-78.02,-72.40,-20.93,51648,552005,1,1
-77.99,-72.40,-20.90,51689,552046,1,1
-77.94,-72.41,-20.84,51730,552087,1,1
-78.08,-72.43,-20.99,51771,552128,1,1
-78.17,-72.43,-21.06,51812,552169,1,1
-77.95,-72.45,-20.82,51851,552208,1,1
-77.85,-72.44,-20.71,51892,552249,1,1
-77.91,-72.42,-20.76,51933,552290,0,1
-77.82,-72.43,-20.69,51974,552331,0,1
-77.87,-72.44,-20.77,52015,552372,0,1
-77.90,-72.41,-20.80,52054,552413,0,1
-78.03,-72.39,-20.92,52094,552452,0,1
-77.97,-72.36,-20.87,52135,552493,0,1
-77.98,-72.36,-20.84,52176,552534,0,1
-78.05,-72.35,-20.94,52217,552574,0,1
-78.18,-72.35,-21.07,52256,552615,0,1
-78.17,-72.35,-21.06,52297,552654,0,1
-78.13,-72.37,-21.05,52338,552695,0,1
-78.09,-72.38,-21.05,52379,552736,0,1
-77.95,-72.37,-20.91,52420,552779,0,1
-78.04,-72.35,-21.01,52459,552820,1,1
-78.10,-72.33,-21.04,52500,552859,1,1
-78.11,-72.36,-21.06,52541,552900,1,1
-78.16,-72.36,-21.11,52582,552941,1,1
-78.14,-72.33,-21.09,52623,552982,1,1
-78.22,-72.33,-21.17,52664,553023,1,1
-78.32,-72.34,-21.25,52703,553062,1,1
-78.25,-72.32,-21.16,52744,553103,1,1
-78.21,-72.36,-21.12,52785,553144,1,1
-78.16,-72.36,-21.11,52826,553185,1,1
-78.04,-72.34,-20.98,52867,553226,1,1
-78.10,-72.35,-21.01,52905,553267,1,1
-78.09,-72.38,-21.05,52946,553306,1,1
-78.10,-72.36,-21.03,52987,553347,0,1
-78.11,-72.36,-21.04,53028,553388,0,1
-78.03,-72.37,-20.99,53069,553428,0,1
-78.08,-72.35,-21.04,53108,553469,0,1
-78.07,-72.36,-21.02,53149,553508,0,1
-78.12,-72.36,-21.05,53190,553551,0,1
-78.16,-72.38,-21.10,53231,553592,0,1
-78.11,-72.38,-21.03,53272,553633,0,1
-77.95,-72.40,-20.86,53311,553672,0,1
-77.88,-72.37,-20.76,53352,553713,0,1
-77.92,-72.37,-20.80,53393,553754,0,1
-77.88,-72.37,-20.74,53434,553795,0,1
-77.85,-72.35,-20.73,53475,553836,0,1
-77.80,-72.37,-20.70,53514,553877,1,1
-77.82,-72.36,-20.72,53555,553916,1,1
-77.85,-72.37,-20.77,53596,553957,1,1
-77.88,-72.38,-20.81,53637,553998,1,1
-77.96,-72.37,-20.89,53678,554039,1,1
-77.93,-72.38,-20.89,53716,554080,1,1
-77.86,-72.38,-20.80,53757,554119,1,1
-78.02,-72.39,-20.95,53798,554160,1,1
-78.05,-72.40,-20.96,53839,554201,1,1
-78.16,-72.41,-21.11,53880,554242,1,1
-78.19,-72.41,-21.13,53919,554283,1,1
-78.19,-72.40,-21.10,53960,554321,1,1
-78.03,-72.39,-20.96,54001,554364,1,1
-77.92,-72.40,-20.84,54042,554405,0,0
-77.72,-72.39,-20.63,54083,554446,0,0
-77.84,-72.38,-20.76,54122,554487,0,0
-77.91,-72.38,-20.79,54163,554526,0,0
-77.94,-72.37,-20.80,54204,554567,0,0
-78.07,-72.35,-20.93,54245,554608,0,0
-77.82,-72.33,-20.68,54286,554649,0,0
-77.78,-72.32,-20.64,54325,554690,0,0
-77.80,-72.33,-20.66,54366,554731,0,0
-77.88,-72.34,-20.74,54407,554770,0,0
-77.96,-72.36,-20.84,54448,554811,0,0
-77.86,-72.36,-20.73,54489,554852,0,0
-77.90,-72.37,-20.75,54530,554893,0,0
-78.08,-72.38,-20.95,54568,554934,1,0
-78.02,-72.37,-20.88,54609,554973,1,0
-77.94,-72.39,-20.80,54650,555014,1,0
-77.99,-72.39,-20.84,54691,555055,1,0
-78.01,-72.42,-20.86,54732,555096,1,0
-77.83,-72.39,-20.68,54771,555137,1,0
-77.78,-72.42,-20.64,54812,555175,1,0
-77.80,-72.37,-20.67,54853,555216,1,0
-77.82,-72.38,-20.70,54894,555259,1,0
-77.89,-72.39,-20.75,54935,555300,1,0
-77.91,-72.40,-20.76,54974,555341,1,0
-78.01,-72.40,-20.87,55015,555380,1,0
-78.01,-72.39,-20.88,55056,555421,1,0
-77.84,-72.37,-20.73,55097,555462,0,0
-77.91,-72.38,-20.78,55138,555503,0,0
-77.72,-72.36,-20.59,55177,555544,0,0
-77.81,-72.38,-20.68,55218,555583,0,0
-78.00,-72.38,-20.88,55259,555624,0,0
-78.05,-72.33,-20.91,55300,555665,0,0
-77.90,-72.31,-20.77,55341,555706,0,0
-78.03,-72.33,-20.90,55379,555747,0,0
-78.13,-72.34,-20.97,55420,555786,0,0
-78.04,-72.34,-20.87,55461,555827,0,0
-78.04,-72.34,-20.86,55502,555868,0,0
-78.11,-72.36,-20.92,55543,555909,0,0
-78.04,-72.35,-20.87,55582,555950,0,0
-78.04,-72.32,-20.89,55623,555991,1,0
-77.94,-72.33,-20.80,55664,556032,1,0
-77.86,-72.35,-20.72,55705,556072,1,0
-77.82,-72.34,-20.67,55746,556113,1,0
-77.77,-72.35,-20.65,55785,556154,1,0
-77.68,-72.34,-20.56,55826,556193,1,0
-77.63,-72.34,-20.50,55867,556234,1,0
-77.69,-72.33,-20.57,55908,556275,1,0
-77.68,-72.35,-20.53,55949,556316,1,0
-77.91,-72.38,-20.77,55988,556357,1,0
-77.95,-72.37,-20.79,56029,556398,1,0
-78.03,-72.39,-20.88,56070,556437,1,0
-77.96,-72.38,-20.79,56111,556478,1,0
-77.88,-72.38,-20.71,56152,556519,0,0
-78.05,-72.39,-20.88,56193,556560,0,0
-78.08,-72.38,-20.89,56231,556601,0,0
-78.01,-72.37,-20.82,56272,556640,0,0
-77.98,-72.36,-20.75,56313,556681,0,0
-77.87,-72.36,-20.65,56354,556722,0,0
-77.84,-72.36,-20.63,56395,556763,0,0
-77.86,-72.36,-20.66,56434,556804,0,0
-77.99,-72.36,-20.77,56475,556845,0,0
-77.86,-72.37,-20.64,56516,556883,0,0
-77.93,-72.40,-20.71,56557,556926,0,0
-77.88,-72.41,-20.65,56598,556967,0,0
-77.96,-72.41,-20.75,56637,557008,0,0
-77.96,-72.42,-20.73,56678,557047,1,0
-78.11,-72.43,-20.92,56719,557088,1,0
-78.11,-72.41,-20.93,56760,557129,1,0
-78.19,-72.42,-21.03,56801,557170,1,0
-78.23,-72.42,-21.09,56840,557211,1,0
-78.21,-72.40,-21.03,56881,557252,1,0
-78.09,-72.41,-20.94,56922,557291,1,0
-77.94,-72.39,-20.76,56963,557332,1,0
-77.85,-72.39,-20.68,57004,557373,1,0
-77.89,-72.39,-20.74,57042,557414,1,1
-77.75,-72.38,-20.61,57083,557455,1,1
-77.97,-72.37,-20.83,57124,557494,1,1
-77.87,-72.37,-20.75,57165,557535,1,1
-77.95,-72.37,-20.84,57206,557576,0,1
-77.92,-72.36,-20.84,57245,557617,0,1
-77.85,-72.37,-20.76,57286,557658,0,1
-77.93,-72.37,-20.86,57327,557699,0,1
-77.91,-72.38,-20.86,57368,557737,0,1
-77.88,-72.35,-20.84,57409,557778,0,1
-77.98,-72.37,-20.86,57448,557821,0,1
-77.82,-72.35,-20.69,57489,557862,0,1
-77.97,-72.35,-20.83,57530,557901,0,1
-77.96,-72.36,-20.81,57571,557942,0,1
-77.90,-72.37,-20.73,57612,557983,0,1
-78.00,-72.39,-20.83,57651,558024,0,1
-78.08,-72.38,-20.91,57692,558065,0,1
-78.13,-72.37,-20.97,57733,558104,1,1
-78.03,-72.39,-20.88,57774,558145,1,1
-77.97,-72.38,-20.86,57815,558186,1,1
-77.99,-72.42,-20.89,57856,558227,1,1
-78.08,-72.39,-21.00,57894,558268,1,1
-78.08,-72.39,-21.03,57935,558309,1,1
-77.98,-72.39,-20.92,57976,558348,1,1
-77.81,-72.36,-20.76,58017,558389,1,1
-77.77,-72.39,-20.72,58058,558430,1,1
-77.79,-72.40,-20.74,58097,558471,1,1
-77.91,-72.40,-20.83,58138,558512,1,1
-77.92,-72.38,-20.82,58179,558551,1,1
-77.74,-72.42,-20.65,58220,558592,1,1
-77.87,-72.42,-20.79,58261,558632,0,1
-77.97,-72.41,-20.89,58300,558675,0,1
-77.95,-72.37,-20.86,58341,558716,0,1
-77.82,-72.37,-20.71,58382,558755,0,1
-77.87,-72.37,-20.75,58423,558796,0,1
-77.86,-72.36,-20.76,58464,558837,0,1
-77.90,-72.38,-20.78,58503,558878,0,1
-77.85,-72.37,-20.72,58544,558919,0,1
-77.92,-72.36,-20.79,58585,558958,0,1
-77.90,-72.39,-20.80,58626,558999,0,1
-77.93,-72.39,-20.83,58667,559040,0,1
-77.91,-72.34,-20.81,58705,559081,0,1
-77.96,-72.35,-20.84,58746,559122,0,1
-78.02,-72.36,-20.91,58787,559161,1,1
-78.07,-72.33,-20.97,58828,559202,1,1
-78.11,-72.34,-21.02,58869,559243,1,1
-78.06,-72.33,-21.00,58908,559284,1,1
-78.07,-72.36,-21.00,58949,559325,1,1
-77.98,-72.36,-20.90,58990,559366,1,1
-78.05,-72.37,-20.97,59031,559405,1,1
-78.06,-72.37,-20.98,59072,559446,1,1
-78.21,-72.40,-21.15,59111,559489,1,1
-78.11,-72.37,-21.03,59152,559529,1,1
-78.18,-72.37,-21.10,59193,559568,1,1
-78.06,-72.37,-20.98,59234,559609,1,1
-77.97,-72.37,-20.87,59275,559650,1,1
-78.07,-72.38,-20.95,59314,559691,0,1
-78.10,-72.41,-20.96,59355,559732,0,1
-78.01,-72.39,-20.90,59396,559771,0,1
-78.00,-72.36,-20.89,59437,559812,0,1
-77.95,-72.33,-20.86,59478,559853,0,1
-77.96,-72.37,-20.86,59516,559894,0,1
-77.91,-72.38,-20.78,59557,559935,0,1
-77.85,-72.38,-20.73,59598,559976,0,1
-77.96,-72.37,-20.86,59639,560015,0,1
-77.90,-72.38,-20.78,59680,560056,0,1
-77.94,-72.37,-20.82,59721,560097,0,1
-77.95,-72.38,-20.83,59760,560138,0,1
-78.13,-72.37,-21.04,59801,560179,0,1
-78.09,-72.34,-20.97,59842,560220,1,1
-78.21,-72.37,-21.08,59883,560259,1,1
-78.31,-72.36,-21.16,59924,560300,1,1
-78.12,-72.38,-20.97,59963,560340,1,1
-78.32,-72.40,-21.16,60004,560381,1,1
-78.33,-72.41,-21.17,60045,560422,1,0
