0.60,-1.98,70.90,24,2061725,0,1
0.60,-1.97,70.91,43,2061744,0,1
0.60,-1.99,70.90,61,2061760,0,1
0.60,-2.01,70.89,79,2061780,0,1
0.59,-2.02,70.90,110,2061799,0,1
0.59,-2.02,70.91,145,2061815,0,1
0.58,-2.02,70.92,180,2061832,0,1
0.58,-2.03,70.92,215,2061848,0,1
0.59,-2.06,70.93,251,2061864,0,1
0.59,-2.08,70.93,286,2061881,0,1
0.59,-2.10,70.92,321,2061901,0,1
0.60,-2.12,70.90,356,2061934,0,1
0.61,-2.17,70.91,393,2061971,0,1
0.61,-2.15,70.92,428,2062006,0,1
0.62,-2.14,70.92,462,2062043,0,1
0.61,-2.11,70.94,497,2062077,0,1
0.60,-2.12,70.93,534,2062112,0,1
0.59,-2.13,70.90,569,2062147,0,1
0.57,-2.10,70.93,604,2062182,0,1
0.56,-2.09,70.95,641,2062219,0,1
0.56,-2.08,70.92,675,2062254,1,1
0.57,-2.06,70.91,710,2062290,1,1
0.57,-2.05,70.91,745,2062325,1,1
0.58,-2.12,70.89,782,2062362,1,1
0.56,-2.12,70.91,817,2062395,1,1
0.56,-2.12,70.91,851,2062432,1,1
0.55,-2.03,70.93,886,2062467,1,1
0.56,-2.01,70.92,923,2062501,1,1
0.57,-2.00,70.91,958,2062538,1,1
0.57,-2.00,70.93,993,2062573,1,1
0.57,-2.01,70.94,1028,2062608,1,1
0.57,-2.01,70.93,1064,2062645,1,1
0.55,-2.04,70.94,1101,2062680,1,1
0.56,-2.06,70.94,1138,2062714,1,1
0.57,-2.04,70.95,1175,2062749,1,1
0.55,-2.08,70.93,1210,2062786,0,1
0.54,-2.07,70.92,1247,2062823,0,1
0.56,-2.04,70.90,1284,2062860,0,1
0.54,-2.05,70.88,1320,2062897,0,1
0.53,-2.04,70.89,1355,2062934,0,1
0.53,-2.02,70.89,1392,2062970,0,1
0.52,-2.04,70.90,1429,2063007,0,1
0.55,-2.04,70.92,1466,2063042,0,1
0.58,-2.15,71.00,1503,2063079,0,1
0.60,-2.31,71.07,1538,2063116,0,1
0.64,-2.44,71.06,1574,2063153,0,1
0.65,-2.55,71.05,1611,2063187,0,1
0.59,-2.64,71.01,1648,2063224,0,1
0.53,-2.80,70.94,1683,2063261,0,1
0.58,-3.03,70.89,1720,2063298,1,1
0.64,-3.09,70.87,1757,2063333,1,1
0.66,-2.87,70.80,1794,2063370,1,1
0.66,-2.73,70.77,1828,2063407,1,1
0.65,-2.54,70.71,1865,2063443,1,1
0.65,-2.55,70.64,1902,2063480,1,1
0.57,-2.45,70.63,1939,2063517,1,1
0.47,-2.31,70.67,1976,2063554,1,1
0.42,-2.40,70.65,2011,2063591,1,1
0.44,-2.44,70.64,2048,2063626,1,1
0.44,-2.18,70.63,2084,2063663,1,1
0.46,-1.64,70.63,2121,2063699,1,1
0.45,-1.08,70.70,2156,2063736,1,1
0.42,-0.62,70.76,2193,2063771,1,1
0.41,-0.37,70.76,2230,2063808,0,1
0.46,-0.22,70.71,2267,2063845,0,1
0.50,-0.12,70.71,2304,2063882,0,1
0.52,-0.03,70.67,2338,2063919,0,1
0.56,-0.00,70.66,2375,2063955,0,1
0.59,0.01,70.63,2412,2063992,0,1
0.58,-0.03,70.60,2447,2064027,0,1
0.55,-0.07,70.60,2484,2064066,0,0
0.56,-0.12,70.56,2521,2064101,0,0
0.55,-0.10,70.54,2555,2064136,0,0
0.56,-0.19,70.54,2592,2064173,0,0
0.55,-0.30,70.58,2629,2064209,0,0
0.55,-0.47,70.63,2666,2064246,0,0
0.59,-0.44,70.68,2703,2064283,0,0
0.62,-0.31,70.70,2738,2064318,1,0
0.60,-0.11,70.71,2775,2064355,1,0
0.61,-0.02,70.68,2811,2064392,1,0
0.59,-0.06,70.61,2848,2064429,1,0
0.60,-0.03,70.63,2883,2064463,1,0
0.56,-0.06,70.65,2920,2064500,1,0
0.55,-0.13,70.65,2957,2064537,1,0
0.58,-0.27,70.65,2994,2064574,1,0
0.62,-0.34,70.63,3031,2064611,1,0
0.62,-0.33,70.63,3065,2064648,1,0
0.61,-0.35,70.61,3102,2064685,1,0
0.64,-0.44,70.58,3139,2064719,1,0
0.65,-0.60,70.59,3176,2064756,1,0
0.63,-0.76,70.62,3211,2064793,1,0
0.66,-0.86,70.66,3248,2064828,0,0
0.70,-0.86,70.66,3284,2064867,0,0
0.70,-0.82,70.70,3321,2064904,0,0
0.71,-0.83,70.74,3356,2064941,0,0
0.75,-0.79,70.80,3393,2064975,0,0
0.75,-0.87,70.86,3430,2065012,0,0
0.82,-1.16,70.90,3467,2065049,0,0
0.88,-1.37,70.85,3504,2065084,0,0
0.88,0.08,70.78,3538,2065121,0,0
0.64,1.59,70.51,3575,2065158,0,0
0.39,2.75,70.37,3610,2065195,0,0
0.21,2.85,70.22,3645,2065231,0,0
0.04,2.33,70.01,3680,2065268,0,0
-0.03,1.37,69.94,3717,2065303,0,0
0.05,0.22,70.00,3751,2065338,1,0
0.06,-0.47,70.31,3788,2065375,1,0
-1.94,0.49,70.44,3823,2065410,1,0
-0.24,0.22,70.52,3860,2065444,1,0
0.29,-0.09,70.50,3897,2065481,1,0
0.51,0.73,70.34,3934,2065518,1,0
0.22,1.92,69.93,3969,2065553,1,0
-0.41,2.77,69.48,4003,2065590,1,0
-0.83,2.95,69.32,4040,2065627,1,0
-0.71,2.69,69.42,4077,2065664,1,0
-0.37,2.22,69.67,4114,2065702,1,0
0.00,1.68,69.94,4149,2065733,1,0
0.47,1.25,70.21,4186,2065770,1,0
0.72,1.57,70.34,4220,2065805,1,0
0.67,1.96,70.33,4255,2065842,0,0
0.47,2.48,70.19,4290,2065881,0,0
0.33,2.72,70.10,4327,2065915,0,0
0.21,3.01,70.08,4362,2065950,0,0
0.18,3.11,70.09,4397,2065985,0,0
0.28,3.13,70.14,4433,2066022,0,0
0.32,3.12,70.18,4468,2066057,0,0
0.39,2.78,70.20,4503,2066092,0,0
0.41,2.31,70.18,4538,2066128,0,0
0.46,1.67,70.03,4575,2066163,0,0
0.50,1.51,69.89,4610,2066198,0,0
0.43,2.20,69.88,4644,2066235,0,0
0.34,3.34,69.88,4679,2066270,0,0
0.24,4.37,69.84,4716,2066305,0,0
0.27,4.31,69.78,4751,2066341,1,0
0.45,3.67,69.81,4786,2066378,1,0
0.45,3.29,69.73,4820,2066413,1,0
0.46,3.16,69.65,4857,2066448,1,0
0.38,3.12,69.63,4892,2066483,1,0
0.37,3.08,69.62,4927,2066518,1,0
0.32,3.23,69.57,4964,2066552,1,0
0.32,3.23,69.55,4999,2066587,1,0
0.35,3.04,69.53,5033,2066624,1,0
0.38,3.01,69.57,5068,2066661,1,0
0.37,3.12,69.55,5105,2066696,1,0
0.36,3.28,69.54,5140,2066731,1,0
0.35,3.42,69.51,5175,2066765,1,0
0.37,3.47,69.50,5210,2066800,1,0
0.37,3.42,69.43,5246,2066837,1,0
0.37,3.36,69.42,5281,2066874,0,0
0.30,3.34,69.40,5316,2066909,0,0
0.27,3.38,69.38,5351,2066944,0,0
0.23,3.35,69.41,5388,2066978,0,0
0.24,3.33,69.41,5423,2067013,0,0
0.25,3.24,69.45,5457,2067048,0,0
0.31,3.13,69.48,5494,2067085,0,1
0.38,2.96,69.49,5529,2067122,0,1
0.42,2.86,69.50,5564,2067156,0,1
0.43,2.87,69.48,5599,2067191,0,1
0.41,2.82,69.43,5636,2067226,0,1
0.42,2.76,69.41,5670,2067261,0,1
0.40,2.60,69.38,5705,2067298,0,1
0.42,2.46,69.35,5740,2067335,0,1
0.47,2.34,69.32,5777,2067372,0,1
0.46,2.29,69.34,5812,2067404,1,1
0.43,2.23,69.36,5847,2067439,1,1
0.39,2.20,69.37,5881,2067474,1,1
0.42,2.24,69.44,5918,2067511,1,1
0.41,2.26,69.47,5953,2067546,1,1
0.41,2.10,69.53,5988,2067580,1,1
0.46,1.96,69.58,6023,2067617,1,1
0.50,1.89,69.69,6060,2067652,1,1
0.57,1.89,69.79,6094,2067687,1,1
0.59,1.94,69.89,6129,2067724,1,1
0.62,2.03,70.01,6166,2067759,1,1
0.63,2.11,70.11,6201,2067793,1,1
0.68,1.99,70.12,6236,2067828,1,1
0.70,1.79,70.10,6270,2067865,1,1
0.72,1.72,70.10,6307,2067900,1,1
0.72,1.66,70.09,6342,2067937,0,1
0.72,1.59,70.06,6377,2067972,0,1
0.73,1.53,70.04,6412,2068006,0,1
0.69,1.51,69.99,6449,2068041,0,1
0.63,1.54,69.93,6483,2068076,0,1
0.59,1.54,69.87,6518,2068113,0,1
0.56,1.48,69.84,6553,2068152,0,1
0.55,1.35,69.84,6590,2068185,0,1
0.57,1.10,69.87,6625,2068219,0,1
0.63,0.65,69.83,6660,2068254,0,1
0.55,0.94,69.79,6696,2068289,0,1
0.40,3.19,69.68,6731,2068326,0,1
0.20,5.40,69.49,6766,2068361,0,1
0.17,8.25,68.96,6801,2068398,0,1
0.26,2.93,68.57,6838,2068434,0,1
0.36,1.97,69.00,6873,2068467,1,1
-0.13,-1.25,69.72,6907,2068502,1,1
-0.34,-5.00,69.49,6944,2068539,1,1
0.43,-9.25,69.23,6983,2068574,1,1
0.87,-13.95,69.44,7018,2068611,1,1
1.71,-18.36,69.32,7057,2068645,1,1
2.21,-22.56,69.22,7094,2068682,1,1
3.59,-24.96,69.17,7131,2068719,1,1
5.63,-27.56,68.94,7170,2068756,1,1
6.21,-27.09,70.13,7206,2068795,1,1
5.18,-26.03,71.58,7243,2068832,1,1
3.86,-24.73,72.73,7280,2068869,1,1
3.03,-22.96,73.05,7319,2068908,1,1
3.55,-21.98,72.78,7356,2068944,1,1
4.39,-20.21,73.00,7393,2068981,0,1
5.16,-19.54,73.95,7432,2069018,0,1
5.79,-17.72,75.85,7469,2069057,0,1
3.87,-13.97,78.93,7505,2069094,0,1
0.86,-10.93,81.20,7542,2069131,0,1
-2.11,-9.40,82.42,7581,2069168,0,1
-4.72,-6.26,82.21,7618,2069207,0,1
-6.89,-1.75,81.77,7655,2069243,0,1
-9.68,-0.20,80.43,7694,2069280,0,1
-9.50,2.85,78.35,7731,2069319,0,1
-8.98,0.71,76.48,7768,2069356,0,1
-7.64,-0.31,75.08,7802,2069395,0,1
-6.17,-0.57,73.14,7841,2069432,0,1
-3.86,-0.13,70.31,7878,2069469,0,1
-1.85,-0.13,67.30,7915,2069506,1,1
0.62,2.02,65.15,7952,2069542,1,1
2.68,3.64,63.70,7989,2069579,1,1
4.39,5.74,64.01,8024,2069618,1,1
5.77,8.23,65.77,8058,2069655,1,1
6.62,9.43,69.31,8095,2069692,1,1
5.10,10.91,71.32,8130,2069729,1,1
2.47,11.13,72.30,8167,2069764,1,1
1.49,9.19,71.97,8202,2069800,1,1
3.96,7.55,71.56,8239,2069835,1,1
5.85,4.96,71.60,8273,2069872,1,1
5.61,4.07,71.39,8308,2069907,1,1
3.97,4.92,71.63,8343,2069944,1,1
1.59,4.14,72.09,8380,2069979,1,1
-0.51,4.16,71.79,8415,2070013,0,1
-2.64,4.31,70.65,8452,2070048,0,1
-4.52,6.39,69.08,8488,2070085,0,0
-4.74,7.95,67.42,8523,2070120,0,0
-4.79,8.19,65.60,8560,2070157,0,0
-4.40,10.39,64.85,8597,2070192,0,0
-2.23,9.00,66.59,8634,2070228,0,0
-1.06,11.29,67.12,8671,2070265,0,0
-3.66,9.47,66.77,8708,2070302,0,0
-5.60,8.28,66.04,8744,2070337,0,0
-5.37,5.51,65.09,8781,2070376,0,0
-2.58,5.35,64.59,8816,2070413,0,0
0.86,4.74,64.61,8853,2070450,0,0
3.17,6.12,64.89,8890,2070487,0,0
4.12,8.52,65.87,8925,2070523,1,0
4.29,10.16,67.47,8960,2070558,1,0
3.52,11.82,69.66,8996,2070595,1,0
2.03,14.22,70.82,9033,2070630,1,0
0.12,16.53,69.63,9068,2070667,1,0
-1.85,19.53,67.43,9105,2070702,1,0
-2.79,16.18,67.58,9142,2070738,1,0
0.80,14.31,66.27,9181,2070775,1,0
2.21,11.69,65.54,9216,2070812,1,0
2.33,9.58,63.79,9252,2070849,1,0
0.69,8.46,60.26,9289,2070886,1,0
-2.37,7.72,56.22,9324,2070923,1,0
-4.48,8.08,52.12,9361,2070960,1,0
-6.11,8.18,46.82,9396,2070996,1,0
-6.22,9.56,41.37,9433,2071031,0,0
-4.66,10.59,36.11,9469,2071066,0,0
-3.55,11.68,31.91,9506,2071103,0,0
-5.01,11.02,28.57,9543,2071140,0,0
-6.41,10.04,22.09,9582,2071177,0,0
-7.63,5.96,16.44,9619,2071212,0,0
-8.35,7.63,9.72,9656,2071250,0,0
-8.27,6.66,4.66,9691,2071287,0,0
-7.27,6.65,-0.63,9725,2071328,0,0
-7.53,5.99,-6.00,9762,2071363,0,0
-7.13,4.69,-11.82,9799,2071404,0,0
-6.80,4.95,-16.19,9836,2071435,0,0
-6.60,4.73,-19.81,9873,2071470,0,0
-7.55,4.89,-22.78,9912,2071506,0,0
-8.66,6.18,-25.32,9949,2071543,1,0
-9.88,8.55,-28.27,9986,2071580,1,0
-10.73,10.91,-30.83,10024,2071619,1,0
-11.27,7.85,-35.20,10063,2071656,1,0
-11.94,6.64,-38.32,10104,2071693,1,0
-13.17,4.37,-42.17,10143,2071732,1,0
-14.07,3.98,-47.03,10182,2071769,1,0
-15.18,3.82,-50.90,10223,2071810,1,0
-15.34,3.53,-53.26,10262,2071851,1,0
-17.34,2.84,-54.62,10301,2071889,1,0
-19.75,3.89,-55.58,10340,2071928,1,0
-20.56,4.29,-55.43,10381,2071967,1,0
-21.48,6.36,-54.93,10420,2072008,1,0
-21.09,8.74,-55.72,10459,2072047,0,0
-19.66,9.03,-54.84,10500,2072086,0,0
-19.80,9.54,-53.70,10539,2072125,0,0
-21.58,8.97,-55.08,10577,2072166,0,0
-21.43,6.04,-56.58,10618,2072248,0,0
-21.36,5.78,-56.95,10657,2072264,0,0
-21.24,5.38,-57.44,10696,2072285,0,0
-20.31,5.04,-59.22,10735,2072326,0,0
-19.07,4.96,-60.40,10776,2072363,0,0
-17.88,5.35,-60.17,10815,2072403,0,0
-17.43,6.99,-57.12,10854,2072442,0,0
-17.80,9.85,-53.18,10895,2072483,0,0
-18.38,12.35,-50.07,10934,2072522,0,0
-19.36,14.32,-48.21,10975,2072561,1,0
-19.39,13.23,-48.15,11014,2072602,1,0
-17.83,10.86,-46.57,11055,2072641,1,0
-16.60,9.69,-45.67,11096,2072682,1,0
-16.90,10.41,-44.65,11134,2072723,1,0
-17.87,9.95,-42.00,11175,2072762,1,0
-19.81,10.40,-39.60,11214,2072803,1,0
-21.64,10.28,-37.91,11255,2072844,1,0
-24.04,10.49,-37.48,11296,2072885,1,0
-25.52,10.84,-38.51,11337,2072924,1,0
-25.75,10.19,-39.84,11378,2072963,1,0
-25.02,11.07,-39.92,11419,2073004,1,0
-23.82,13.18,-37.43,11458,2073044,1,0
-25.04,15.04,-36.00,11499,2073085,0,0
-27.43,14.19,-35.25,11540,2073126,0,1
-28.04,11.45,-32.65,11581,2073167,0,1
-29.52,10.05,-31.90,11622,2073210,0,1
-28.50,8.61,-31.91,11661,2073247,0,1
-27.21,7.44,-32.29,11702,2073288,0,1
-25.50,7.62,-31.99,11741,2073329,0,1
-23.77,10.12,-30.46,11780,2073370,0,1
-22.57,13.06,-28.02,11821,2073411,0,1
-22.77,15.89,-24.96,11862,2073450,0,1
-25.56,18.77,-22.82,11902,2073491,0,1
-27.07,15.68,-21.30,11941,2073530,0,1
-24.51,11.52,-22.01,11982,2073571,0,1
-22.56,7.17,-21.18,12023,2073612,1,1
-22.50,3.28,-22.50,12062,2073651,1,1
-24.21,1.42,-26.16,12103,2073692,1,1
-25.33,-0.77,-30.91,12142,2073735,1,1
-26.11,-3.20,-36.90,12183,2073774,1,1
-26.78,-5.98,-43.28,12224,2073812,1,1
-28.49,-9.06,-50.71,12263,2073853,1,1
-28.78,-13.20,-58.83,12304,2073892,1,1
-27.10,-18.31,-69.47,12345,2073933,1,1
-24.47,-22.12,-79.88,12388,2073974,1,1
-21.45,-26.75,-89.51,12429,2074013,1,1
-16.83,-32.18,-99.36,12470,2074054,1,1
-12.63,-35.68,-107.20,12513,2074097,1,1
-8.14,-39.90,-114.07,12556,2074140,0,1
-7.06,-43.45,-119.20,12597,2074181,0,1
-8.12,-46.79,-123.44,12638,2074222,0,1
-5.48,-50.25,-129.51,12679,2074263,0,1
-3.58,-54.10,-134.95,12722,2074306,0,1
-2.66,-55.02,-140.40,12763,2074349,0,1
-0.65,-54.25,-152.88,12804,2074433,0,1
-0.13,-53.97,-155.58,12847,2074451,0,1
0.51,-53.32,-158.70,12888,2074472,0,1
1.08,-51.39,-163.01,12929,2074515,0,1
0.61,-47.46,-165.64,12969,2074558,0,1
-1.55,-34.37,-169.49,13008,2074642,1,1
-1.99,-31.68,-170.01,13051,2074658,1,1
-2.46,-28.73,-170.72,13092,2074681,1,1
-3.68,-22.70,-172.35,13133,2074722,1,1
-4.66,-16.80,-173.89,13176,2074763,1,1
-5.71,-11.25,-175.34,13217,2074804,1,1
-5.56,-6.24,-177.29,13258,2074847,1,1
-6.09,-3.65,179.92,13299,2074888,1,1
-6.52,-2.76,177.61,13338,2074929,1,1
-6.90,-2.83,175.25,13379,2074972,1,1
-7.07,-3.78,173.18,13418,2075013,1,1
-7.15,-4.99,171.42,13457,2075054,1,1
-7.40,-5.31,169.85,13498,2075092,1,1
-7.58,-5.43,168.32,13537,2075133,1,1
-7.73,-5.46,166.96,13576,2075172,0,1
-7.81,-5.75,165.70,13617,2075213,0,1
-7.72,-6.29,164.64,13656,2075250,0,1
-7.58,-7.29,163.51,13694,2075291,0,1
-7.60,-8.15,162.14,13733,2075330,0,1
-7.61,-8.36,160.48,13774,2075371,0,1
-7.62,-8.32,158.79,13813,2075410,0,1
-7.62,-8.23,157.04,13852,2075451,0,1
-7.56,-8.21,155.37,13893,2075490,0,1
-7.43,-8.32,153.62,13932,2075529,0,1
-7.30,-8.61,151.89,13971,2075568,0,1
-7.17,-8.87,149.95,14010,2075609,0,1
-7.05,-8.98,147.96,14051,2075648,0,1
-6.91,-9.08,145.82,14090,2075688,1,1
-6.75,-9.21,143.71,14129,2075727,1,1
-6.58,-9.33,141.47,14170,2075766,1,1
-6.46,-9.38,139.35,14209,2075805,1,1
-6.27,-9.42,137.19,14247,2075844,1,1
-6.01,-9.42,134.92,14288,2075885,1,1
-5.78,-9.41,132.57,14327,2075926,1,1
-5.54,-9.36,130.30,14366,2075965,1,1
-5.26,-9.35,127.86,14405,2076004,1,1
-4.98,-9.20,125.44,14446,2076043,1,1
-4.69,-8.98,122.86,14485,2076084,1,1
-4.43,-8.63,120.34,14524,2076123,1,1
-4.13,-8.20,117.75,14565,2076164,1,0
-3.82,-7.86,115.25,14604,2076203,0,0
-3.51,-7.57,112.59,14643,2076241,0,0
-3.21,-7.33,109.99,14684,2076280,0,0
-2.85,-7.03,107.28,14723,2076321,0,0
-2.52,-6.65,104.68,14761,2076360,0,0
-2.20,-6.22,101.93,14800,2076401,0,0
-1.92,-5.74,99.31,14841,2076440,0,0
-1.60,-5.23,96.61,14880,2076479,0,0
-1.31,-4.74,93.99,14917,2076520,0,0
-1.06,-4.30,91.52,14956,2076559,0,0
-0.85,-3.75,89.03,14995,2076600,0,0
-0.71,-3.27,86.80,15034,2076637,0,0
-0.62,-2.82,84.76,15071,2076676,0,0
-0.53,-2.51,82.94,15110,2076715,1,0
-0.44,-2.22,81.35,15149,2076753,1,0
-0.41,-1.93,79.92,15187,2076792,1,0
-0.38,-1.69,78.74,15226,2076829,1,0
-0.34,-1.56,77.68,15263,2076868,1,0
-0.32,-1.46,76.78,15302,2076907,1,0
-0.28,-1.38,76.00,15341,2076946,1,0
-0.31,-1.29,75.33,15380,2076983,1,0
-0.28,-1.23,74.76,15419,2077022,1,0
-0.25,-1.10,74.26,15456,2077061,1,0
-0.29,-0.93,73.77,15495,2077100,1,0
-0.30,-0.85,73.38,15534,2077138,1,0
-0.32,-0.80,73.07,15572,2077177,1,0
-0.31,-0.83,72.76,15611,2077216,0,0
-0.31,-0.78,72.52,15648,2077255,0,0
-0.31,-0.77,72.31,15687,2077292,0,0
-0.28,-0.69,72.13,15726,2077331,0,0
-0.29,-0.62,71.96,15765,2077370,0,0
-0.30,-0.60,71.84,15802,2077409,0,0
-0.28,-0.58,71.67,15841,2077448,0,0
-0.28,-0.56,71.57,15880,2077487,0,0
-0.27,-0.60,71.48,15919,2077526,0,0
-0.30,-0.61,71.37,15958,2077562,0,0
-0.30,-0.62,71.30,15994,2077601,0,0
-0.32,-0.57,71.24,16033,2077640,0,0
-0.31,-0.60,71.18,16072,2077677,0,0
-0.32,-0.61,71.15,16111,2077716,1,0
-0.29,-0.57,71.11,16150,2077755,1,0
-0.30,-0.56,71.08,16187,2077794,1,0
-0.31,-0.60,71.06,16226,2077833,1,0
-0.26,-0.58,71.01,16265,2077872,1,0
-0.26,-0.59,70.98,16304,2077915,1,0
-0.29,-0.62,70.96,16343,2077949,1,0
-0.28,-0.68,70.94,16379,2077988,1,0
-0.28,-0.69,70.94,16418,2078027,1,0
-0.28,-0.69,70.96,16457,2078064,1,0
-0.25,-0.74,70.95,16496,2078103,1,0
-0.24,-0.74,70.91,16533,2078142,1,0
-0.28,-0.72,70.92,16572,2078181,1,0
-0.27,-0.70,70.88,16611,2078224,0,0
-0.27,-0.72,70.88,16650,2078257,0,0
-0.23,-0.77,70.87,16689,2078296,0,0
-0.22,-0.77,70.88,16726,2078334,0,0
-0.21,-0.75,70.88,16764,2078373,0,0
-0.21,-0.74,70.86,16803,2078410,0,0
-0.24,-0.78,70.85,16842,2078449,0,0
-0.23,-0.77,70.85,16881,2078488,0,0
-0.25,-0.80,70.87,16918,2078527,0,0
-0.22,-0.80,70.88,16957,2078566,0,0
-0.23,-0.82,70.86,16996,2078605,0,0
-0.21,-0.82,70.86,17035,2078644,0,0
-0.19,-0.80,70.88,17072,2078683,0,0
-0.19,-0.80,70.87,17111,2078720,1,0
-0.18,-0.79,70.87,17149,2078758,1,0
-0.17,-0.77,70.86,17188,2078797,1,0
-0.16,-0.79,70.88,17227,2078836,1,0
-0.15,-0.78,70.89,17264,2078875,1,0
-0.14,-0.81,70.87,17303,2078914,1,0
-0.13,-0.80,70.86,17342,2078953,1,0
-0.15,-0.80,70.85,17381,2078992,1,0
-0.13,-0.76,70.82,17420,2079029,1,0
-0.16,-0.75,70.79,17457,2079068,1,0
-0.16,-0.76,70.80,17496,2079105,1,0
-0.14,-0.78,70.82,17534,2079143,1,0
-0.12,-0.82,70.81,17573,2079182,1,1
-0.14,-0.85,70.81,17612,2079221,1,1
-0.15,-0.88,70.83,17649,2079260,0,1
-0.14,-0.90,70.82,17688,2079299,0,1
-0.13,-0.89,70.80,17727,2079338,0,1
-0.12,-0.88,70.81,17766,2079377,0,1
-0.11,-0.89,70.81,17803,2079416,0,1
-0.11,-0.89,70.81,17842,2079453,0,1
-0.10,-0.87,70.80,17881,2079492,0,1
-0.08,-0.86,70.79,17920,2079531,0,1
-0.10,-0.84,70.80,17958,2079569,0,1
-0.14,-0.85,70.77,17995,2079608,0,1
-0.13,-0.84,70.79,18034,2079645,0,1
-0.12,-0.89,70.78,18073,2079684,0,1
-0.16,-0.86,70.81,18112,2079723,0,1
-0.13,-0.89,70.84,18151,2079762,1,1
-0.10,-0.91,70.80,18188,2079801,1,1
-0.07,-0.89,70.80,18227,2079840,1,1
-0.09,-0.90,70.77,18266,2079877,1,1
-0.13,-0.82,70.76,18305,2079916,1,1
-0.12,-1.39,70.74,18343,2079954,1,1
-0.25,-1.76,70.76,18380,2079993,1,1
-0.49,-1.38,70.63,18419,2080032,1,1
-0.49,1.00,70.58,18458,2080071,1,1
-0.48,2.62,70.52,18495,2080110,1,1
-0.20,2.89,70.73,18532,2080149,1,1
2.26,-1.47,71.79,18571,2080186,1,1
-3.64,6.44,72.53,18608,2080225,1,1
-1.49,-5.89,73.61,18644,2080262,0,1
-1.30,-9.74,73.99,18683,2080299,0,1
-2.19,-13.80,74.47,18722,2080337,0,1
-3.10,-19.02,74.51,18761,2080374,0,1
-3.48,-23.83,74.46,18800,2080413,0,1
-3.19,-28.30,74.00,18841,2080450,0,1
-2.96,-31.02,74.00,18880,2080489,0,1
-1.83,-33.41,73.29,18919,2080528,0,1
-0.19,-32.95,72.63,18960,2080569,0,1
1.09,-31.31,71.90,18999,2080608,0,1
0.85,-29.50,71.68,19038,2080649,0,1
-0.14,-27.30,71.30,19077,2080688,0,1
-1.52,-26.32,70.65,19116,2080729,0,1
-1.52,-25.19,69.91,19154,2080768,1,1
0.55,-23.91,68.62,19193,2080806,1,1
2.81,-22.73,68.31,19232,2080845,1,1
4.49,-21.42,69.66,19271,2080884,1,1
4.50,-18.32,72.63,19310,2080925,1,1
2.26,-15.05,76.21,19349,2080962,1,1
-0.37,-12.62,79.13,19386,2081001,1,1
-2.49,-10.81,80.47,19427,2081040,1,1
-3.55,-6.77,80.55,19466,2081079,1,1
-5.20,-3.74,79.46,19505,2081118,1,1
-4.78,-2.30,77.76,19544,2081157,1,1
-2.33,-4.05,76.43,19580,2081196,1,1
-1.45,-3.98,76.69,19619,2081234,1,1
-3.75,-3.66,77.06,19658,2081273,0,1
-3.20,-4.08,75.57,19697,2081312,0,1
0.04,-3.11,73.82,19734,2081351,0,1
2.48,-2.21,73.04,19773,2081390,0,1
4.02,-0.33,72.98,19810,2081429,0,1
3.44,2.14,73.82,19847,2081468,0,1
3.30,5.93,75.89,19884,2081505,0,1
2.38,9.65,77.47,19920,2081542,0,1
0.19,12.12,77.56,19957,2081581,0,1
-1.59,9.32,78.08,19994,2081617,0,1
1.47,7.73,76.83,20031,2081656,0,1
2.60,7.71,75.65,20068,2081691,0,1
3.12,5.93,75.35,20105,2081728,0,1
2.31,7.28,75.84,20142,2081765,0,1
0.04,4.83,77.35,20176,2081802,1,1
-1.86,4.00,77.62,20213,2081839,1,1
-4.23,5.12,77.69,20250,2081875,1,1
-6.40,5.17,76.61,20289,2081910,1,1
-7.60,6.83,74.26,20326,2081949,1,1
-8.08,8.21,71.00,20363,2081986,1,1
-7.45,8.02,67.33,20400,2082023,1,1
-7.56,12.22,66.56,20439,2082060,1,1
-6.76,11.34,67.45,20477,2082097,1,1
-5.55,11.91,68.28,20514,2082136,1,1
-8.29,11.57,66.73,20553,2082174,1,1
-8.16,7.45,65.76,20592,2082211,1,0
-6.63,7.57,63.65,20629,2082248,1,0
-3.29,7.54,61.69,20666,2082287,1,0
-0.78,7.70,60.12,20705,2082326,0,0
0.99,8.26,59.69,20742,2082365,0,0
2.13,8.96,60.50,20779,2082402,0,0
1.95,10.72,62.25,20815,2082441,0,0
0.30,13.76,63.69,20852,2082482,0,0
-1.74,16.00,63.66,20889,2082514,0,0
-3.99,15.84,62.83,20928,2082551,0,0
-6.25,13.16,62.07,20967,2082586,0,0
-2.77,12.30,60.05,21006,2082625,0,0
-0.00,9.56,58.98,21043,2082662,0,0
-0.21,7.07,55.23,21082,2082701,0,0
-1.25,8.97,49.98,21118,2082740,0,0
-4.01,8.27,43.71,21155,2082779,0,0
-6.50,8.47,37.43,21192,2082818,0,0
-7.62,8.76,30.78,21231,2082854,1,0
-7.79,11.27,23.19,21268,2082893,1,0
-6.48,13.65,17.13,21307,2082930,1,0
-4.76,14.40,12.37,21346,2082967,1,0
-4.05,14.32,8.66,21383,2083006,1,0
-4.45,9.83,2.08,21422,2083043,1,0
-7.63,9.06,-5.82,21456,2083080,1,0
-9.44,9.28,-13.47,21495,2083119,1,0
-9.33,8.94,-21.50,21534,2083158,1,0
-8.98,7.52,-28.68,21571,2083196,1,0
-8.76,6.15,-34.99,21610,2083231,1,0
-8.79,4.60,-40.67,21649,2083270,1,0
-9.19,4.64,-45.26,21688,2083309,1,0
-9.29,4.96,-49.24,21725,2083348,1,0
-9.73,5.23,-51.71,21764,2083385,0,0
-10.57,5.86,-53.06,21803,2083424,0,0
-11.13,6.21,-54.06,21841,2083463,0,0
-10.19,4.90,-57.40,21882,2083502,0,0
-10.58,2.95,-59.02,21921,2083540,0,0
-10.69,1.00,-61.06,21960,2083579,0,0
-11.01,-0.04,-62.14,22001,2083618,0,0
-12.43,-0.87,-62.39,22040,2083657,0,0
-13.80,-0.84,-62.40,22081,2083696,0,0
-16.02,-0.25,-62.96,22122,2083737,0,0
-19.23,0.50,-63.48,22163,2083778,0,0
-20.54,1.76,-63.89,22202,2083817,0,0
-20.83,2.91,-64.09,22241,2083858,0,0
-21.98,5.37,-64.25,22282,2083899,1,0
-21.89,7.97,-65.27,22321,2083940,1,0
-21.57,8.25,-68.56,22360,2083979,1,0
-22.55,7.19,-70.24,22401,2084018,1,0
-22.96,7.16,-71.65,22439,2084059,1,0
-23.88,5.52,-71.20,22478,2084098,1,0
-22.81,5.36,-71.31,22517,2084136,1,0
-20.94,5.13,-71.39,22558,2084175,1,0
-20.46,5.48,-70.80,22597,2084216,1,0
-19.83,4.87,-69.85,22636,2084257,1,0
-19.73,6.80,-67.72,22677,2084296,1,0
-20.46,9.09,-64.45,22716,2084335,1,0
-21.02,10.98,-62.50,22755,2084374,1,0
-21.09,12.69,-61.35,22796,2084415,0,0
-21.48,12.83,-58.01,22837,2084454,0,0
-19.24,12.09,-59.08,22878,2084495,0,0
-18.61,8.83,-58.65,22917,2084534,0,0
-19.97,7.56,-56.79,22958,2084616,0,0
-20.42,7.04,-56.06,22996,2084632,0,0
-21.15,6.47,-55.49,23035,2084655,0,0
-22.72,5.77,-55.45,23076,2084698,0,0
-25.22,6.37,-56.12,23115,2084734,0,0
-27.01,6.64,-57.33,23154,2084775,0,0
-27.28,8.51,-59.34,23193,2084814,0,0
-27.45,9.05,-61.51,23234,2084855,0,0
-27.64,9.21,-62.44,23273,2084894,0,0
-27.00,8.86,-60.78,23312,2084933,1,0
-27.83,10.75,-61.21,23353,2084974,1,0
-29.28,8.92,-61.27,23392,2085013,1,0
-30.74,5.56,-61.45,23433,2085054,1,0
-30.90,2.52,-63.83,23472,2085091,1,0
-29.45,-0.02,-68.01,23511,2085132,1,0
-28.52,-1.86,-71.68,23552,2085173,1,0
-27.86,-3.02,-75.05,23592,2085214,1,0
-27.54,-3.00,-77.04,23633,2085251,1,1
-28.51,-0.91,-78.47,23674,2085292,1,1
-30.94,0.10,-79.86,23713,2085332,1,1
-33.51,0.46,-81.44,23754,2085373,1,1
-33.79,-3.10,-82.95,23793,2085412,1,1
-31.81,-8.10,-85.50,23834,2085453,0,1
-33.01,-10.67,-89.34,23875,2085496,0,1
-33.74,-14.00,-93.12,23916,2085533,0,1
-34.89,-17.61,-99.00,23957,2085574,0,1
-35.70,-22.50,-107.08,24000,2085615,0,1
-32.33,-26.79,-117.29,24041,2085654,0,1
-18.72,-38.19,-144.21,24084,2085740,0,1
-15.68,-39.96,-150.06,24127,2085758,0,1
-12.31,-42.11,-157.21,24170,2085781,0,1
-6.22,-46.18,-165.54,24213,2085824,0,1
-1.62,-47.58,-172.21,24254,2085867,0,1
-0.59,-49.98,-176.42,24295,2085908,0,1
1.69,-50.80,177.77,24338,2085951,0,1
4.31,-52.00,171.78,24377,2085994,1,1
6.61,-52.05,165.43,24416,2086035,1,1
8.87,-52.15,159.91,24455,2086078,1,1
10.10,-52.11,155.05,24496,2086119,1,1
9.73,-50.91,152.19,24537,2086160,1,1
9.18,-48.74,149.54,24576,2086199,1,1
7.72,-44.97,147.24,24614,2086238,1,1
5.81,-38.49,146.05,24653,2086279,1,1
5.37,-32.35,144.76,24694,2086320,1,1
5.21,-26.84,143.45,24733,2086359,1,1
4.00,-20.82,142.52,24772,2086397,1,1
2.99,-13.56,141.98,24813,2086438,1,1
2.45,-9.77,140.04,24852,2086477,1,1
2.20,-9.32,134.06,24891,2086559,0,1
2.07,-9.04,132.80,24930,2086576,0,1
1.87,-8.51,131.30,24967,2086596,0,1
1.31,-6.84,128.52,25006,2086635,0,1
0.84,-6.07,125.73,25044,2086674,0,1
0.59,-6.36,123.00,25083,2086713,0,1
0.50,-6.88,120.37,25120,2086752,0,1
0.42,-7.19,117.77,25159,2086791,0,1
0.51,-7.83,115.14,25198,2086828,0,1
0.48,-7.96,112.43,25237,2086866,0,1
0.44,-7.81,109.68,25276,2086905,0,1
0.36,-7.65,106.88,25313,2086944,0,1
0.36,-7.52,104.11,25352,2086983,0,1
0.43,-7.25,101.42,25391,2087022,1,1
0.50,-6.98,98.98,25430,2087059,1,1
0.62,-6.55,96.42,25466,2087100,1,1
0.85,-6.32,94.11,25503,2087137,1,1
1.06,-6.09,91.61,25542,2087176,1,1
0.98,-5.86,89.40,25579,2087213,1,1
1.24,-5.92,87.19,25616,2087251,1,1
1.17,-6.12,85.31,25653,2087288,1,1
1.23,-5.89,82.33,25692,2087370,1,1
1.26,-5.79,81.89,25729,2087387,1,1
1.28,-5.65,81.46,25765,2087405,1,1
1.42,-5.53,80.70,25804,2087440,1,1
1.57,-5.41,80.01,25841,2087477,1,1
1.74,-5.21,79.41,25878,2087514,1,1
1.86,-5.20,78.75,25915,2087553,0,1
1.94,-5.26,78.18,25954,2087589,0,1
1.98,-5.31,77.63,25991,2087628,0,1
2.00,-5.48,77.18,26028,2087665,0,1
1.95,-5.61,76.82,26066,2087704,0,1
1.96,-5.61,76.53,26103,2087741,0,1
2.03,-5.53,76.26,26140,2087778,0,1
2.10,-5.42,75.97,26177,2087815,0,1
2.13,-5.28,75.60,26216,2087852,0,1
2.08,-5.23,75.31,26253,2087888,0,1
2.08,-5.27,75.03,26290,2087927,0,1
2.07,-5.31,74.78,26329,2087966,0,1
2.01,-5.28,74.56,26365,2088001,0,1
2.00,-5.22,74.40,26402,2088040,0,1
1.97,-5.15,74.26,26439,2088077,1,1
1.94,-5.04,74.13,26478,2088114,1,1
1.94,-4.99,74.02,26515,2088153,1,1
1.96,-4.98,73.92,26552,2088192,1,1
1.95,-4.94,73.86,27097,2088228,1,1
1.96,-4.97,73.77,27140,2088265,1,0
2.01,-5.04,73.21,27183,2088867,0,0
2.00,-5.04,73.20,27201,2088910,0,0
2.01,-5.04,73.20,27244,2088953,0,0
2.02,-5.08,73.21,27262,2088972,0,0
2.00,-5.09,73.21,27279,2089015,0,0
2.01,-5.13,73.21,27303,2089033,0,0
2.00,-5.15,73.23,27340,2089052,0,0
1.99,-5.17,73.24,27377,2089070,0,0
2.01,-5.24,73.26,27447,2089093,1,0
2.02,-5.26,73.25,27490,2089109,1,0
2.04,-5.24,73.27,27510,2089218,1,0
2.06,-5.22,73.27,27529,2089261,1,0
2.05,-5.23,73.27,27566,2089279,1,0
2.06,-5.25,73.27,27602,2089302,1,0
2.04,-5.24,73.27,27639,2089320,1,0
2.03,-5.21,73.26,27676,2089336,1,0
2.02,-5.19,73.26,27715,2089355,1,0
2.03,-5.23,73.23,27752,2089392,1,0
2.07,-5.22,73.19,27789,2089474,1,0
2.07,-5.23,73.18,27828,2089490,1,0
2.06,-5.24,73.18,27865,2089506,1,0
2.07,-5.25,73.19,27924,2089592,1,0
2.07,-5.25,73.18,27967,2089609,0,0
2.06,-5.25,73.12,27987,2089695,0,0
2.07,-5.31,73.11,28028,2089738,0,0
2.04,-5.32,73.11,28155,2089758,0,0
2.05,-5.34,73.09,28198,2089801,0,0
2.07,-5.32,73.13,28260,2089930,0,0
2.06,-5.32,73.14,28321,2089949,0,0
2.07,-5.29,73.14,28344,2090035,0,0
2.08,-5.31,73.12,28377,2090096,0,0
2.09,-5.30,73.12,28395,2090117,1,0
2.09,-5.29,73.12,28444,2090139,1,0
2.10,-5.29,73.13,28463,2090170,1,0
2.08,-5.29,73.15,28479,2090213,1,0
2.06,-5.30,73.15,28571,2090237,1,0
2.05,-5.31,73.14,28590,2090256,1,0
2.04,-5.35,73.15,28635,2090342,1,0
2.05,-5.34,73.13,28676,2090366,1,0
2.04,-5.33,73.15,28702,2090409,1,0
2.07,-5.35,73.11,28737,2090452,1,0
2.07,-5.36,73.11,28755,2090471,1,0
2.07,-5.36,73.11,28827,2090514,1,0
2.07,-5.36,73.12,28848,2090530,1,0
2.08,-5.36,73.12,28997,2090604,1,0
2.08,-5.37,73.11,29040,2090622,0,0
2.08,-5.30,73.13,29257,2090770,0,0
2.07,-5.29,73.15,29339,2090813,0,0
2.09,-5.30,73.08,29384,2091028,0,0
2.06,-5.27,73.04,29546,2091116,0,0
2.05,-5.25,73.05,29822,2091159,1,0
2.06,-5.34,73.11,30130,2091325,1,1
2.09,-5.31,73.17,30164,2091599,1,1
2.04,-6.14,72.97,30183,2091902,0,1
1.74,-4.09,72.69,30201,2091945,0,1
1.70,-2.38,72.56,30220,2091962,0,1
1.69,-0.72,72.42,30251,2091980,0,1
1.69,0.60,72.35,30289,2091999,0,1
1.65,1.61,72.29,30324,2092017,0,1
1.55,2.19,72.25,30361,2092034,0,1
1.59,2.01,72.24,30398,2092054,0,1
2.01,-1.86,72.38,30435,2092087,0,1
3.15,-1.65,74.96,30472,2092122,0,1
0.61,3.24,76.44,30509,2092161,0,1
2.84,-6.61,76.05,30545,2092195,1,1
1.81,-8.23,76.01,30582,2092232,1,1
2.40,-14.20,76.14,30621,2092269,1,1
0.54,-20.22,77.71,30658,2092306,1,1
-0.70,-25.90,78.55,30697,2092343,1,1
-2.03,-31.96,79.04,30736,2092382,1,1
-2.37,-36.52,78.51,30777,2092419,1,1
-1.81,-40.32,78.05,30816,2092457,1,1
-2.52,-42.17,79.06,30855,2092496,1,1
-2.54,-42.38,79.30,30896,2092535,1,1
-1.79,-41.06,78.94,30935,2092574,1,1
-1.55,-38.38,78.71,30973,2092615,1,1
-0.60,-33.76,77.51,31012,2092654,1,1
0.96,-30.92,76.30,31053,2092693,1,1
2.07,-27.83,75.76,31092,2092734,0,1
3.18,-26.68,75.85,31129,2092773,0,1
3.97,-24.16,77.68,31168,2092814,0,1
4.37,-20.85,80.05,31207,2092853,0,1
1.58,-17.45,83.93,31246,2092892,0,1
-0.82,-13.57,86.84,31285,2092931,0,1
-3.26,-10.93,87.84,31324,2092969,0,1
-4.38,-6.24,86.30,31363,2093006,0,1
-5.46,-1.77,86.07,31401,2093045,0,1
-5.83,1.74,82.74,31440,2093084,0,1
-7.65,4.10,80.53,31477,2093123,0,1
-7.34,0.60,79.94,31514,2093164,0,1
-7.10,0.54,79.76,31553,2093203,0,1
-9.46,0.56,78.11,31590,2093240,1,1
-8.04,0.27,74.26,31627,2093277,1,1
-4.70,1.18,70.84,31664,2093316,1,1
-2.23,3.61,68.55,31703,2093352,1,1
-0.28,5.97,66.88,31739,2093389,1,1
0.96,6.99,66.12,31776,2093428,1,1
1.54,9.14,68.01,31813,2093465,1,1
1.65,11.30,71.13,31850,2093504,1,1
0.07,14.28,72.31,31887,2093541,1,1
-2.54,11.92,71.87,31924,2093578,1,1
0.04,8.98,71.29,31963,2093615,1,1
2.53,9.65,70.37,32000,2093651,1,1
2.83,7.42,70.82,32036,2093692,1,1
2.29,7.93,70.89,32071,2093725,1,1
-0.22,5.91,71.43,32108,2093764,0,1
-2.55,4.87,70.93,32145,2093801,0,1
-4.49,5.20,70.03,32184,2093838,0,1
-5.88,5.52,69.33,32221,2093875,0,1
-7.32,4.08,68.23,32258,2093910,0,1
-6.79,6.37,66.41,32296,2093948,0,1
-7.33,6.02,64.59,32333,2093985,0,1
-7.50,8.72,63.87,32370,2094022,0,1
-5.51,7.96,64.40,32407,2094061,0,1
-5.20,9.58,63.58,32446,2094098,0,1
-6.85,7.09,63.39,32483,2094137,0,1
-7.71,3.48,63.45,32520,2094174,0,1
-6.92,4.16,62.93,32559,2094211,0,1
-4.27,4.19,61.22,32595,2094249,0,1
-2.19,3.77,60.00,32632,2094286,1,0
-1.18,5.82,59.11,32669,2094323,1,0
0.18,6.33,58.99,32708,2094362,1,0
0.80,8.55,60.32,32743,2094399,1,0
-0.10,11.66,61.76,32780,2094438,1,0
-3.75,15.42,61.80,32819,2094475,1,0
-5.59,16.13,61.09,32858,2094512,1,0
-7.58,11.26,61.92,32897,2094548,1,0
-5.97,10.83,59.87,32933,2094583,1,0
-5.15,9.18,58.35,32972,2094622,1,0
-6.46,7.11,53.81,33009,2094661,1,0
-6.93,7.21,48.13,33048,2094700,1,0
-9.17,6.81,41.13,33085,2094739,1,0
-10.48,7.05,33.63,33122,2094776,1,0
-9.21,7.72,25.79,33161,2094815,0,0
-8.97,9.71,18.81,33198,2094852,0,0
-8.09,12.56,11.88,33236,2094891,0,0
-6.79,14.11,7.03,33273,2094927,0,0
-5.88,13.15,4.25,33312,2094966,0,0
-5.78,11.59,2.05,33349,2095003,0,0
-5.86,8.05,-4.41,33386,2095042,0,0
-10.43,7.74,-10.70,33425,2095081,0,0
-13.72,6.16,-16.37,33464,2095118,0,0
-13.44,5.65,-21.80,33503,2095155,0,0
-12.69,3.92,-27.91,33542,2095194,0,0
-12.47,2.74,-34.65,33583,2095230,0,0
-11.18,0.57,-41.17,33622,2095269,0,0
-10.13,-0.39,-44.98,33660,2095308,0,0
-9.89,-0.51,-46.59,33701,2095349,1,0
-10.26,1.16,-47.37,33740,2095388,1,0
-10.39,3.43,-48.35,33781,2095429,1,0
-10.86,2.37,-48.82,33820,2095468,1,0
-11.10,0.95,-49.88,33859,2095509,1,0
-11.55,-0.12,-51.61,33900,2095548,1,0
-12.24,-0.69,-54.38,33939,2095589,1,0
-13.11,-0.81,-56.36,33980,2095626,1,0
-14.45,-0.81,-57.25,34021,2095667,1,0
-15.32,-0.48,-57.20,34062,2095706,1,0
-17.67,1.72,-57.01,34103,2095749,1,0
-19.80,3.55,-57.59,34142,2095788,1,0
-20.79,6.93,-59.41,34181,2095828,1,0
-22.59,9.02,-61.15,34222,2095869,0,0
-24.00,10.56,-62.86,34260,2095910,0,0
-24.48,12.36,-61.81,34301,2095949,0,0
-24.19,14.15,-61.04,34340,2095988,0,0
-25.16,11.95,-61.31,34381,2096029,0,0
-26.13,9.84,-60.80,34422,2096068,0,0
-26.09,8.01,-60.79,34461,2096109,0,0
-23.63,7.64,-62.22,34502,2096148,0,0
-22.49,7.52,-62.79,34541,2096191,0,0
-21.43,8.01,-62.86,34580,2096232,0,0
-20.37,8.38,-62.26,34621,2096271,0,0
-19.03,10.90,-58.67,34660,2096310,0,0
-18.40,13.06,-53.80,34701,2096349,0,0
-19.39,15.94,-49.45,34740,2096390,1,0
-21.09,17.28,-47.58,34781,2096429,1,0
-22.02,13.18,-47.04,34822,2096470,1,0
-19.83,10.22,-45.98,34863,2096510,1,0
-18.91,8.13,-46.40,34904,2096549,1,0
-18.84,8.15,-48.06,34942,2096590,1,0
-19.76,6.85,-49.87,34981,2096631,1,0
-21.58,6.98,-52.41,35022,2096672,1,0
-23.37,7.63,-55.06,35061,2096713,1,0
-23.97,6.85,-57.74,35100,2096752,1,0
-23.77,7.62,-61.19,35139,2096793,1,0
-23.98,9.02,-64.88,35180,2096830,1,0
-23.43,9.49,-67.50,35219,2096871,1,0
-21.94,9.90,-69.21,35258,2096910,0,0
-22.67,11.34,-69.83,35299,2096951,0,0
-22.98,9.74,-69.29,35338,2096992,0,0
-23.59,11.44,-72.42,35379,2097029,0,0
-27.07,10.08,-76.37,35420,2097070,0,0
-29.82,5.13,-81.04,35459,2097108,0,0
-29.14,-2.78,-87.43,35500,2097149,0,0
-26.93,-9.94,-95.88,35538,2097190,0,0
-24.34,-15.40,-104.59,35579,2097229,0,0
-21.55,-19.57,-113.41,35622,2097270,0,0
-18.94,-24.02,-121.82,35665,2097309,0,1
-16.04,-27.83,-131.29,35708,2097350,0,1
-12.49,-32.13,-140.78,35751,2097391,0,1
-9.01,-36.14,-149.39,35792,2097434,1,1
-4.31,-44.33,-164.56,35835,2097520,1,1
-3.44,-45.85,-167.54,35876,2097537,1,1
-1.31,-47.85,-172.88,35917,2097561,1,1
4.03,-50.69,176.82,35960,2097604,1,1
7.92,-52.84,169.15,35999,2097647,1,1
11.97,-56.73,161.75,36038,2097690,1,1
14.40,-57.86,156.67,36079,2097729,1,1
13.42,-58.70,154.34,36120,2097772,1,1
12.90,-58.12,151.39,36161,2097811,1,1
15.59,-57.73,145.59,36200,2097850,1,1
19.50,-56.78,140.18,36241,2097891,1,1
19.00,-54.31,139.18,36282,2097932,0,1
16.96,-50.66,138.54,36323,2097973,0,1
17.13,-44.35,136.32,36364,2098014,0,1
14.10,-35.15,137.80,36403,2098055,0,1
12.55,-28.58,139.02,36444,2098096,0,1
10.93,-21.66,139.35,36485,2098137,0,1
10.47,-16.02,138.73,36526,2098178,0,1
9.25,-10.31,138.08,36567,2098219,0,1
8.71,-2.85,136.16,36605,2098257,0,1
7.54,1.20,132.47,36644,2098300,0,1
7.24,3.22,129.59,36681,2098339,0,1
6.98,2.29,126.49,36718,2098380,0,1
6.65,0.90,123.41,36757,2098419,0,1
6.25,0.10,120.60,36794,2098458,1,1
5.91,-0.25,118.11,36831,2098495,1,1
5.67,-0.28,115.63,36870,2098532,1,1
5.41,-0.24,113.12,36909,2098571,1,1
5.19,-0.33,110.73,36947,2098608,1,1
5.17,-0.69,108.35,36984,2098647,1,1
5.14,-1.07,105.81,37023,2098683,1,1
5.06,-1.41,103.21,37062,2098722,1,1
5.06,-1.69,100.54,37101,2098761,1,1
4.95,-1.66,97.78,37138,2098800,1,1
4.73,-1.48,95.01,37177,2098839,1,1
4.57,-1.04,92.40,37214,2098878,1,1
4.59,-1.11,89.95,37251,2098917,1,1
4.58,-1.51,87.66,37289,2098954,1,1
4.63,-1.84,85.67,37326,2098991,0,1
4.71,-1.83,83.87,37363,2099030,0,1
4.78,-1.71,82.36,37400,2099066,0,1
4.80,-1.50,81.00,37439,2099103,0,1
4.74,-1.14,79.74,37476,2099142,0,1
4.73,-0.91,78.75,37513,2099179,0,1
4.74,-0.70,77.75,37552,2099218,0,1
4.78,-0.61,76.97,37588,2099255,0,1
4.77,-0.77,76.23,37625,2099292,0,1
4.74,-0.87,75.62,37662,2099331,0,1
4.75,-0.95,75.14,37701,2099369,0,1
4.72,-0.96,74.74,37738,2099406,0,1
4.75,-0.93,74.40,37775,2099443,0,1
4.77,-0.89,74.12,37814,2099480,0,1
4.76,-0.85,73.82,37851,2099519,1,1
4.79,-0.93,73.58,37888,2099556,1,1
4.79,-1.03,73.38,37924,2099593,1,1
4.81,-1.04,73.22,37963,2099630,1,1
4.85,-1.07,73.08,38000,2099666,1,1
4.82,-1.06,72.92,38037,2099705,1,1
4.82,-1.16,72.77,38076,2099742,1,1
4.85,-1.24,72.62,38113,2099779,1,1
4.82,-1.31,72.51,38150,2099818,1,1
4.84,-1.31,72.42,38187,2099855,1,1
4.86,-1.32,72.37,38225,2099892,1,1
4.90,-1.34,72.29,38262,2099931,1,1
4.92,-1.33,72.25,38299,2099970,1,1
4.93,-1.27,72.18,38336,2100006,1,1
4.93,-1.29,72.05,38375,2100088,0,1
4.92,-1.30,72.01,38412,2100107,0,1
4.91,-1.30,71.99,38449,2100123,0,1
4.90,-1.32,71.94,38488,2100156,0,1
4.90,-1.33,71.88,38524,2100193,0,1
4.90,-1.33,71.85,38561,2100232,0,1
4.87,-1.34,71.81,38598,2100269,0,1
4.87,-1.36,71.80,38637,2100305,0,1
4.88,-1.41,71.77,38674,2100348,0,0
4.89,-1.38,71.75,38711,2100381,0,0
4.88,-1.41,71.73,38750,2100418,0,0
4.87,-1.52,71.71,38787,2100455,0,0
4.84,-1.46,71.68,38823,2100496,0,0
4.84,-1.49,71.66,38860,2100531,0,0
4.84,-1.55,71.67,38899,2100568,1,0
4.85,-1.56,71.67,38936,2100606,1,0
4.85,-1.48,71.66,38973,2100649,1,0
4.83,-1.43,71.64,39012,2100686,1,0
4.84,-1.42,71.65,39049,2100719,1,0
4.86,-1.48,71.65,39086,2100756,1,0
4.86,-1.57,71.65,39122,2100793,1,0
4.87,-1.71,71.64,39161,2100830,1,0
4.93,-1.66,71.64,39198,2100869,1,0
4.92,-1.60,71.64,39235,2100905,1,0
4.91,-1.58,71.63,39319,2100944,1,0
4.88,-1.45,71.59,39346,2100981,1,0
4.86,-1.59,71.61,39364,2101106,0,0
4.85,-1.70,71.63,39385,2101149,0,0
4.83,-1.73,71.65,39424,2101168,0,0
4.84,-1.76,71.67,39460,2101186,0,0
4.84,-1.83,71.68,39497,2101202,0,0
4.85,-1.91,71.70,39534,2101219,0,0
4.87,-1.93,71.73,39573,2101243,0,0
4.91,-1.92,71.76,39639,2101282,0,0
4.94,-1.92,71.76,39657,2101319,0,0
4.83,-1.75,71.65,39696,2101444,0,0
4.83,-1.73,71.65,39723,2101460,0,0
4.82,-1.70,71.63,39759,2101479,0,0
4.80,-1.68,71.64,39796,2101518,0,0
4.79,-1.67,71.65,39835,2101534,0,0
4.84,-1.68,71.67,39872,2101594,0,0
4.86,-1.72,71.67,39909,2101618,1,0
4.86,-1.74,71.67,39976,2101635,1,0
4.88,-1.82,71.67,39995,2101657,1,0
4.89,-1.94,71.60,40022,2101782,1,0
4.90,-1.98,71.59,40058,2101800,1,0
4.89,-2.00,71.56,40097,2101817,1,0
4.87,-2.01,71.55,40134,2101833,1,0
4.87,-2.03,71.55,40171,2101850,1,0
4.88,-2.07,71.54,40210,2101884,1,0
4.85,-2.02,71.53,40247,2101921,1,0
4.84,-2.01,71.54,40284,2101958,1,0
4.86,-2.10,71.51,40321,2101995,1,0
4.86,-2.23,71.54,40359,2102032,1,0
4.85,-2.35,71.59,40396,2102069,1,0
4.86,-2.10,71.58,40439,2102108,1,0
4.92,-1.85,71.57,40472,2102145,0,0
4.93,-1.94,71.56,40509,2102228,0,0
4.89,-2.04,71.54,40546,2102272,0,0
4.85,-2.02,71.50,40583,2102306,0,0
4.82,-2.02,71.51,40622,2102323,0,0
4.82,-2.05,71.51,40658,2102339,0,0
4.83,-2.08,71.57,40695,2102370,0,0
4.84,-2.10,71.64,40732,2102407,0,0
4.86,-2.13,71.65,40806,2102446,0,0
4.90,-2.10,71.66,40824,2102482,0,0
4.93,-2.12,71.62,40886,2102607,0,0
4.92,-2.13,71.61,40906,2102632,0,0
4.93,-2.22,71.61,40923,2102693,1,0
4.92,-2.21,71.62,40957,2102712,1,0
4.93,-2.24,71.62,40994,2102730,1,0
4.92,-2.24,71.62,41033,2102749,1,0
4.91,-2.24,71.63,41070,2102769,1,0
4.91,-2.24,71.65,41107,2102788,1,0
4.92,-2.26,71.72,41146,2102820,1,0
4.95,-2.27,71.71,41183,2102859,1,0
4.95,-2.25,71.70,41220,2102896,1,0
4.97,-2.22,71.71,41256,2102933,1,0
4.97,-2.17,71.73,41295,2102972,1,0
4.97,-2.15,71.72,41332,2103009,1,0
5.00,-2.12,71.68,41369,2103048,1,0
4.97,-2.16,71.67,41408,2103085,1,0
4.95,-2.16,71.68,41445,2103121,1,0
4.96,-2.19,71.67,41482,2103158,1,0
4.97,-2.20,71.68,41519,2103195,0,0
4.97,-2.24,71.69,41558,2103232,0,0
4.94,-2.32,71.68,41594,2103271,0,0
4.95,-2.27,71.66,41631,2103308,0,0
4.96,-2.17,71.64,41670,2103347,0,1
4.97,-2.21,71.64,41707,2103384,0,1
4.94,-2.28,71.65,41744,2103420,0,1
4.91,-2.31,71.64,41781,2103459,0,1
4.90,-2.35,71.65,41820,2103496,0,1
4.93,-2.32,71.64,41857,2103533,0,1
4.93,-2.35,71.64,41893,2103572,0,1
4.92,-2.37,71.65,41930,2103609,0,1
4.93,-2.31,71.69,41969,2103648,0,1
4.96,-2.28,71.70,42006,2103685,0,1
4.99,-2.27,71.74,42043,2103721,1,1
4.99,-2.30,71.73,42082,2103760,1,1
5.01,-2.32,71.71,42119,2103797,1,1
4.99,-2.38,71.74,42156,2103834,1,1
4.98,-2.45,71.74,42192,2103871,1,1
4.95,-2.47,71.73,42231,2103908,1,1
4.95,-2.47,71.74,42268,2103947,1,1
4.98,-2.44,71.72,42305,2103984,1,1
4.99,-2.58,71.71,42344,2104023,1,1
4.97,-2.78,71.67,42381,2104059,1,1
4.97,-2.64,71.62,42418,2104096,1,1
5.10,-3.62,71.51,42455,2104135,1,1
4.97,-3.31,71.33,42493,2104172,1,1
4.78,-2.41,71.13,42530,2104209,1,1
4.54,-0.97,71.09,42567,2104248,0,1
4.21,-0.41,71.37,42606,2104285,0,1
5.74,-0.77,73.30,42643,2104324,0,1
1.36,3.29,73.91,42680,2104360,0,1
0.79,-12.67,74.88,42717,2104397,0,1
0.04,-12.12,75.66,42756,2104436,0,1
-0.24,-14.57,76.48,42792,2104473,0,1
-1.78,-19.53,77.41,42833,2104510,0,1
-3.19,-24.39,77.82,42872,2104547,0,1
-4.95,-28.05,78.25,42911,2104586,0,1
-5.02,-29.49,77.51,42952,2104623,0,1
-3.46,-31.87,75.94,42991,2104664,0,1
-0.45,-28.10,73.79,43030,2104745,0,1
-0.43,-26.99,73.55,43071,2104762,1,1
-0.98,-25.43,73.39,43110,2104782,1,1
-1.44,-23.34,72.50,43149,2104821,1,1
-0.82,-19.23,71.11,43188,2104862,1,1
1.06,-18.94,69.65,43229,2104901,1,1
3.06,-18.60,69.11,43268,2104942,1,1
3.51,-17.07,70.15,43304,2104981,1,1
3.75,-15.83,72.07,43343,2105020,1,1
1.89,-12.04,73.49,43382,2105059,1,1
-0.68,-10.50,73.63,43421,2105098,1,1
-2.72,-6.17,73.35,43460,2105137,1,1
-4.66,-1.96,73.83,43499,2105176,1,1
-5.28,-0.17,72.92,43538,2105214,1,1
-4.62,-2.02,73.24,43575,2105253,1,1
-5.37,-0.96,74.53,43614,2105292,0,1
-6.52,-0.32,74.74,43653,2105329,0,1
-5.89,-0.33,73.14,43692,2105368,0,1
-3.97,1.63,71.07,43728,2105407,0,1
-1.94,4.48,69.58,43767,2105446,0,1
-0.21,7.21,68.52,43804,2105485,0,1
1.83,7.66,67.57,43841,2105524,0,1
3.83,7.25,67.49,43878,2105563,0,1
4.95,8.27,69.76,43915,2105600,0,1
3.94,9.99,72.70,43952,2105636,0,1
1.47,14.13,73.87,43986,2105673,0,1
0.68,7.61,73.72,44025,2105712,0,1
2.03,3.77,74.21,44060,2105749,0,1
3.42,2.03,74.09,44097,2105786,0,1
5.26,0.50,73.69,44134,2105821,1,1
3.14,-0.26,74.78,44171,2105860,1,1
0.18,-0.06,76.00,44208,2105894,1,1
-2.48,0.23,77.54,44244,2105931,1,1
-4.54,1.01,77.96,44283,2105968,1,1
-6.82,1.18,76.88,44320,2106005,1,1
-7.83,3.27,73.83,44357,2106042,1,1
-6.27,4.29,69.74,44394,2106081,1,1
-6.98,6.32,68.01,44433,2106118,1,1
-6.47,5.36,68.92,44470,2106155,1,1
-4.82,9.08,69.06,44507,2106191,1,1
-6.10,5.83,69.17,44546,2106228,1,1
-7.54,3.57,68.10,44582,2106265,1,1
-7.11,1.94,66.41,44619,2106304,1,1
-4.76,2.04,63.96,44656,2106341,0,1
-2.02,2.03,61.29,44695,2106380,0,0
-0.15,2.90,59.71,44732,2106417,0,0
1.16,4.51,59.17,44769,2106454,0,0
2.35,5.44,60.06,44806,2106492,0,0
1.64,8.29,61.25,44843,2106529,0,0
-0.14,12.51,62.93,44879,2106568,0,0
-1.26,16.90,63.69,44916,2106605,0,0
-3.04,19.98,62.98,44955,2106640,0,0
-4.36,15.55,62.01,44994,2106677,0,0
-0.62,13.86,60.80,45033,2106716,0,0
2.95,13.55,58.69,45072,2106753,0,0
2.26,13.79,54.58,45109,2106791,0,0
0.36,15.61,50.25,45146,2106830,0,0
-1.72,15.30,44.73,45182,2106867,1,0
-3.18,14.43,38.63,45221,2106906,1,0
-4.28,13.72,32.74,45260,2106945,1,0
-4.11,14.65,26.40,45299,2106982,1,0
-3.00,14.79,21.75,45338,2107021,1,0
-2.09,15.49,18.42,45375,2107060,1,0
-3.29,17.06,15.19,45414,2107097,1,0
-2.77,12.40,9.15,45453,2107136,1,0
-6.69,9.42,1.35,45490,2107174,1,0
-7.69,6.61,-4.95,45527,2107213,1,0
-7.04,7.43,-12.34,45563,2107252,1,0
-6.22,5.73,-20.31,45602,2107291,1,0
-6.06,4.75,-28.16,45641,2107328,1,0
-5.23,3.38,-34.66,45680,2107365,1,0
-4.19,2.76,-39.61,45717,2107402,0,0
-4.50,2.41,-43.03,45756,2107439,0,0
-5.70,2.33,-44.98,45795,2107478,0,0
-6.74,3.56,-46.39,45834,2107516,0,0
-8.32,5.72,-47.67,45873,2107555,0,0
-9.58,8.30,-47.62,45910,2107594,0,0
-7.61,7.30,-51.11,45948,2107631,0,0
-7.65,4.56,-52.22,45987,2107670,0,0
-8.48,3.63,-53.63,46026,2107709,0,0
-8.89,3.32,-54.29,46065,2107748,0,0
-9.84,1.89,-54.65,46102,2107789,0,0
-11.84,1.24,-54.64,46141,2107826,0,0
-14.16,0.93,-55.51,46180,2107865,0,0
-16.25,1.03,-56.55,46221,2107901,1,0
-17.01,2.27,-57.67,46260,2107940,1,0
-17.89,4.15,-58.04,46299,2107979,1,0
-19.34,6.25,-57.84,46340,2108020,1,0
-20.76,7.04,-57.99,46379,2108059,1,0
-19.76,6.29,-57.58,46417,2108098,1,0
-20.17,8.73,-58.77,46456,2108137,1,0
-21.29,7.22,-58.52,46497,2108178,1,0
-21.49,6.42,-56.94,46536,2108219,1,0
-23.33,6.25,-56.28,46575,2108258,1,0
-21.06,6.06,-56.40,46616,2108297,1,0
-19.52,5.85,-55.99,46655,2108336,1,0
-19.28,6.93,-55.58,46694,2108377,1,0
-18.53,7.18,-55.05,46735,2108416,0,0
-17.73,10.11,-53.25,46774,2108456,0,0
-17.23,12.42,-49.39,46815,2108495,0,0
-17.79,14.06,-46.18,46854,2108534,0,0
-18.84,16.32,-44.07,46895,2108573,0,0
-19.99,16.36,-41.63,46936,2108614,0,0
-18.29,15.64,-43.81,46977,2108655,0,0
-16.80,13.23,-42.58,47017,2108696,0,0
-16.54,11.35,-41.83,47056,2108737,0,0
-15.40,11.11,-39.79,47097,2108776,0,0
-17.20,11.27,-39.10,47138,2108817,0,0
-19.13,10.62,-38.74,47179,2108858,0,0
-20.73,11.65,-38.55,47220,2108899,0,0
-22.87,11.61,-39.28,47261,2108940,1,0
-24.54,12.57,-41.97,47300,2108979,1,0
-24.77,14.30,-45.69,47341,2109022,1,0
-25.03,13.21,-47.40,47382,2109063,1,0
-24.64,13.64,-46.67,47423,2109102,1,0
-26.34,16.68,-47.60,47464,2109143,1,0
-26.96,12.65,-46.19,47503,2109184,1,0
-27.49,8.93,-46.86,47544,2109224,1,0
-28.58,5.59,-49.61,47583,2109265,1,0
-27.00,2.65,-53.44,47624,2109304,1,0
-26.04,-0.02,-57.79,47663,2109347,1,0
-25.69,-1.96,-62.12,47704,2109386,1,1
-24.94,-3.01,-65.90,47745,2109425,1,1
-24.44,-3.61,-66.38,47783,2109466,0,1
-26.35,-2.45,-67.27,47824,2109505,0,1
-29.72,-1.48,-69.86,47865,2109546,0,1
-27.01,-7.06,-74.88,47906,2109587,0,1
-26.42,-10.45,-79.90,47947,2109628,0,1
-26.34,-13.04,-85.33,47988,2109669,0,1
-26.95,-16.91,-89.48,48029,2109708,0,1
-28.23,-21.72,-95.44,48072,2109749,0,1
-27.21,-25.68,-104.80,48113,2109790,0,1
-25.26,-29.96,-115.19,48156,2109833,0,1
-19.44,-34.76,-127.67,48199,2109874,0,1
-13.47,-39.47,-139.35,48240,2109917,0,1
-10.15,-42.19,-147.76,48283,2109958,0,1
-7.64,-45.18,-154.94,48326,2109999,1,1
-5.87,-50.37,-166.02,48367,2110085,1,1
-5.58,-51.21,-168.14,48410,2110103,1,1
-3.56,-52.44,-176.26,48451,2110171,1,1
-3.29,-52.17,-177.87,48492,2110187,1,1
-3.29,-50.85,179.86,48535,2110214,1,1
-2.81,-47.80,175.51,48574,2110255,1,1
-2.51,-39.74,173.14,48615,2110296,1,1
-2.79,-34.32,171.51,48656,2110337,1,1
-4.19,-26.52,170.29,48697,2110380,1,1
-4.33,-22.09,167.63,48738,2110420,1,1
-3.20,-22.02,166.04,48777,2110461,1,1
-3.13,-17.90,163.44,48818,2110500,0,1
-3.38,-15.97,161.58,48859,2110541,0,1
-3.63,-14.47,159.58,48900,2110582,0,1
-3.83,-14.03,157.72,48941,2110623,0,1
-4.09,-13.91,155.81,48979,2110664,0,1
-4.34,-13.79,153.98,49020,2110705,0,1
-4.56,-13.39,152.29,49061,2110744,0,1
-4.73,-12.90,150.64,49102,2110785,0,1
-4.85,-12.52,148.90,49143,2110826,0,1
-4.91,-12.27,147.12,49182,2110867,0,1
-4.88,-12.35,145.15,49223,2110908,0,1
-4.83,-12.31,143.19,49264,2110949,0,1
-4.79,-12.34,141.20,49305,2110990,0,1
-4.77,-12.05,139.17,49346,2111031,1,1
-4.74,-11.59,137.09,49385,2111072,1,1
-4.71,-11.26,134.94,49426,2111111,1,1
-4.63,-10.89,132.87,49467,2111152,1,1
-4.51,-10.64,130.69,49508,2111193,1,1
-4.36,-10.36,128.40,49549,2111234,1,1
-4.16,-10.00,125.97,49590,2111275,1,1
-3.96,-9.62,123.43,49629,2111313,1,1
-3.79,-9.20,120.85,49670,2111354,1,1
-3.43,-8.12,115.41,49709,2111438,1,1
-3.33,-7.90,114.30,49747,2111455,1,1
-3.19,-7.63,112.83,49788,2111477,1,1
-2.97,-7.27,109.99,49827,2111516,1,1
-2.76,-6.87,107.23,49866,2111555,0,1
-2.62,-6.36,104.41,49905,2111596,0,1
-2.43,-5.90,101.70,49946,2111635,0,1
-2.21,-5.40,98.92,49985,2111676,0,1
-1.98,-4.91,96.20,50024,2111715,0,1
-1.74,-4.37,93.69,50063,2111754,0,1
-1.48,-3.79,91.20,50100,2111795,0,1
-1.25,-3.28,88.90,50139,2111834,0,1
-1.13,-2.66,86.73,50178,2111873,0,1
-1.03,-1.99,84.71,50216,2111911,0,1
-0.95,-1.68,82.92,50255,2111948,0,1
-0.94,-1.48,81.41,50292,2111987,0,1
-0.92,-1.34,80.10,50331,2112026,0,1
-0.86,-1.22,78.96,50370,2112065,1,1
-0.83,-1.07,77.98,50409,2112104,1,1
-0.79,-0.97,77.12,50446,2112143,1,1
-0.75,-0.75,76.42,50485,2112182,1,1
-0.69,-0.70,75.79,50524,2112221,1,1
-0.63,-0.55,75.19,50563,2112260,1,1
-0.62,-0.35,74.65,50601,2112296,1,1
-0.64,-0.15,74.21,50638,2112335,1,1
-0.67,0.03,73.80,50677,2112374,1,1
-0.70,0.11,73.42,50714,2112413,1,0
-0.77,0.23,73.12,50753,2112450,1,0
-0.76,0.30,72.82,50790,2112489,1,0
-0.75,0.28,72.58,50827,2112528,1,0
-0.71,0.25,72.39,50866,2112567,0,0
-0.72,0.21,72.22,50903,2112604,0,0
-0.70,0.19,72.08,50939,2112641,0,0
-0.69,0.22,71.94,50976,2112679,0,0
-0.70,0.24,71.85,51015,2112716,0,0
-0.71,0.24,71.75,51052,2112755,0,0
-0.68,0.24,71.66,51089,2112792,0,0
-0.65,0.24,71.57,51128,2112829,0,0
-0.64,0.20,71.54,51165,2112868,0,0
-0.65,0.18,71.50,51202,2112905,0,0
-0.71,0.20,71.43,51238,2112942,0,0
-0.72,0.24,71.41,51277,2112980,0,0
-0.71,0.24,71.36,51314,2113017,0,0
-0.71,0.25,71.33,51351,2113054,0,0
-0.67,0.31,71.28,51390,2113093,1,0
-0.66,0.29,71.24,51427,2113130,1,0
-0.70,0.28,71.18,51464,2113167,1,0
-0.72,0.25,71.16,51501,2113204,1,0
-0.69,0.30,71.12,51539,2113241,1,0
-0.68,0.26,71.05,51576,2113280,1,0
-0.69,0.29,71.01,51613,2113316,1,0
-0.71,0.30,70.99,51652,2113353,1,0
-0.70,0.31,70.98,51689,2113390,1,0
-0.69,0.30,70.95,51726,2113429,1,0
-0.67,0.29,70.93,51763,2113466,1,0
-0.66,0.25,70.92,51802,2113503,1,0
-0.64,0.24,70.91,51838,2113542,1,0
-0.64,0.23,70.88,51875,2113579,1,0
-0.62,0.25,70.85,51912,2113615,0,0
-0.61,0.24,70.82,51951,2113654,0,0
-0.62,0.21,70.81,51988,2113691,0,0
-0.62,0.21,70.79,52025,2113728,0,0
-0.63,0.24,70.83,52064,2113767,0,0
-0.64,0.26,70.82,52101,2113804,0,0
-0.62,0.27,70.84,52137,2113841,0,0
-0.61,0.27,70.83,52174,2113880,0,0
-0.62,0.29,70.82,52213,2113916,0,0
-0.63,0.24,70.79,52250,2113953,0,0
-0.64,0.25,70.80,52287,2113992,0,0
-0.65,0.27,70.81,52326,2114029,0,0
-0.65,0.28,70.81,52363,2114066,0,0
-0.67,0.29,70.79,52400,2114105,0,0
-0.68,0.27,70.75,52436,2114142,1,0
-0.68,0.23,70.79,52475,2114179,1,0
-0.66,0.19,70.83,52512,2114217,1,0
-0.64,0.19,70.88,52549,2114254,1,0
-0.60,0.21,70.91,52588,2114291,1,0
-0.56,0.18,70.98,52625,2114330,1,0
-0.56,0.16,71.03,52662,2114367,1,0
-0.53,0.06,71.01,52699,2114404,1,0
-0.50,0.08,71.04,52738,2114443,1,0
-0.49,0.10,71.06,52774,2114480,1,0
-0.46,0.11,71.08,52811,2114516,1,0
-0.43,0.07,71.09,52850,2114555,1,0
-0.44,0.08,71.13,52887,2114592,1,0
-0.43,0.08,71.15,52924,2114629,1,0
-0.43,0.04,71.16,52961,2114668,0,0
-0.45,0.02,71.17,53000,2114705,0,0
-0.43,-0.02,71.15,53037,2114742,0,0
-0.44,-0.01,71.18,53075,2114781,0,0
-0.42,-0.02,71.17,53112,2114818,0,0
-0.43,0.02,71.17,53151,2114854,0,0
-0.44,0.00,71.17,53190,2114893,0,0
-0.43,-0.03,71.17,53227,2114932,0,0
-0.45,-0.04,71.18,53266,2114971,0,0
-0.47,-0.08,71.20,53303,2115010,0,0
-0.46,-0.06,71.18,53342,2115047,0,0
-0.50,-0.05,71.22,53381,2115084,0,0
-0.44,-0.02,71.21,53420,2115123,0,0
-0.42,-0.01,71.17,53458,2115162,0,0
-0.43,-0.02,71.14,53495,2115198,1,0
-0.44,-0.00,71.14,53534,2115237,1,0
-0.44,-0.00,71.12,53573,2115276,1,0
-0.44,-0.03,71.12,53612,2115315,1,0
-0.46,-0.03,71.09,53651,2115354,1,0
-0.44,0.00,71.10,53688,2115393,1,0
-0.45,-0.01,71.09,53727,2115432,1,1
-0.41,0.06,71.16,53764,2115471,1,1
-0.39,0.02,71.16,53803,2115508,1,1
-0.42,0.03,71.16,53839,2115547,1,1
-0.41,0.05,71.14,53876,2115584,1,1
-0.44,0.03,71.13,53915,2115622,1,1
-0.44,0.04,71.13,53952,2115659,1,1
-0.48,0.01,71.14,53989,2115698,1,1
-0.48,-0.02,71.13,54026,2115735,0,1
-0.46,0.01,71.13,54065,2115772,0,1
-0.46,0.03,71.14,54102,2115811,0,1
-0.45,0.02,71.14,54140,2115848,0,1
-0.47,-0.02,71.10,54177,2115885,0,1
-0.45,-0.04,71.10,54216,2115923,0,1
-0.43,-0.03,71.09,54255,2115962,0,1
-0.44,-0.03,71.09,54292,2115999,0,1
-0.45,-0.04,71.12,54331,2116036,0,1
-0.47,-0.04,71.10,54370,2116075,0,1
-0.46,-0.06,71.10,54409,2116114,0,1
-0.44,-0.10,71.14,54448,2116153,0,1
-0.38,-0.40,71.13,54484,2116192,0,1
-0.42,-0.04,71.12,54523,2116231,0,1
-0.52,0.64,71.14,54562,2116268,1,1
-0.62,1.60,71.20,54599,2116306,1,1
-0.71,1.88,71.36,54636,2116345,1,1
-0.40,1.20,71.84,54675,2116384,1,1
0.05,-0.01,72.01,54712,2116423,1,1
0.03,0.14,71.42,54749,2116460,1,1
-0.17,-5.44,73.10,54786,2116497,1,1
0.16,-9.17,73.73,54824,2116536,1,1
-0.85,-11.32,73.72,54861,2116573,1,1
-1.48,-14.23,73.67,54900,2116610,1,1
-1.19,-18.29,73.40,54941,2116646,1,1
-0.49,-22.26,73.04,54980,2116685,1,1
0.92,-24.85,72.39,55019,2116722,1,1
1.34,-26.53,72.59,55058,2116761,1,1
2.57,-28.52,72.50,55097,2116802,0,1
2.77,-27.04,73.23,55136,2116841,0,1
0.94,-25.36,74.09,55173,2116882,0,1
-0.75,-24.07,74.07,55212,2116921,0,1
-0.63,-21.46,72.99,55252,2116958,0,1
0.25,-18.75,71.76,55291,2116997,0,1
1.66,-17.64,70.80,55330,2117036,0,1
2.57,-18.07,70.91,55367,2117074,0,1
3.43,-18.46,72.27,55406,2117113,0,1
1.05,-15.89,75.55,55445,2117154,0,1
-1.48,-12.63,78.17,55484,2117193,0,1
-3.96,-10.81,79.63,55523,2117232,0,1
-5.16,-8.09,79.79,55562,2117269,0,1
-7.57,-5.14,79.90,55601,2117308,1,1
-8.18,-5.16,79.00,55640,2117347,1,1
-7.07,-3.47,77.69,55678,2117386,1,1
-5.38,-4.55,76.86,55717,2117427,1,1
-5.04,-3.97,77.60,55754,2117466,1,1
-7.23,-3.24,77.52,55793,2117505,1,1
-7.86,-3.60,75.58,55832,2117541,1,1
-5.44,-1.27,73.09,55871,2117580,1,1
-3.44,1.87,71.52,55908,2117619,1,1
-0.92,3.66,70.32,55947,2117658,1,1
1.58,5.57,69.82,55984,2117697,1,1
3.57,7.27,71.36,56020,2117736,1,1
1.84,9.66,74.21,56057,2117773,1,1
-0.41,11.65,75.53,56092,2117810,0,1
-2.36,10.24,75.41,56131,2117849,0,1
0.67,8.92,74.10,56170,2117885,0,1
2.11,7.19,73.90,56207,2117922,0,1
2.46,4.64,74.31,56242,2117959,0,1
2.04,5.56,73.69,56279,2117996,0,1
-0.12,4.55,74.11,56315,2118035,0,1
-2.72,4.53,73.63,56352,2118070,0,1
-4.86,5.67,72.88,56391,2118107,0,1
-7.17,6.35,71.62,56428,2118144,0,1
-9.31,5.78,69.45,56465,2118180,0,1
-8.75,7.44,66.60,56502,2118217,0,1
-7.48,8.79,64.18,56541,2118256,0,1
-8.39,11.64,63.72,56578,2118293,0,1
-7.94,11.12,62.16,56616,2118330,1,1
-6.12,11.36,62.95,56655,2118369,1,1
-8.80,10.61,62.35,56692,2118406,1,1
-9.43,7.13,61.69,56731,2118443,1,0
-7.28,7.87,60.33,56768,2118481,1,0
-4.35,7.47,58.91,56807,2118520,1,0
-2.15,8.45,57.64,56844,2118559,1,0
-0.44,9.75,56.82,56881,2118598,1,0
0.68,11.21,57.32,56920,2118635,1,0
1.22,13.00,59.86,56956,2118676,1,0
-0.81,13.91,61.48,56993,2118711,1,0
-3.73,16.73,61.83,57032,2118748,1,0
-5.76,16.56,61.54,57071,2118787,1,0
-6.05,11.74,59.07,57110,2118823,1,0
-4.92,9.32,59.11,57147,2118860,0,0
-3.47,7.16,56.74,57186,2118899,0,0
-4.24,6.48,52.71,57223,2118938,0,0
-6.04,6.96,47.98,57260,2118975,0,0
-8.63,7.24,41.41,57296,2119014,0,0
-10.01,7.87,34.48,57335,2119053,0,0
-10.18,8.25,27.42,57372,2119090,0,0
-10.38,10.00,19.65,57411,2119127,0,0
-9.95,11.86,12.32,57452,2119165,0,0
-8.65,12.18,7.34,57489,2119202,0,0
-8.31,14.32,3.96,57528,2119241,0,0
-7.58,8.13,-3.10,57565,2119282,0,0
-9.84,4.63,-7.05,57602,2119321,0,0
-12.01,5.19,-12.26,57638,2119358,0,0
-12.30,4.28,-17.90,57679,2119395,1,0
-9.60,0.59,-30.65,57718,2119477,1,0
-8.86,-0.80,-34.02,57757,2119497,1,0
-8.17,-1.22,-37.54,57796,2119522,1,0
-7.68,-1.14,-40.56,57835,2119546,1,0
-8.12,-0.51,-49.04,57876,2119630,1,0
-8.32,-0.39,-50.47,57915,2119647,1,0
-8.32,-0.75,-51.72,57954,2119665,1,0
-9.47,1.18,-53.47,57995,2119706,1,0
-10.26,2.85,-54.36,58032,2119743,1,0
-9.96,1.79,-55.50,58073,2119784,1,0
-11.67,1.23,-57.02,58112,2119825,1,0
-10.96,-0.19,-59.90,58150,2119864,1,0
-11.71,-0.61,-62.47,58191,2119903,0,0
-12.61,-1.74,-63.62,58230,2119942,0,0
-13.62,-1.08,-64.52,58271,2119981,0,0
-17.76,-0.39,-64.45,58312,2120062,0,0
-18.74,-0.31,-64.03,58353,2120079,0,0
-19.45,0.19,-63.48,58394,2120101,0,0
-20.41,1.37,-62.73,58433,2120140,0,0
-20.75,3.52,-62.73,58472,2120183,0,0
-21.87,5.80,-63.28,58513,2120224,0,0
-22.59,10.55,-63.67,58552,2120263,0,0
-23.21,11.07,-65.52,58593,2120302,0,0
-23.38,9.80,-64.57,58632,2120343,0,0
-24.44,9.10,-65.39,58673,2120384,0,0
-25.75,7.72,-64.75,58712,2120423,1,0
-24.99,7.50,-65.03,58750,2120462,1,0
-23.13,8.06,-65.37,58791,2120503,1,0
-21.88,8.64,-65.54,58830,2120544,1,0
-20.93,9.06,-65.14,58869,2120585,1,0
-20.16,10.50,-63.01,58910,2120622,1,0
-21.43,12.00,-59.55,58949,2120663,1,0
-23.24,14.46,-56.80,58990,2120701,1,0
-23.69,17.60,-54.40,59031,2120742,1,0
-25.18,20.27,-53.29,59072,2120781,1,0
-25.27,17.55,-48.61,59113,2120822,1,0
-20.74,19.08,-50.06,59152,2120863,1,0
-20.23,16.47,-50.10,59193,2120902,1,0
-20.06,13.94,-50.74,59234,2120943,0,0
-18.73,12.80,-50.29,59275,2120984,0,0
-20.15,12.28,-52.04,59316,2121025,0,0
-22.32,12.28,-54.39,59355,2121066,0,0
-24.02,12.57,-56.39,59396,2121107,0,0
-26.33,13.24,-59.19,59437,2121148,0,0
-26.08,11.83,-62.15,59478,2121189,0,0
-24.53,12.53,-66.06,59518,2121228,0,0
-23.67,12.22,-69.01,59557,2121269,0,0
-24.33,12.34,-70.85,59598,2121310,0,0
-26.41,12.43,-72.46,59639,2121351,0,0
-25.86,8.15,-74.48,59680,2121390,0,0
-26.05,2.72,-76.02,59719,2121433,0,0
-28.05,-2.07,-80.07,59758,2121474,1,1
-28.76,-6.65,-87.02,59799,2121512,1,1
-25.95,-11.74,-96.77,59840,2121553,1,1
-21.67,-17.07,-106.94,59881,2121594,1,1
-17.88,-19.15,-116.30,59924,2121633,1,1
-13.80,-21.39,-125.60,59967,2121674,1,1
-12.11,-22.42,-134.42,60010,2121715,1,1
-11.31,-24.48,-143.46,60053,2121756,1,1
79,2060003,0,00.59,-1.99,70.91,6
